Log file open, 10/26/19 10:48:11
LogWindows: Failed to load 'aqProf.dll' (GetLastError=126)
LogWindows: File 'aqProf.dll' does not exist
LogWindows: Failed to load 'VtuneApi.dll' (GetLastError=126)
LogWindows: File 'VtuneApi.dll' does not exist
LogWindows: Failed to load 'VtuneApi32e.dll' (GetLastError=126)
LogWindows: File 'VtuneApi32e.dll' does not exist
LogConsoleResponse: Display: Failed to find resolution value strings in scalability ini. Falling back to default.
LogInit: Display: Running engine for game: Labyrinth
LogPakFile: Registered encryption key '00000000000000000000000000000000': 0 pak files mounted, 0 remain pending
LogPlatformFile: Not using cached read wrapper
LogTaskGraph: Started task graph with 5 named threads and 23 total threads with 3 sets of task threads.
LogStats: Stats thread started at 0.281970
LogD3D11RHI: Loaded GFSDK_Aftermath_Lib.x64.dll
LogICUInternationalization: ICU TimeZone Detection - Raw Offset: -8:00, Platform Override: ''
LogPluginManager: Mounting plugin Paper2D
LogPluginManager: Mounting plugin AISupport
LogPluginManager: Mounting plugin LightPropagationVolume
LogPluginManager: Mounting plugin ActorLayerUtilities
LogPluginManager: Mounting plugin AnimationSharing
LogPluginManager: Mounting plugin CLionSourceCodeAccess
LogPluginManager: Mounting plugin CodeLiteSourceCodeAccess
LogPluginManager: Mounting plugin GitSourceControl
LogPluginManager: Mounting plugin KDevelopSourceCodeAccess
LogPluginManager: Mounting plugin NullSourceCodeAccess
LogPluginManager: Mounting plugin PerforceSourceControl
LogPluginManager: Mounting plugin SubversionSourceControl
LogPluginManager: Mounting plugin UObjectPlugin
LogPluginManager: Mounting plugin VisualStudioCodeSourceCodeAccess
LogPluginManager: Mounting plugin VisualStudioSourceCodeAccess
LogPluginManager: Mounting plugin XCodeSourceCodeAccess
LogPluginManager: Mounting plugin AssetManagerEditor
LogPluginManager: Mounting plugin CryptoKeys
LogPluginManager: Mounting plugin DataValidation
LogPluginManager: Mounting plugin FacialAnimation
LogPluginManager: Mounting plugin GameplayTagsEditor
LogPluginManager: Mounting plugin MacGraphicsSwitching
LogPluginManager: Mounting plugin MaterialAnalyzer
LogPluginManager: Mounting plugin MobileLauncherProfileWizard
LogPluginManager: Mounting plugin PluginBrowser
LogPluginManager: Mounting plugin SpeedTreeImporter
LogPluginManager: Mounting plugin DatasmithContent
LogPluginManager: Mounting plugin VariantManagerContent
LogPluginManager: Mounting plugin AlembicImporter
LogPluginManager: Mounting plugin AppleImageUtils
LogPluginManager: Mounting plugin AppleVision
LogPluginManager: Mounting plugin BackChannel
LogPluginManager: Mounting plugin CharacterAI
LogPluginManager: Mounting plugin GeometryCache
LogPluginManager: Mounting plugin HTML5Networking
LogPluginManager: Mounting plugin ProxyLODPlugin
LogPluginManager: Mounting plugin SkeletalReduction
LogPluginManager: Mounting plugin MagicLeap
LogPluginManager: Mounting plugin MagicLeapMedia
LogPluginManager: Mounting plugin AndroidMedia
LogPluginManager: Mounting plugin AvfMedia
LogPluginManager: Mounting plugin ImgMedia
LogPluginManager: Mounting plugin LinearTimecode
LogPluginManager: Mounting plugin MediaCompositing
LogPluginManager: Mounting plugin MediaPlayerEditor
LogPluginManager: Mounting plugin WebMMedia
LogPluginManager: Mounting plugin WmfMedia
LogPluginManager: Mounting plugin TcpMessaging
LogPluginManager: Mounting plugin UdpMessaging
LogPluginManager: Mounting plugin ActorSequence
LogPluginManager: Mounting plugin LevelSequenceEditor
LogPluginManager: Mounting plugin MatineeToLevelSequence
LogPluginManager: Mounting plugin NetcodeUnitTest
LogPluginManager: Mounting plugin NUTUnrealEngine4
LogPluginManager: Mounting plugin OnlineSubsystemGooglePlay
LogPluginManager: Mounting plugin OnlineSubsystemIOS
LogPluginManager: Mounting plugin OnlineSubsystem
LogPluginManager: Mounting plugin OnlineSubsystemNull
LogPluginManager: Mounting plugin OnlineSubsystemUtils
LogPluginManager: Mounting plugin LauncherChunkInstaller
LogPluginManager: Mounting plugin AndroidDeviceProfileSelector
LogPluginManager: Mounting plugin AndroidMoviePlayer
LogPluginManager: Mounting plugin AndroidPermission
LogPluginManager: Mounting plugin AppleMoviePlayer
LogPluginManager: Mounting plugin ArchVisCharacter
LogPluginManager: Mounting plugin AudioCapture
LogPluginManager: Mounting plugin CableComponent
LogPluginManager: Mounting plugin CustomMeshComponent
LogPluginManager: Mounting plugin EditableMesh
LogPluginManager: Mounting plugin ExampleDeviceProfileSelector
LogPluginManager: Mounting plugin Firebase
LogPluginManager: Mounting plugin GoogleCloudMessaging
LogPluginManager: Mounting plugin IOSDeviceProfileSelector
LogPluginManager: Mounting plugin LinuxDeviceProfileSelector
LogPluginManager: Mounting plugin LocationServicesBPLibrary
LogPluginManager: Mounting plugin MobilePatchingUtils
LogPluginManager: Mounting plugin OculusVR
LogPluginManager: Mounting plugin PhysXVehicles
LogPluginManager: Mounting plugin ProceduralMeshComponent
LogPluginManager: Mounting plugin RuntimePhysXCooking
LogPluginManager: Mounting plugin SignificanceManager
LogPluginManager: Mounting plugin SteamVR
LogPluginManager: Mounting plugin WebMMoviePlayer
LogPluginManager: Mounting plugin WindowsMoviePlayer
LogInit: Using libcurl 7.55.1-DEV
LogInit:  - built for x86_64-pc-win32
LogInit:  - supports SSL with OpenSSL/1.1.1
LogInit:  - supports HTTP deflate (compression) using libz 1.2.8
LogInit:  - other features:
LogInit:      CURL_VERSION_SSL
LogInit:      CURL_VERSION_LIBZ
LogInit:      CURL_VERSION_IPV6
LogInit:      CURL_VERSION_ASYNCHDNS
LogInit:      CURL_VERSION_LARGEFILE
LogInit:      CURL_VERSION_IDN
LogInit:  CurlRequestOptions (configurable via config and command line):
LogInit:  - bVerifyPeer = true  - Libcurl will verify peer certificate
LogInit:  - bUseHttpProxy = false  - Libcurl will NOT use HTTP proxy
LogInit:  - bDontReuseConnections = false  - Libcurl will reuse connections
LogInit:  - MaxHostConnections = 16  - Libcurl will limit the number of connections to a host
LogInit:  - LocalHostAddr = Default
LogInit:  - BufferSize = 65536
LogInit: WinSock: version 1.1 (2.2), MaxSocks=32767, MaxUdp=65467
LogInit: Build: ++UE4+Release-4.22-CL-7053642
LogInit: Engine Version: 4.22.3-7053642+++UE4+Release-4.22
LogInit: Compatible Engine Version: 4.22.0-5660361+++UE4+Release-4.22
LogInit: Net CL: 5660361
LogInit: OS: Windows 10 (Release 1903) (), CPU: Intel(R) Core(TM) i7-7820HQ CPU @ 2.90GHz, GPU: Radeon Pro 560
LogInit: Compiled (64-bit): Jun 18 2019 03:09:11
LogInit: Compiled with Visual C++: 19.16.27025.01
LogInit: Build Configuration: Development
LogInit: Branch Name: ++UE4+Release-4.22
LogInit: Command Line:  /Game/HorrorEngine/Maps/Demonstration -game -PIEVIACONSOLE -ResX=1280 -ResY=720 -Multiprocess -messaging -SessionName="Play in Standalone Game" -windowed
LogInit: Base Directory: C:/Program Files/Epic Games/UE_4.22/Engine/Binaries/Win64/
LogInit: Installed Engine Build: 1
LogDevObjectVersion: Number of dev versions registered: 23
LogDevObjectVersion:   Dev-Blueprints (B0D832E4-1F89-4F0D-ACCF-7EB736FD4AA2): 10
LogDevObjectVersion:   Dev-Build (E1C64328-A22C-4D53-A36C-8E866417BD8C): 0
LogDevObjectVersion:   Dev-Core (375EC13C-06E4-48FB-B500-84F0262A717E): 3
LogDevObjectVersion:   Dev-Editor (E4B068ED-F494-42E9-A231-DA0B2E46BB41): 30
LogDevObjectVersion:   Dev-Framework (CFFC743F-43B0-4480-9391-14DF171D2073): 35
LogDevObjectVersion:   Dev-Mobile (B02B49B5-BB20-44E9-A304-32B752E40360): 2
LogDevObjectVersion:   Dev-Networking (A4E4105C-59A1-49B5-A7C5-40C4547EDFEE): 0
LogDevObjectVersion:   Dev-Online (39C831C9-5AE6-47DC-9A44-9C173E1C8E7C): 0
LogDevObjectVersion:   Dev-Physics (78F01B33-EBEA-4F98-B9B4-84EACCB95AA2): 0
LogDevObjectVersion:   Dev-Platform (6631380F-2D4D-43E0-8009-CF276956A95A): 0
LogDevObjectVersion:   Dev-Rendering (12F88B9F-8875-4AFC-A67C-D90C383ABD29): 28
LogDevObjectVersion:   Dev-Sequencer (7B5AE74C-D270-4C10-A958-57980B212A5A): 11
LogDevObjectVersion:   Dev-VR (D7296918-1DD6-4BDD-9DE2-64A83CC13884): 2
LogDevObjectVersion:   Dev-LoadTimes (C2A15278-BFE7-4AFE-6C17-90FF531DF755): 1
LogDevObjectVersion:   Private-Geometry (6EACA3D4-40EC-4CC1-B786-8BED09428FC5): 3
LogDevObjectVersion:   Dev-AnimPhys (29E575DD-E0A3-4627-9D10-D276232CDCEA): 17
LogDevObjectVersion:   Dev-Anim (AF43A65D-7FD3-4947-9873-3E8ED9C1BB05): 2
LogDevObjectVersion:   Dev-ReflectionCapture (6B266CEC-1EC7-4B8F-A30B-E4D90942FC07): 1
LogDevObjectVersion:   Dev-Automation (0DF73D61-A23F-47EA-B727-89E90C41499A): 1
LogDevObjectVersion:   FortniteMain (601D1886-AC64-4F84-AA16-D3DE0DEAC7D6): 25
LogDevObjectVersion:   Dev-Enterprise (9DFFBCD6-494F-0158-E221-12823C92A888): 6
LogDevObjectVersion:   Dev-Niagara (F2AED0AC-9AFE-416F-8664-AA7FFA26D6FC): 1
LogDevObjectVersion:   Dev-Destruction (174F1F0B-B4C6-45A5-B13F-2EE8D0FB917D): 2
LogInit: Presizing for max 16777216 objects, including 0 objects not considered by GC, pre-allocating 0 bytes for permanent pool.
LogInit: Object subsystem initialized
LogConfig: Setting CVar [[con.DebugEarlyDefault:1]]
LogConfig: Setting CVar [[r.setres:1280x720]]
[2019.10.26-17.48.11:446][  0]LogConfig: Setting CVar [[con.DebugEarlyDefault:1]]
[2019.10.26-17.48.11:446][  0]LogConfig: Setting CVar [[r.setres:1280x720]]
[2019.10.26-17.48.11:446][  0]LogConfig: Applying CVar settings from Section [/Script/Engine.RendererSettings] File [C:/Users/Eric/Documents/Unreal Projects/Labyrinth/Saved/Config/Windows/Engine.ini]
[2019.10.26-17.48.11:446][  0]LogConfig: Setting CVar [[r.GPUCrashDebugging:0]]
[2019.10.26-17.48.11:446][  0]LogConfig: Setting CVar [[r.ReflectionCaptureResolution:128]]
[2019.10.26-17.48.11:446][  0]LogConfig: Setting CVar [[r.ReflectionEnvironmentLightmapMixBasedOnRoughness:1]]
[2019.10.26-17.48.11:447][  0]LogConfig: Setting CVar [[r.AllowOcclusionQueries:1]]
[2019.10.26-17.48.11:447][  0]LogConfig: Setting CVar [[r.TextureStreaming:1]]
[2019.10.26-17.48.11:447][  0]LogConfig: Setting CVar [[r.NormalMapsForStaticLighting:1]]
[2019.10.26-17.48.11:447][  0]LogConfig: Applying CVar settings from Section [/Script/Engine.RendererOverrideSettings] File [C:/Users/Eric/Documents/Unreal Projects/Labyrinth/Saved/Config/Windows/Engine.ini]
[2019.10.26-17.48.11:447][  0]LogConfig: Applying CVar settings from Section [/Script/Engine.StreamingSettings] File [C:/Users/Eric/Documents/Unreal Projects/Labyrinth/Saved/Config/Windows/Engine.ini]
[2019.10.26-17.48.11:447][  0]LogConfig: Setting CVar [[s.MinBulkDataSizeForAsyncLoading:131072]]
[2019.10.26-17.48.11:447][  0]LogConfig: Setting CVar [[s.AsyncLoadingThreadEnabled:0]]
[2019.10.26-17.48.11:447][  0]LogConfig: Setting CVar [[s.EventDrivenLoaderEnabled:1]]
[2019.10.26-17.48.11:447][  0]LogConfig: Setting CVar [[s.WarnIfTimeLimitExceeded:0]]
[2019.10.26-17.48.11:447][  0]LogConfig: Setting CVar [[s.TimeLimitExceededMultiplier:1.5]]
[2019.10.26-17.48.11:447][  0]LogConfig: Setting CVar [[s.TimeLimitExceededMinTime:0.005]]
[2019.10.26-17.48.11:447][  0]LogConfig: Setting CVar [[s.UseBackgroundLevelStreaming:1]]
[2019.10.26-17.48.11:447][  0]LogConfig: Setting CVar [[s.PriorityAsyncLoadingExtraTime:15.0]]
[2019.10.26-17.48.11:447][  0]LogConfig: Setting CVar [[s.LevelStreamingActorsUpdateTimeLimit:5.0]]
[2019.10.26-17.48.11:447][  0]LogConfig: Setting CVar [[s.PriorityLevelStreamingActorsUpdateExtraTime:5.0]]
[2019.10.26-17.48.11:447][  0]LogConfig: Setting CVar [[s.LevelStreamingComponentsRegistrationGranularity:10]]
[2019.10.26-17.48.11:447][  0]LogConfig: Setting CVar [[s.UnregisterComponentsTimeLimit:1.0]]
[2019.10.26-17.48.11:447][  0]LogConfig: Setting CVar [[s.LevelStreamingComponentsUnregistrationGranularity:5]]
[2019.10.26-17.48.11:447][  0]LogConfig: Applying CVar settings from Section [/Script/Engine.GarbageCollectionSettings] File [C:/Users/Eric/Documents/Unreal Projects/Labyrinth/Saved/Config/Windows/Engine.ini]
[2019.10.26-17.48.11:447][  0]LogConfig: Setting CVar [[gc.MaxObjectsNotConsideredByGC:1]]
[2019.10.26-17.48.11:447][  0]LogConfig: Setting CVar [[gc.SizeOfPermanentObjectPool:0]]
[2019.10.26-17.48.11:447][  0]LogConfig: Setting CVar [[gc.FlushStreamingOnGC:0]]
[2019.10.26-17.48.11:447][  0]LogConfig: Setting CVar [[gc.NumRetriesBeforeForcingGC:10]]
[2019.10.26-17.48.11:447][  0]LogConfig: Setting CVar [[gc.AllowParallelGC:1]]
[2019.10.26-17.48.11:447][  0]LogConfig: Setting CVar [[gc.TimeBetweenPurgingPendingKillObjects:61.1]]
[2019.10.26-17.48.11:447][  0]LogConfig: Setting CVar [[gc.MaxObjectsInEditor:16777216]]
[2019.10.26-17.48.11:447][  0]LogConfig: Setting CVar [[gc.IncrementalBeginDestroyEnabled:1]]
[2019.10.26-17.48.11:447][  0]LogConfig: Setting CVar [[gc.CreateGCClusters:1]]
[2019.10.26-17.48.11:447][  0]LogConfig: Setting CVar [[gc.MinGCClusterSize:5]]
[2019.10.26-17.48.11:447][  0]LogConfig: Setting CVar [[gc.ActorClusteringEnabled:0]]
[2019.10.26-17.48.11:447][  0]LogConfig: Setting CVar [[gc.BlueprintClusteringEnabled:0]]
[2019.10.26-17.48.11:447][  0]LogConfig: Setting CVar [[gc.UseDisregardForGCOnDedicatedServers:0]]
[2019.10.26-17.48.11:447][  0]LogConfig: Applying CVar settings from Section [/Script/Engine.NetworkSettings] File [C:/Users/Eric/Documents/Unreal Projects/Labyrinth/Saved/Config/Windows/Engine.ini]
[2019.10.26-17.48.11:447][  0]LogConfig: Applying CVar settings from Section [/Script/UnrealEd.CookerSettings] File [C:/Users/Eric/Documents/Unreal Projects/Labyrinth/Saved/Config/Windows/Engine.ini]
[2019.10.26-17.48.11:454][  0]LogConfig: Applying CVar settings from Section [ViewDistanceQuality@3] File [C:/Users/Eric/Documents/Unreal Projects/Labyrinth/Saved/Config/Windows/Scalability.ini]
[2019.10.26-17.48.11:454][  0]LogConfig: Setting CVar [[r.SkeletalMeshLODBias:0]]
[2019.10.26-17.48.11:454][  0]LogConfig: Setting CVar [[r.ViewDistanceScale:1.0]]
[2019.10.26-17.48.11:454][  0]LogConfig: Applying CVar settings from Section [AntiAliasingQuality@3] File [C:/Users/Eric/Documents/Unreal Projects/Labyrinth/Saved/Config/Windows/Scalability.ini]
[2019.10.26-17.48.11:454][  0]LogConfig: Setting CVar [[r.PostProcessAAQuality:4]]
[2019.10.26-17.48.11:454][  0]LogConfig: Applying CVar settings from Section [ShadowQuality@3] File [C:/Users/Eric/Documents/Unreal Projects/Labyrinth/Saved/Config/Windows/Scalability.ini]
[2019.10.26-17.48.11:454][  0]LogConfig: Setting CVar [[r.LightFunctionQuality:1]]
[2019.10.26-17.48.11:454][  0]LogConfig: Setting CVar [[r.ShadowQuality:5]]
[2019.10.26-17.48.11:454][  0]LogConfig: Setting CVar [[r.Shadow.CSM.MaxCascades:10]]
[2019.10.26-17.48.11:454][  0]LogConfig: Setting CVar [[r.Shadow.MaxResolution:2048]]
[2019.10.26-17.48.11:454][  0]LogConfig: Setting CVar [[r.Shadow.MaxCSMResolution:2048]]
[2019.10.26-17.48.11:454][  0]LogConfig: Setting CVar [[r.Shadow.RadiusThreshold:0.01]]
[2019.10.26-17.48.11:454][  0]LogConfig: Setting CVar [[r.Shadow.DistanceScale:1.0]]
[2019.10.26-17.48.11:454][  0]LogConfig: Setting CVar [[r.Shadow.CSM.TransitionScale:1.0]]
[2019.10.26-17.48.11:454][  0]LogConfig: Setting CVar [[r.Shadow.PreShadowResolutionFactor:1.0]]
[2019.10.26-17.48.11:454][  0]LogConfig: Setting CVar [[r.DistanceFieldShadowing:1]]
[2019.10.26-17.48.11:454][  0]LogConfig: Setting CVar [[r.DistanceFieldAO:1]]
[2019.10.26-17.48.11:454][  0]LogConfig: Setting CVar [[r.AOQuality:2]]
[2019.10.26-17.48.11:454][  0]LogConfig: Setting CVar [[r.VolumetricFog:1]]
[2019.10.26-17.48.11:454][  0]LogConfig: Setting CVar [[r.VolumetricFog.GridPixelSize:8]]
[2019.10.26-17.48.11:454][  0]LogConfig: Setting CVar [[r.VolumetricFog.GridSizeZ:128]]
[2019.10.26-17.48.11:454][  0]LogConfig: Setting CVar [[r.VolumetricFog.HistoryMissSupersampleCount:4]]
[2019.10.26-17.48.11:454][  0]LogConfig: Setting CVar [[r.LightMaxDrawDistanceScale:1]]
[2019.10.26-17.48.11:454][  0]LogConfig: Setting CVar [[r.CapsuleShadows:1]]
[2019.10.26-17.48.11:454][  0]LogConfig: Applying CVar settings from Section [PostProcessQuality@3] File [C:/Users/Eric/Documents/Unreal Projects/Labyrinth/Saved/Config/Windows/Scalability.ini]
[2019.10.26-17.48.11:454][  0]LogConfig: Setting CVar [[r.MotionBlurQuality:4]]
[2019.10.26-17.48.11:454][  0]LogConfig: Setting CVar [[r.AmbientOcclusionMipLevelFactor:0.4]]
[2019.10.26-17.48.11:454][  0]LogConfig: Setting CVar [[r.AmbientOcclusionMaxQuality:100]]
[2019.10.26-17.48.11:454][  0]LogConfig: Setting CVar [[r.AmbientOcclusionLevels:-1]]
[2019.10.26-17.48.11:454][  0]LogConfig: Setting CVar [[r.AmbientOcclusionRadiusScale:1.0]]
[2019.10.26-17.48.11:454][  0]LogConfig: Setting CVar [[r.DepthOfFieldQuality:2]]
[2019.10.26-17.48.11:454][  0]LogConfig: Setting CVar [[r.RenderTargetPoolMin:400]]
[2019.10.26-17.48.11:454][  0]LogConfig: Setting CVar [[r.LensFlareQuality:2]]
[2019.10.26-17.48.11:454][  0]LogConfig: Setting CVar [[r.SceneColorFringeQuality:1]]
[2019.10.26-17.48.11:454][  0]LogConfig: Setting CVar [[r.EyeAdaptationQuality:2]]
[2019.10.26-17.48.11:454][  0]LogConfig: Setting CVar [[r.BloomQuality:5]]
[2019.10.26-17.48.11:454][  0]LogConfig: Setting CVar [[r.FastBlurThreshold:100]]
[2019.10.26-17.48.11:454][  0]LogConfig: Setting CVar [[r.Upscale.Quality:3]]
[2019.10.26-17.48.11:454][  0]LogConfig: Setting CVar [[r.Tonemapper.GrainQuantization:1]]
[2019.10.26-17.48.11:454][  0]LogConfig: Setting CVar [[r.LightShaftQuality:1]]
[2019.10.26-17.48.11:454][  0]LogConfig: Setting CVar [[r.Filter.SizeScale:1]]
[2019.10.26-17.48.11:454][  0]LogConfig: Setting CVar [[r.Tonemapper.Quality:5]]
[2019.10.26-17.48.11:454][  0]LogConfig: Setting CVar [[r.DOF.Gather.AccumulatorQuality:1        ; higher gathering accumulator quality]]
[2019.10.26-17.48.11:454][  0]LogConfig: Setting CVar [[r.DOF.Gather.PostfilterMethod:1          ; Median3x3 postfilering method]]
[2019.10.26-17.48.11:454][  0]LogConfig: Setting CVar [[r.DOF.Gather.EnableBokehSettings:0       ; no bokeh simulation when gathering]]
[2019.10.26-17.48.11:454][  0]LogConfig: Setting CVar [[r.DOF.Gather.RingCount:4                 ; medium number of samples when gathering]]
[2019.10.26-17.48.11:454][  0]LogConfig: Setting CVar [[r.DOF.Scatter.ForegroundCompositing:1    ; additive foreground scattering]]
[2019.10.26-17.48.11:454][  0]LogConfig: Setting CVar [[r.DOF.Scatter.BackgroundCompositing:2    ; additive background scattering]]
[2019.10.26-17.48.11:454][  0]LogConfig: Setting CVar [[r.DOF.Scatter.EnableBokehSettings:1      ; bokeh simulation when scattering]]
[2019.10.26-17.48.11:454][  0]LogConfig: Setting CVar [[r.DOF.Scatter.MaxSpriteRatio:0.1         ; only a maximum of 10% of scattered bokeh]]
[2019.10.26-17.48.11:454][  0]LogConfig: Setting CVar [[r.DOF.Recombine.Quality:1                ; cheap slight out of focus]]
[2019.10.26-17.48.11:454][  0]LogConfig: Setting CVar [[r.DOF.Recombine.EnableBokehSettings:0    ; no bokeh simulation on slight out of focus]]
[2019.10.26-17.48.11:454][  0]LogConfig: Setting CVar [[r.DOF.TemporalAAQuality:1                ; more stable temporal accumulation]]
[2019.10.26-17.48.11:454][  0]LogConfig: Setting CVar [[r.DOF.Kernel.MaxForegroundRadius:0.025]]
[2019.10.26-17.48.11:454][  0]LogConfig: Setting CVar [[r.DOF.Kernel.MaxBackgroundRadius:0.025]]
[2019.10.26-17.48.11:454][  0]LogConfig: Applying CVar settings from Section [TextureQuality@3] File [C:/Users/Eric/Documents/Unreal Projects/Labyrinth/Saved/Config/Windows/Scalability.ini]
[2019.10.26-17.48.11:454][  0]LogConfig: Setting CVar [[r.Streaming.MipBias:0]]
[2019.10.26-17.48.11:454][  0]LogConfig: Setting CVar [[r.Streaming.AmortizeCPUToGPUCopy:0]]
[2019.10.26-17.48.11:455][  0]LogConfig: Setting CVar [[r.Streaming.MaxNumTexturesToStreamPerFrame:0]]
[2019.10.26-17.48.11:455][  0]LogConfig: Setting CVar [[r.Streaming.Boost:1]]
[2019.10.26-17.48.11:455][  0]LogConfig: Setting CVar [[r.MaxAnisotropy:8]]
[2019.10.26-17.48.11:455][  0]LogConfig: Setting CVar [[r.Streaming.LimitPoolSizeToVRAM:0]]
[2019.10.26-17.48.11:455][  0]LogConfig: Setting CVar [[r.Streaming.PoolSize:1000]]
[2019.10.26-17.48.11:455][  0]LogConfig: Setting CVar [[r.Streaming.MaxEffectiveScreenSize:0]]
[2019.10.26-17.48.11:455][  0]LogConfig: Applying CVar settings from Section [EffectsQuality@3] File [C:/Users/Eric/Documents/Unreal Projects/Labyrinth/Saved/Config/Windows/Scalability.ini]
[2019.10.26-17.48.11:455][  0]LogConfig: Setting CVar [[r.TranslucencyLightingVolumeDim:64]]
[2019.10.26-17.48.11:455][  0]LogConfig: Setting CVar [[r.RefractionQuality:2]]
[2019.10.26-17.48.11:455][  0]LogConfig: Setting CVar [[r.SSR.Quality:3]]
[2019.10.26-17.48.11:455][  0]LogConfig: Setting CVar [[r.SceneColorFormat:4]]
[2019.10.26-17.48.11:455][  0]LogConfig: Setting CVar [[r.DetailMode:2]]
[2019.10.26-17.48.11:455][  0]LogConfig: Setting CVar [[r.TranslucencyVolumeBlur:1]]
[2019.10.26-17.48.11:455][  0]LogConfig: Setting CVar [[r.MaterialQualityLevel:1 ; High quality]]
[2019.10.26-17.48.11:455][  0]LogConfig: Setting CVar [[r.SSS.Scale:1]]
[2019.10.26-17.48.11:455][  0]LogConfig: Setting CVar [[r.SSS.SampleSet:2]]
[2019.10.26-17.48.11:455][  0]LogConfig: Setting CVar [[r.SSS.Quality:1]]
[2019.10.26-17.48.11:455][  0]LogConfig: Setting CVar [[r.SSS.HalfRes:1]]
[2019.10.26-17.48.11:455][  0]LogConfig: Setting CVar [[r.EmitterSpawnRateScale:1.0]]
[2019.10.26-17.48.11:455][  0]LogConfig: Setting CVar [[r.ParticleLightQuality:2]]
[2019.10.26-17.48.11:455][  0]LogConfig: Applying CVar settings from Section [FoliageQuality@3] File [C:/Users/Eric/Documents/Unreal Projects/Labyrinth/Saved/Config/Windows/Scalability.ini]
[2019.10.26-17.48.11:455][  0]LogConfig: Setting CVar [[foliage.DensityScale:1.0]]
[2019.10.26-17.48.11:455][  0]LogConfig: Setting CVar [[grass.DensityScale:1.0]]
[2019.10.26-17.48.11:455][  0]LogInit: Selected Device Profile: [Windows]
[2019.10.26-17.48.11:455][  0]LogInit: Applying CVar settings loaded from the selected device profile: [Windows]
[2019.10.26-17.48.11:460][  0]LogHAL: Display: Platform has ~ 16 GB [17072091136 / 17179869184 / 16], which maps to Larger [LargestMinGB=32, LargerMinGB=12, DefaultMinGB=8, SmallerMinGB=6, SmallestMinGB=0)
[2019.10.26-17.48.11:460][  0]LogConfig: Setting CVar [[r.Vulkan.UseRealUBs:0		; Required until we fix HLR fall-out]]
[2019.10.26-17.48.11:460][  0]LogInit: Going up to parent DeviceProfile []
[2019.10.26-17.48.11:460][  0]LogConfig: Applying CVar settings from Section [ViewDistanceQuality@3] File [C:/Users/Eric/Documents/Unreal Projects/Labyrinth/Saved/Config/Windows/Scalability.ini]
[2019.10.26-17.48.11:460][  0]LogConfig: Setting CVar [[r.SkeletalMeshLODBias:0]]
[2019.10.26-17.48.11:460][  0]LogConfig: Setting CVar [[r.ViewDistanceScale:1.0]]
[2019.10.26-17.48.11:460][  0]LogConfig: Applying CVar settings from Section [AntiAliasingQuality@3] File [C:/Users/Eric/Documents/Unreal Projects/Labyrinth/Saved/Config/Windows/Scalability.ini]
[2019.10.26-17.48.11:460][  0]LogConfig: Setting CVar [[r.PostProcessAAQuality:4]]
[2019.10.26-17.48.11:460][  0]LogConfig: Applying CVar settings from Section [ShadowQuality@3] File [C:/Users/Eric/Documents/Unreal Projects/Labyrinth/Saved/Config/Windows/Scalability.ini]
[2019.10.26-17.48.11:460][  0]LogConfig: Setting CVar [[r.LightFunctionQuality:1]]
[2019.10.26-17.48.11:460][  0]LogConfig: Setting CVar [[r.ShadowQuality:5]]
[2019.10.26-17.48.11:460][  0]LogConfig: Setting CVar [[r.Shadow.CSM.MaxCascades:10]]
[2019.10.26-17.48.11:460][  0]LogConfig: Setting CVar [[r.Shadow.MaxResolution:2048]]
[2019.10.26-17.48.11:460][  0]LogConfig: Setting CVar [[r.Shadow.MaxCSMResolution:2048]]
[2019.10.26-17.48.11:460][  0]LogConfig: Setting CVar [[r.Shadow.RadiusThreshold:0.01]]
[2019.10.26-17.48.11:460][  0]LogConfig: Setting CVar [[r.Shadow.DistanceScale:1.0]]
[2019.10.26-17.48.11:460][  0]LogConfig: Setting CVar [[r.Shadow.CSM.TransitionScale:1.0]]
[2019.10.26-17.48.11:460][  0]LogConfig: Setting CVar [[r.Shadow.PreShadowResolutionFactor:1.0]]
[2019.10.26-17.48.11:460][  0]LogConfig: Setting CVar [[r.DistanceFieldShadowing:1]]
[2019.10.26-17.48.11:460][  0]LogConfig: Setting CVar [[r.DistanceFieldAO:1]]
[2019.10.26-17.48.11:460][  0]LogConfig: Setting CVar [[r.AOQuality:2]]
[2019.10.26-17.48.11:460][  0]LogConfig: Setting CVar [[r.VolumetricFog:1]]
[2019.10.26-17.48.11:460][  0]LogConfig: Setting CVar [[r.VolumetricFog.GridPixelSize:8]]
[2019.10.26-17.48.11:460][  0]LogConfig: Setting CVar [[r.VolumetricFog.GridSizeZ:128]]
[2019.10.26-17.48.11:460][  0]LogConfig: Setting CVar [[r.VolumetricFog.HistoryMissSupersampleCount:4]]
[2019.10.26-17.48.11:460][  0]LogConfig: Setting CVar [[r.LightMaxDrawDistanceScale:1]]
[2019.10.26-17.48.11:461][  0]LogConfig: Setting CVar [[r.CapsuleShadows:1]]
[2019.10.26-17.48.11:461][  0]LogConfig: Applying CVar settings from Section [PostProcessQuality@3] File [C:/Users/Eric/Documents/Unreal Projects/Labyrinth/Saved/Config/Windows/Scalability.ini]
[2019.10.26-17.48.11:461][  0]LogConfig: Setting CVar [[r.MotionBlurQuality:4]]
[2019.10.26-17.48.11:461][  0]LogConfig: Setting CVar [[r.AmbientOcclusionMipLevelFactor:0.4]]
[2019.10.26-17.48.11:461][  0]LogConfig: Setting CVar [[r.AmbientOcclusionMaxQuality:100]]
[2019.10.26-17.48.11:461][  0]LogConfig: Setting CVar [[r.AmbientOcclusionLevels:-1]]
[2019.10.26-17.48.11:461][  0]LogConfig: Setting CVar [[r.AmbientOcclusionRadiusScale:1.0]]
[2019.10.26-17.48.11:461][  0]LogConfig: Setting CVar [[r.DepthOfFieldQuality:2]]
[2019.10.26-17.48.11:461][  0]LogConfig: Setting CVar [[r.RenderTargetPoolMin:400]]
[2019.10.26-17.48.11:461][  0]LogConfig: Setting CVar [[r.LensFlareQuality:2]]
[2019.10.26-17.48.11:461][  0]LogConfig: Setting CVar [[r.SceneColorFringeQuality:1]]
[2019.10.26-17.48.11:461][  0]LogConfig: Setting CVar [[r.EyeAdaptationQuality:2]]
[2019.10.26-17.48.11:461][  0]LogConfig: Setting CVar [[r.BloomQuality:5]]
[2019.10.26-17.48.11:461][  0]LogConfig: Setting CVar [[r.FastBlurThreshold:100]]
[2019.10.26-17.48.11:461][  0]LogConfig: Setting CVar [[r.Upscale.Quality:3]]
[2019.10.26-17.48.11:461][  0]LogConfig: Setting CVar [[r.Tonemapper.GrainQuantization:1]]
[2019.10.26-17.48.11:461][  0]LogConfig: Setting CVar [[r.LightShaftQuality:1]]
[2019.10.26-17.48.11:461][  0]LogConfig: Setting CVar [[r.Filter.SizeScale:1]]
[2019.10.26-17.48.11:461][  0]LogConfig: Setting CVar [[r.Tonemapper.Quality:5]]
[2019.10.26-17.48.11:461][  0]LogConfig: Setting CVar [[r.DOF.Gather.AccumulatorQuality:1        ; higher gathering accumulator quality]]
[2019.10.26-17.48.11:461][  0]LogConfig: Setting CVar [[r.DOF.Gather.PostfilterMethod:1          ; Median3x3 postfilering method]]
[2019.10.26-17.48.11:461][  0]LogConfig: Setting CVar [[r.DOF.Gather.EnableBokehSettings:0       ; no bokeh simulation when gathering]]
[2019.10.26-17.48.11:461][  0]LogConfig: Setting CVar [[r.DOF.Gather.RingCount:4                 ; medium number of samples when gathering]]
[2019.10.26-17.48.11:461][  0]LogConfig: Setting CVar [[r.DOF.Scatter.ForegroundCompositing:1    ; additive foreground scattering]]
[2019.10.26-17.48.11:461][  0]LogConfig: Setting CVar [[r.DOF.Scatter.BackgroundCompositing:2    ; additive background scattering]]
[2019.10.26-17.48.11:461][  0]LogConfig: Setting CVar [[r.DOF.Scatter.EnableBokehSettings:1      ; bokeh simulation when scattering]]
[2019.10.26-17.48.11:461][  0]LogConfig: Setting CVar [[r.DOF.Scatter.MaxSpriteRatio:0.1         ; only a maximum of 10% of scattered bokeh]]
[2019.10.26-17.48.11:461][  0]LogConfig: Setting CVar [[r.DOF.Recombine.Quality:1                ; cheap slight out of focus]]
[2019.10.26-17.48.11:461][  0]LogConfig: Setting CVar [[r.DOF.Recombine.EnableBokehSettings:0    ; no bokeh simulation on slight out of focus]]
[2019.10.26-17.48.11:461][  0]LogConfig: Setting CVar [[r.DOF.TemporalAAQuality:1                ; more stable temporal accumulation]]
[2019.10.26-17.48.11:461][  0]LogConfig: Setting CVar [[r.DOF.Kernel.MaxForegroundRadius:0.025]]
[2019.10.26-17.48.11:461][  0]LogConfig: Setting CVar [[r.DOF.Kernel.MaxBackgroundRadius:0.025]]
[2019.10.26-17.48.11:461][  0]LogConfig: Applying CVar settings from Section [TextureQuality@3] File [C:/Users/Eric/Documents/Unreal Projects/Labyrinth/Saved/Config/Windows/Scalability.ini]
[2019.10.26-17.48.11:461][  0]LogConfig: Setting CVar [[r.Streaming.MipBias:0]]
[2019.10.26-17.48.11:461][  0]LogConfig: Setting CVar [[r.Streaming.AmortizeCPUToGPUCopy:0]]
[2019.10.26-17.48.11:461][  0]LogConfig: Setting CVar [[r.Streaming.MaxNumTexturesToStreamPerFrame:0]]
[2019.10.26-17.48.11:461][  0]LogConfig: Setting CVar [[r.Streaming.Boost:1]]
[2019.10.26-17.48.11:461][  0]LogConfig: Setting CVar [[r.MaxAnisotropy:8]]
[2019.10.26-17.48.11:461][  0]LogConfig: Setting CVar [[r.Streaming.LimitPoolSizeToVRAM:0]]
[2019.10.26-17.48.11:461][  0]LogConfig: Setting CVar [[r.Streaming.PoolSize:1000]]
[2019.10.26-17.48.11:461][  0]LogConfig: Setting CVar [[r.Streaming.MaxEffectiveScreenSize:0]]
[2019.10.26-17.48.11:461][  0]LogConfig: Applying CVar settings from Section [EffectsQuality@3] File [C:/Users/Eric/Documents/Unreal Projects/Labyrinth/Saved/Config/Windows/Scalability.ini]
[2019.10.26-17.48.11:461][  0]LogConfig: Setting CVar [[r.TranslucencyLightingVolumeDim:64]]
[2019.10.26-17.48.11:461][  0]LogConfig: Setting CVar [[r.RefractionQuality:2]]
[2019.10.26-17.48.11:461][  0]LogConfig: Setting CVar [[r.SSR.Quality:3]]
[2019.10.26-17.48.11:461][  0]LogConfig: Setting CVar [[r.SceneColorFormat:4]]
[2019.10.26-17.48.11:461][  0]LogConfig: Setting CVar [[r.DetailMode:2]]
[2019.10.26-17.48.11:461][  0]LogConfig: Setting CVar [[r.TranslucencyVolumeBlur:1]]
[2019.10.26-17.48.11:461][  0]LogConfig: Setting CVar [[r.MaterialQualityLevel:1 ; High quality]]
[2019.10.26-17.48.11:461][  0]LogConfig: Setting CVar [[r.SSS.Scale:1]]
[2019.10.26-17.48.11:461][  0]LogConfig: Setting CVar [[r.SSS.SampleSet:2]]
[2019.10.26-17.48.11:461][  0]LogConfig: Setting CVar [[r.SSS.Quality:1]]
[2019.10.26-17.48.11:461][  0]LogConfig: Setting CVar [[r.SSS.HalfRes:1]]
[2019.10.26-17.48.11:461][  0]LogConfig: Setting CVar [[r.EmitterSpawnRateScale:1.0]]
[2019.10.26-17.48.11:461][  0]LogConfig: Setting CVar [[r.ParticleLightQuality:2]]
[2019.10.26-17.48.11:461][  0]LogConfig: Applying CVar settings from Section [FoliageQuality@3] File [C:/Users/Eric/Documents/Unreal Projects/Labyrinth/Saved/Config/Windows/Scalability.ini]
[2019.10.26-17.48.11:461][  0]LogConfig: Setting CVar [[foliage.DensityScale:1.0]]
[2019.10.26-17.48.11:461][  0]LogConfig: Setting CVar [[grass.DensityScale:1.0]]
[2019.10.26-17.48.11:461][  0]LogConfig: Applying CVar settings from Section [Startup] File [../../../Engine/Config/ConsoleVariables.ini]
[2019.10.26-17.48.11:462][  0]LogConfig: Setting CVar [[net.UseAdaptiveNetUpdateFrequency:0]]
[2019.10.26-17.48.11:462][  0]LogConfig: Setting CVar [[p.chaos.AllowCreatePhysxBodies:1]]
[2019.10.26-17.48.11:462][  0]LogConfig: Applying CVar settings from Section [ConsoleVariables] File [C:/Users/Eric/Documents/Unreal Projects/Labyrinth/Saved/Config/Windows/Engine.ini]
[2019.10.26-17.48.11:462][  0]LogInit: Computer: DESKTOP-ONIT7JI
[2019.10.26-17.48.11:462][  0]LogInit: User: Eric
[2019.10.26-17.48.11:462][  0]LogInit: CPU Page size=4096, Cores=4
[2019.10.26-17.48.11:462][  0]LogInit: High frequency timer resolution =10.000000 MHz
[2019.10.26-17.48.11:462][  0]LogMemory: Memory total: Physical=15.9GB (16GB approx)
[2019.10.26-17.48.11:462][  0]LogMemory: Platform Memory Stats for Windows
[2019.10.26-17.48.11:462][  0]LogMemory: Process Physical Memory: 97.96 MB used, 97.97 MB peak
[2019.10.26-17.48.11:462][  0]LogMemory: Process Virtual Memory: 97.36 MB used, 97.36 MB peak
[2019.10.26-17.48.11:462][  0]LogMemory: Physical Memory: 9324.49 MB used,  6956.73 MB free, 16281.21 MB total
[2019.10.26-17.48.11:462][  0]LogMemory: Virtual Memory: 4650.83 MB used,  134213080.00 MB free, 134217728.00 MB total
[2019.10.26-17.48.11:475][  0]LogInit: Using OS detected language (en-US).
[2019.10.26-17.48.11:475][  0]LogInit: Using OS detected locale (en-US).
[2019.10.26-17.48.11:476][  0]LogTextLocalizationManager: No specific localization for 'en-US' exists, so the 'en' localization will be used.
[2019.10.26-17.48.11:684][  0]LogSlate: New Slate User Created.  User Index 0, Is Virtual User: 0
[2019.10.26-17.48.11:684][  0]LogSlate: Slate User Registered.  User Index 0, Is Virtual User: 0
[2019.10.26-17.48.11:708][  0]LogHMD: Failed to initialize OpenVR with code 110
[2019.10.26-17.48.11:708][  0]LogD3D11RHI: D3D11 adapters:
[2019.10.26-17.48.11:743][  0]LogD3D11RHI:    0. 'Radeon Pro 560' (Feature Level 11_0)
[2019.10.26-17.48.11:743][  0]LogD3D11RHI:       4044/0/8140 MB DedicatedVideo/DedicatedSystem/SharedSystem, Outputs:2, VendorId:0x1002
[2019.10.26-17.48.11:745][  0]LogD3D11RHI:    1. 'Microsoft Basic Render Driver' (Feature Level 11_0)
[2019.10.26-17.48.11:745][  0]LogD3D11RHI:       0/0/8140 MB DedicatedVideo/DedicatedSystem/SharedSystem, Outputs:0, VendorId:0x1414
[2019.10.26-17.48.11:745][  0]LogD3D11RHI: Chosen D3D11 Adapter: 0
[2019.10.26-17.48.11:752][  0]LogD3D11RHI: Creating new Direct3DDevice
[2019.10.26-17.48.11:752][  0]LogD3D11RHI:     GPU DeviceId: 0x67ef (for the marketing name, search the web for "GPU Device Id")
[2019.10.26-17.48.11:752][  0]LogWindows: EnumDisplayDevices:
[2019.10.26-17.48.11:752][  0]LogWindows:    0. 'Radeon Pro 560' (P:0 D:1)
[2019.10.26-17.48.11:753][  0]LogWindows:    1. 'Radeon Pro 560' (P:1 D:1)
[2019.10.26-17.48.11:753][  0]LogWindows:    2. 'Radeon Pro 560' (P:0 D:0)
[2019.10.26-17.48.11:753][  0]LogWindows:    3. 'Radeon Pro 560' (P:0 D:0)
[2019.10.26-17.48.11:754][  0]LogWindows:    4. 'Radeon Pro 560' (P:0 D:0)
[2019.10.26-17.48.11:754][  0]LogWindows: DebugString: FoundDriverCount:5 
[2019.10.26-17.48.11:754][  0]LogD3D11RHI:     Adapter Name: Radeon Pro 560
[2019.10.26-17.48.11:754][  0]LogD3D11RHI:   Driver Version: Crimson ReLive 17.1.1 (internal:22.19.128.1, unified:22.19.128.1)
[2019.10.26-17.48.11:754][  0]LogD3D11RHI:      Driver Date: 4-3-2017
[2019.10.26-17.48.11:754][  0]LogRHI: Texture pool is 2830 MB (70% of 4044 MB)
[2019.10.26-17.48.11:924][  0]LogD3D11RHI: Async texture creation enabled
[2019.10.26-17.48.11:928][  0]LogRendererCore: FGlobalReadBuffer::InitRHI
[2019.10.26-17.48.11:928][  0]LogRendererCore: FGlobalReadBuffer::InitRHI
[2019.10.26-17.48.11:928][  0]LogRendererCore: FGlobalReadBuffer::InitRHI
[2019.10.26-17.48.11:936][  0]LogD3D11RHI: GPU Timing Frequency: 25.000000 (Debug: 2 1)
[2019.10.26-17.48.12:244][  0]LogTemp: Display: Module 'WindowsClientTargetPlatform' loaded TargetPlatform 'WindowsClient'
[2019.10.26-17.48.12:257][  0]LogTemp: Display: Module 'WindowsNoEditorTargetPlatform' loaded TargetPlatform 'WindowsNoEditor'
[2019.10.26-17.48.12:271][  0]LogTemp: Display: Module 'WindowsServerTargetPlatform' loaded TargetPlatform 'WindowsServer'
[2019.10.26-17.48.12:278][  0]LogTemp: Display: Module 'WindowsTargetPlatform' loaded TargetPlatform 'Windows'
[2019.10.26-17.48.12:278][  0]LogTargetPlatformManager: Display: Building Assets For Windows
[2019.10.26-17.48.12:288][  0]LogAudioDebug: Display: Lib vorbis DLL was dynamically loaded.
[2019.10.26-17.48.12:353][  0]LogShaderCompilers: Guid format shader working directory is -19 characters bigger than the processId version (../../../../../../Users/Eric/Documents/Unreal Projects/Labyrinth/Intermediate/Shaders/WorkingDirectory/9512/).
[2019.10.26-17.48.12:354][  0]LogShaderCompilers: Cleaned the shader compiler working directory 'C:/Users/Eric/AppData/Local/Temp/UnrealShaderWorkingDir/F26F579E4160EABC03CAD5919BCB3645/'.
[2019.10.26-17.48.12:357][  0]LogXGEController: Cannot use XGE Controller as Incredibuild is not installed on this machine.
[2019.10.26-17.48.12:357][  0]LogShaderCompilers: Cannot use XGE Shader Compiler as Incredibuild is not installed on this machine.
[2019.10.26-17.48.12:357][  0]LogShaderCompilers: Display: Using Local Shader Compiler.
[2019.10.26-17.48.12:902][  0]LogDerivedDataCache: Display: Max Cache Size: 512 MB
[2019.10.26-17.48.12:959][  0]LogDerivedDataCache: Loaded boot cache 0.06s 71MB C:/Users/Eric/AppData/Local/UnrealEngine/4.22/DerivedDataCache/Boot.ddc.
[2019.10.26-17.48.12:959][  0]LogDerivedDataCache: Display: Loaded Boot cache: C:/Users/Eric/AppData/Local/UnrealEngine/4.22/DerivedDataCache/Boot.ddc
[2019.10.26-17.48.12:959][  0]LogDerivedDataCache: FDerivedDataBackendGraph:  Pak pak cache file ../../../../../../Users/Eric/Documents/Unreal Projects/Labyrinth/DerivedDataCache/DDC.ddp not found, will not use a pak cache.
[2019.10.26-17.48.12:959][  0]LogDerivedDataCache: Unable to find inner node Pak for hierarchical cache Hierarchy.
[2019.10.26-17.48.12:959][  0]LogDerivedDataCache: FDerivedDataBackendGraph:  CompressedPak pak cache file ../../../../../../Users/Eric/Documents/Unreal Projects/Labyrinth/DerivedDataCache/Compressed.ddp not found, will not use a pak cache.
[2019.10.26-17.48.12:959][  0]LogDerivedDataCache: Unable to find inner node CompressedPak for hierarchical cache Hierarchy.
[2019.10.26-17.48.12:971][  0]LogDerivedDataCache: Display: Pak cache opened for reading ../../../Engine/DerivedDataCache/Compressed.ddp.
[2019.10.26-17.48.12:971][  0]LogDerivedDataCache: FDerivedDataBackendGraph:  EnterprisePak pak cache file ../../../Enterprise/DerivedDataCache/Compressed.ddp not found, will not use a pak cache.
[2019.10.26-17.48.12:971][  0]LogDerivedDataCache: Unable to find inner node EnterprisePak for hierarchical cache Hierarchy.
[2019.10.26-17.48.12:984][  0]LogDerivedDataCache: Using Local data cache path C:/Users/Eric/AppData/Local/UnrealEngine/Common/DerivedDataCache: Writable
[2019.10.26-17.48.12:984][  0]LogDerivedDataCache: Shared data cache path not found in *engine.ini, will not use an Shared cache.
[2019.10.26-17.48.12:984][  0]LogDerivedDataCache: Unable to find inner node Shared for hierarchical cache Hierarchy.
[2019.10.26-17.48.13:006][  0]LogMaterial: Verifying Global Shaders for PCD3D_SM5
[2019.10.26-17.48.13:007][  0]LogSlate: Using FreeType 2.6.0
[2019.10.26-17.48.13:007][  0]LogSlate: SlateFontServices - WITH_FREETYPE: 1, WITH_HARFBUZZ: 1
[2019.10.26-17.48.13:145][  0]LogInit: Using OS detected language (en-US).
[2019.10.26-17.48.13:146][  0]LogInit: Using OS detected locale (en-US).
[2019.10.26-17.48.13:146][  0]LogTextLocalizationManager: No localization for 'en-US' exists, so 'en' will be used for the language.
[2019.10.26-17.48.13:146][  0]LogTextLocalizationManager: No localization for 'en-US' exists, so 'en' will be used for the locale.
[2019.10.26-17.48.13:146][  0]LogSlate: FontCache flush requested. Reason: Culture for localization was changed
[2019.10.26-17.48.13:146][  0]LogSlate: FontCache flush requested. Reason: Culture for localization was changed
[2019.10.26-17.48.13:147][  0]LogTextLocalizationManager: Compacting localization data took   0.00ms
[2019.10.26-17.48.13:154][  0]LogAssetRegistry: FAssetRegistry took 0.0040 seconds to start up
[2019.10.26-17.48.13:332][  0]LogPackageLocalizationCache: Processed 10 localized package path(s) for 1 prioritized culture(s) in 0.000489 seconds
[2019.10.26-17.48.13:457][  0]LogInit: Selected Device Profile: [Windows]
[2019.10.26-17.48.13:579][  0]LogMeshReduction: Using QuadricMeshReduction for automatic static mesh reduction
[2019.10.26-17.48.13:580][  0]LogMeshReduction: Using SimplygonMeshReduction for automatic skeletal mesh reduction
[2019.10.26-17.48.13:580][  0]LogMeshReduction: Using ProxyLODMeshReduction for automatic mesh merging
[2019.10.26-17.48.13:580][  0]LogMeshReduction: No distributed automatic mesh merging module available
[2019.10.26-17.48.13:580][  0]LogMeshMerging: No distributed automatic mesh merging module available
[2019.10.26-17.48.13:588][  0]LogNetVersion: Labyrinth 1.0.0, NetCL: 5660361, EngineNetVer: 10, GameNetVer: 0 (Checksum: 4267684810)
[2019.10.26-17.48.14:115][  0]LogMoviePlayer: Initializing movie player
[2019.10.26-17.48.14:228][  0]LogTcpMessaging: Initializing TcpMessaging bridge
[2019.10.26-17.48.14:241][  0]LogUdpMessaging: Initializing bridge on interface 0.0.0.0:0 to multicast group 230.0.0.1:6666.
[2019.10.26-17.48.14:322][  0]SourceControl: Source control is disabled
[2019.10.26-17.48.14:322][  0]SourceControl: Source control is disabled
[2019.10.26-17.48.14:323][  0]SourceControl: Source control is disabled
[2019.10.26-17.48.14:363][  0]LogAndroidPermission: UAndroidPermissionCallbackProxy::GetInstance
[2019.10.26-17.48.14:449][  0]LogOcInput: OculusInput pre-init called
[2019.10.26-17.48.14:458][  0]LogUObjectArray: 46459 objects as part of root set at end of initial load.
[2019.10.26-17.48.14:458][  0]LogUObjectAllocator: 8159704 out of 0 bytes used by permanent object pool.
[2019.10.26-17.48.14:458][  0]LogUObjectArray: CloseDisregardForGC: 0/0 objects in disregard for GC pool
[2019.10.26-17.48.14:590][  0]LogEngine: Initializing Engine...
[2019.10.26-17.48.14:591][  0]LogHMD: Failed to initialize OpenVR with code 110
[2019.10.26-17.48.14:602][  0]LogStats: UGameplayTagsManager::InitializeManager -  0.000 s
[2019.10.26-17.48.14:753][  0]LogInit: Initializing FReadOnlyCVARCache
[2019.10.26-17.48.14:779][  0]LogInit: XAudio2 using 'Headphones (Eric’s AirPods Stereo)' : 2 channels at 44.1 kHz using 16 bits per sample (channel mask 0x3)
[2019.10.26-17.48.14:794][  0]LogInit: FAudioDevice initialized.
[2019.10.26-17.48.14:806][  0]LogNetVersion: Set ProjectVersion to 2. Version Checksum will be recalculated on next use.
[2019.10.26-17.48.14:812][  0]LogInit: Texture streaming: Enabled
[2019.10.26-17.48.15:029][  0]LogLinker: Can't find file '/Game/HorrorEngine/Textures/HUD/YouDied'
[2019.10.26-17.48.15:029][  0]LogLinker: Can't find file '/Game/HorrorEngine/Textures/HUD/YouDied'
[2019.10.26-17.48.15:091][  0]LogLinker: Warning: Unable to load PhysicsSerializer with outer InstancedStaticMeshComponent /Game/HorrorEngine/Blueprints/UsableAssets/Electronics/KeycardControl.KeycardControl_C:KeycardControl_GEN_VARIABLE because its class does not exist
[2019.10.26-17.48.15:392][  0]LogLinker: Warning: Unable to load PhysicsSerializer with outer InstancedStaticMeshComponent /Game/HorrorEngine/Blueprints/UsableAssets/DoorsAndFurnitures/LadderAdvanced.LadderAdvanced_C:LadderBottom_GEN_VARIABLE because its class does not exist
[2019.10.26-17.48.15:392][  0]LogLinker: Warning: Unable to load PhysicsSerializer with outer InstancedStaticMeshComponent /Game/HorrorEngine/Blueprints/UsableAssets/DoorsAndFurnitures/LadderAdvanced.LadderAdvanced_C:LadderConnect_GEN_VARIABLE because its class does not exist
[2019.10.26-17.48.15:392][  0]LogLinker: Warning: Unable to load PhysicsSerializer with outer InstancedStaticMeshComponent /Game/HorrorEngine/Blueprints/UsableAssets/DoorsAndFurnitures/LadderAdvanced.LadderAdvanced_C:LadderMiddle_GEN_VARIABLE because its class does not exist
[2019.10.26-17.48.15:392][  0]LogLinker: Warning: Unable to load PhysicsSerializer with outer InstancedStaticMeshComponent /Game/HorrorEngine/Blueprints/UsableAssets/DoorsAndFurnitures/LadderAdvanced.LadderAdvanced_C:LadderTop_GEN_VARIABLE because its class does not exist
[2019.10.26-17.48.19:922][  0]LogLinker: Warning: Can't find file '/Game/HorrorEngine/Blueprints/Structures/HorrorEvent/HorrorEventsMasterFix'
[2019.10.26-17.48.19:922][  0]LogUObjectGlobals: Warning: Failed to load '/Game/HorrorEngine/Blueprints/Structures/HorrorEvent/HorrorEventsMasterFix': Can't find file '/Game/HorrorEngine/Blueprints/Structures/HorrorEvent/HorrorEventsMasterFix'
[2019.10.26-17.48.19:922][  0]LogLinker: Warning: Can't find file '/Game/HorrorEngine/Blueprints/Structures/HorrorEvent/HorrorEventsMasterFix'
[2019.10.26-17.48.19:922][  0]LogUObjectGlobals: Warning: Failed to load '/Game/HorrorEngine/Blueprints/Structures/HorrorEvent/HorrorEventsMasterFix': Can't find file '/Game/HorrorEngine/Blueprints/Structures/HorrorEvent/HorrorEventsMasterFix'
[2019.10.26-17.48.19:922][  0]LogUObjectGlobals: Warning: Failed to find object 'Object /Game/HorrorEngine/Blueprints/Structures/HorrorEvent/HorrorEventsMasterFix.HorrorEventsMasterFix'
[2019.10.26-17.48.19:925][  0]LogLinker: Warning: Can't find file '/Game/HorrorEngine/Blueprints/Structures/HorrorEvent/HorrorEventFix'
[2019.10.26-17.48.19:925][  0]LogUObjectGlobals: Warning: Failed to load '/Game/HorrorEngine/Blueprints/Structures/HorrorEvent/HorrorEventFix': Can't find file '/Game/HorrorEngine/Blueprints/Structures/HorrorEvent/HorrorEventFix'
[2019.10.26-17.48.19:925][  0]LogLinker: Warning: Can't find file '/Game/HorrorEngine/Blueprints/Structures/HorrorEvent/HorrorEventFix'
[2019.10.26-17.48.19:925][  0]LogUObjectGlobals: Warning: Failed to load '/Game/HorrorEngine/Blueprints/Structures/HorrorEvent/HorrorEventFix': Can't find file '/Game/HorrorEngine/Blueprints/Structures/HorrorEvent/HorrorEventFix'
[2019.10.26-17.48.19:925][  0]LogUObjectGlobals: Warning: Failed to find object 'Object /Game/HorrorEngine/Blueprints/Structures/HorrorEvent/HorrorEventFix.HorrorEventFix'
[2019.10.26-17.48.20:004][  0]LogSlate: Updating window title bar state: overlay mode, drag disabled, window buttons hidden, title bar hidden
[2019.10.26-17.48.20:004][  0]LogInit: Display: Game Engine Initialized.
[2019.10.26-17.48.20:081][  0]LogInit: Display: Starting Game.
[2019.10.26-17.48.20:081][  0]LogNet: Browse: /Game/HorrorEngine/Maps/Demonstration?Name=Player
[2019.10.26-17.48.20:082][  0]LogLoad: LoadMap: /Game/HorrorEngine/Maps/Demonstration?Name=Player
[2019.10.26-17.48.20:159][  0]LogUObjectHash: Compacting FUObjectHashTables data took   4.64ms
[2019.10.26-17.48.21:599][  0]LogAIModule: Creating AISystem for world Demonstration
[2019.10.26-17.48.21:623][  0]LogLoad: Game class is 'HorrorEngineGameMode_C'
[2019.10.26-17.48.21:787][  0]Warning:  applied to a non-external Texture2D sampler. This may work by chance on some platforms but is not portable. Please change sampler type to 'External'. Parameter 'Texture' (slot 0) in material 'HE_TvGlow'
[2019.10.26-17.48.21:787][  0]Warning:  applied to a non-external Texture2D sampler. This may work by chance on some platforms but is not portable. Please change sampler type to 'External'. Parameter 'Texture' (slot 0) in material 'HE_TvGlow'
[2019.10.26-17.48.21:787][  0]Warning:  applied to a non-external Texture2D sampler. This may work by chance on some platforms but is not portable. Please change sampler type to 'External'. Parameter 'Texture' (slot 0) in material 'HE_TvGlow'
[2019.10.26-17.48.21:787][  0]Warning:  applied to a non-external Texture2D sampler. This may work by chance on some platforms but is not portable. Please change sampler type to 'External'. Parameter 'Texture' (slot 0) in material 'HE_VhsGlow'
[2019.10.26-17.48.21:787][  0]Warning:  applied to a non-external Texture2D sampler. This may work by chance on some platforms but is not portable. Please change sampler type to 'External'. Parameter 'Texture' (slot 0) in material 'HE_VhsGlow'
[2019.10.26-17.48.21:787][  0]Warning:  applied to a non-external Texture2D sampler. This may work by chance on some platforms but is not portable. Please change sampler type to 'External'. Parameter 'Texture' (slot 0) in material 'HE_VhsGlow'
[2019.10.26-17.48.21:787][  0]LogActorComponent: UnregisterComponent: (/Game/HorrorEngine/Maps/Demonstration.Demonstration:PersistentLevel.OldTv_1997.TRASH_AudioComponent_3) Not registered. Aborting.
[2019.10.26-17.48.21:824][  0]LogActorComponent: UnregisterComponent: (/Game/HorrorEngine/Maps/Demonstration.Demonstration:PersistentLevel.Tv_322.TRASH_AudioComponent_3) Not registered. Aborting.
[2019.10.26-17.48.21:876][  0]LogWorld: Bringing World /Game/HorrorEngine/Maps/Demonstration.Demonstration up for play (max tick rate 0) at 2019.10.26-10.48.21
[2019.10.26-17.48.21:879][  0]LogWorld: Bringing up level for play took: 0.254508
[2019.10.26-17.48.21:880][  0]LogSpawn: Warning: SpawnActor failed because no class was specified
[2019.10.26-17.48.21:896][  0]LogLoad: Took 1.814613 seconds to LoadMap(/Game/HorrorEngine/Maps/Demonstration)
[2019.10.26-17.48.21:958][  0]LogRenderer: Reallocating scene render targets to support 256x256 Format 10 NumSamples 1 (Frame:1).
[2019.10.26-17.48.21:958][  0]LogLoad: (Engine Initialization) Total time: 12.25 seconds
[2019.10.26-17.48.21:958][  0]LogLoad: (Engine Initialization) Total Blueprint compile time: 0.00 seconds
[2019.10.26-17.48.21:996][  0]LogRenderer: Reallocating scene render targets to support 2560x1440 Format 10 NumSamples 1 (Frame:1).
[2019.10.26-17.48.22:443][  0]LogContentStreaming: Texture pool size now 1000 MB
[2019.10.26-17.48.23:325][  4]LogRenderer: Reallocating scene render targets to support 1280x720 Format 10 NumSamples 1 (Frame:4).
[2019.10.26-17.49.36:269][ 12]LogRenderer: Reallocating scene render targets to support 2560x1440 Format 10 NumSamples 1 (Frame:3012).
[2019.10.26-17.49.41:853][149]LogRenderer: Reallocating scene render targets to support 1280x720 Format 10 NumSamples 1 (Frame:3149).
[2019.10.26-17.51.08:241][901]LogRenderer: Reallocating scene render targets to support 2560x1440 Format 10 NumSamples 1 (Frame:6901).
[2019.10.26-17.51.09:128][923]LogRenderer: Reallocating scene render targets to support 1280x720 Format 10 NumSamples 1 (Frame:6923).
[2019.10.26-17.51.58:123][156]LogScript: Warning: Script Msg: Attempted to access index 3 from array 'K2Node_CustomEvent_Subtitle' of length 3 in '/Game/HorrorEngine/Blueprints/Widgets/SubtitleWB.SubtitleWB_C:ExecuteUbergraph_SubtitleWB'!
[2019.10.26-17.53.01:918][230]LogRenderer: Reallocating scene render targets to support 2560x1440 Format 10 NumSamples 1 (Frame:12230).
[2019.10.26-17.53.05:132][313]LogRenderer: Reallocating scene render targets to support 1280x720 Format 10 NumSamples 1 (Frame:12313).
[2019.10.26-17.53.11:755][596]LogRenderer: Reallocating scene render targets to support 2560x1440 Format 10 NumSamples 1 (Frame:12596).
[2019.10.26-17.53.12:539][618]LogRenderer: Reallocating scene render targets to support 1280x720 Format 10 NumSamples 1 (Frame:12618).
[2019.10.26-17.53.25:198][191]LogScript: Warning: Script Msg: Attempted to access index 0 from array 'CallFunc_GetAllActorsWithTag_OutActors1' of length 0 in '/Game/HorrorEngine/Blueprints/Core/HorrorEvents.HorrorEvents_C:ExecuteUbergraph_HorrorEvents'!
[2019.10.26-17.53.25:198][191]LogScript: Warning: Script Msg: Attempted to access index 0 from array 'CallFunc_GetAllActorsWithTag_OutActors1' of length 0 in '/Game/HorrorEngine/Blueprints/Core/HorrorEvents.HorrorEvents_C:ExecuteUbergraph_HorrorEvents'!
[2019.10.26-17.53.25:198][191]LogScript: Warning: Script Msg: Attempted to access index 0 from array 'CallFunc_GetAllActorsWithTag_OutActors1' of length 0 in '/Game/HorrorEngine/Blueprints/Core/HorrorEvents.HorrorEvents_C:ExecuteUbergraph_HorrorEvents'!
[2019.10.26-17.53.25:198][191]LogScript: Warning: Script Msg: Attempted to access index 0 from array 'CallFunc_GetAllActorsWithTag_OutActors1' of length 0 in '/Game/HorrorEngine/Blueprints/Core/HorrorEvents.HorrorEvents_C:ExecuteUbergraph_HorrorEvents'!
[2019.10.26-17.53.26:257][243]LogScript: Warning: Script Msg: Attempted to access index 1 from array 'K2Node_CustomEvent_Subtitle' of length 1 in '/Game/HorrorEngine/Blueprints/Widgets/SubtitleWB.SubtitleWB_C:ExecuteUbergraph_SubtitleWB'!
[2019.10.26-17.53.34:158][725]LogScript: Warning: Script Msg: Attempted to access index 2 from array 'K2Node_CustomEvent_Subtitle' of length 2 in '/Game/HorrorEngine/Blueprints/Widgets/SubtitleWB.SubtitleWB_C:ExecuteUbergraph_SubtitleWB'!
[2019.10.26-17.53.41:571][185]LogRenderer: Reallocating scene render targets to support 2560x1440 Format 10 NumSamples 1 (Frame:14185).
[2019.10.26-17.53.44:987][295]LogRenderer: Reallocating scene render targets to support 1280x720 Format 10 NumSamples 1 (Frame:14295).
[2019.10.26-17.53.50:767][646]LogScript: Warning: Script Msg: Attempted to access index 2 from array 'K2Node_CustomEvent_Subtitle' of length 2 in '/Game/HorrorEngine/Blueprints/Widgets/SubtitleWB.SubtitleWB_C:ExecuteUbergraph_SubtitleWB'!
[2019.10.26-17.53.50:767][646]LogScript: Warning: Script Msg: Attempted to access index 2 from array 'K2Node_CustomEvent_Subtitle' of length 2 in '/Game/HorrorEngine/Blueprints/Widgets/SubtitleWB.SubtitleWB_C:ExecuteUbergraph_SubtitleWB'!
[2019.10.26-17.55.04:050][188]LogUObjectGlobals: Warning: Failed to find object 'Object None.None'
[2019.10.26-17.55.04:051][188]LogUObjectGlobals: Warning: Failed to find object 'Object None.None'
[2019.10.26-17.55.04:066][188]LogUObjectGlobals: Warning: Failed to find object 'Object None.None'
[2019.10.26-17.55.04:067][188]LogUObjectGlobals: Warning: Failed to find object 'Object None.None'
[2019.10.26-17.55.04:081][188]LogUObjectGlobals: Warning: Failed to find object 'Object None.None'
[2019.10.26-17.55.04:082][188]LogUObjectGlobals: Warning: Failed to find object 'Object None.None'
[2019.10.26-17.55.04:096][188]LogUObjectGlobals: Warning: Failed to find object 'Object None.None'
[2019.10.26-17.55.04:097][188]LogUObjectGlobals: Warning: Failed to find object 'Object None.None'
[2019.10.26-17.55.04:110][188]LogUObjectGlobals: Warning: Failed to find object 'Object None.None'
[2019.10.26-17.55.04:111][188]LogUObjectGlobals: Warning: Failed to find object 'Object None.None'
[2019.10.26-17.55.04:125][188]LogUObjectGlobals: Warning: Failed to find object 'Object None.None'
[2019.10.26-17.55.04:126][188]LogUObjectGlobals: Warning: Failed to find object 'Object None.None'
[2019.10.26-17.55.04:129][188]LogUObjectGlobals: Warning: Failed to find object 'Object None.None'
[2019.10.26-17.55.04:129][188]LogUObjectGlobals: Warning: Failed to find object 'Object None.None'
[2019.10.26-17.55.04:129][188]LogLinker: Warning: Can't find file '/Game/HorrorEngine/Maps/UEDPIE_0_Labyrinth'
[2019.10.26-17.55.04:129][188]LogUObjectGlobals: Warning: Failed to load '/Game/HorrorEngine/Maps/UEDPIE_0_Labyrinth': Can't find file '/Game/HorrorEngine/Maps/UEDPIE_0_Labyrinth'
[2019.10.26-17.55.04:130][188]LogLinker: Warning: Can't find file '/Game/HorrorEngine/Maps/UEDPIE_0_Labyrinth'
[2019.10.26-17.55.04:130][188]LogUObjectGlobals: Warning: Failed to load '/Game/HorrorEngine/Maps/UEDPIE_0_Labyrinth': Can't find file '/Game/HorrorEngine/Maps/UEDPIE_0_Labyrinth'
[2019.10.26-17.55.04:130][188]LogUObjectGlobals: Warning: Failed to find object 'Object /Game/HorrorEngine/Maps/UEDPIE_0_Labyrinth.Labyrinth.PersistentLevel.Pointlight9'
[2019.10.26-17.55.04:130][188]LogUObjectGlobals: Warning: Failed to find object 'Object None.None'
[2019.10.26-17.55.04:131][188]LogUObjectGlobals: Warning: Failed to find object 'Object None.None'
[2019.10.26-17.55.04:134][188]LogUObjectGlobals: Warning: Failed to find object 'Object None.None'
[2019.10.26-17.55.04:134][188]LogUObjectGlobals: Warning: Failed to find object 'Object None.None'
[2019.10.26-17.55.04:134][188]LogUObjectGlobals: Warning: Failed to find object 'Object None.None'
[2019.10.26-17.55.04:135][188]LogUObjectGlobals: Warning: Failed to find object 'Object None.None'
[2019.10.26-17.55.04:151][188]LogUObjectGlobals: Warning: Failed to find object 'Object None.None'
[2019.10.26-17.55.04:151][188]LogUObjectGlobals: Warning: Failed to find object 'Object None.None'
[2019.10.26-17.55.04:152][188]LogUObjectGlobals: Warning: Failed to find object 'Object None.None'
[2019.10.26-17.55.04:152][188]LogUObjectGlobals: Warning: Failed to find object 'Object None.None'
[2019.10.26-17.55.04:152][188]LogUObjectGlobals: Warning: Failed to find object 'Object None.None'
[2019.10.26-17.55.04:154][188]LogUObjectGlobals: Warning: Failed to find object 'Object None.None'
[2019.10.26-17.55.04:156][188]LogUObjectGlobals: Warning: Failed to find object 'Object None.None'
[2019.10.26-17.55.04:157][188]LogUObjectGlobals: Warning: Failed to find object 'Object None.None'
[2019.10.26-17.55.04:157][188]LogUObjectGlobals: Warning: Failed to find object 'Object None.None'
[2019.10.26-17.55.04:158][188]LogUObjectGlobals: Warning: Failed to find object 'Object None.None'
[2019.10.26-17.55.04:175][188]LogUObjectGlobals: Warning: Failed to find object 'Object None.None'
[2019.10.26-17.55.04:175][188]LogUObjectGlobals: Warning: Failed to find object 'Object None.None'
[2019.10.26-17.55.04:176][188]LogUObjectGlobals: Warning: Failed to find object 'Object None.None'
[2019.10.26-17.55.04:176][188]LogUObjectGlobals: Warning: Failed to find object 'Object None.None'
[2019.10.26-17.55.04:176][188]LogUObjectGlobals: Warning: Failed to find object 'Object None.None'
[2019.10.26-17.55.04:178][188]LogUObjectGlobals: Warning: Failed to find object 'Object None.None'
[2019.10.26-17.55.04:180][188]LogUObjectGlobals: Warning: Failed to find object 'Object None.None'
[2019.10.26-17.55.04:180][188]LogUObjectGlobals: Warning: Failed to find object 'Object None.None'
[2019.10.26-17.55.04:181][188]LogUObjectGlobals: Warning: Failed to find object 'Object None.None'
[2019.10.26-17.55.04:182][188]LogUObjectGlobals: Warning: Failed to find object 'Object None.None'
[2019.10.26-17.55.04:198][188]LogUObjectGlobals: Warning: Failed to find object 'Object None.None'
[2019.10.26-17.55.04:198][188]LogUObjectGlobals: Warning: Failed to find object 'Object None.None'
[2019.10.26-17.55.04:199][188]LogUObjectGlobals: Warning: Failed to find object 'Object None.None'
[2019.10.26-17.55.04:199][188]LogUObjectGlobals: Warning: Failed to find object 'Object None.None'
[2019.10.26-17.55.04:199][188]LogUObjectGlobals: Warning: Failed to find object 'Object None.None'
[2019.10.26-17.55.04:201][188]LogUObjectGlobals: Warning: Failed to find object 'Object None.None'
[2019.10.26-17.55.04:203][188]LogUObjectGlobals: Warning: Failed to find object 'Object None.None'
[2019.10.26-17.55.04:203][188]LogUObjectGlobals: Warning: Failed to find object 'Object None.None'
[2019.10.26-17.55.04:204][188]LogUObjectGlobals: Warning: Failed to find object 'Object None.None'
[2019.10.26-17.55.04:205][188]LogUObjectGlobals: Warning: Failed to find object 'Object None.None'
[2019.10.26-17.55.04:220][188]LogUObjectGlobals: Warning: Failed to find object 'Object None.None'
[2019.10.26-17.55.04:220][188]LogUObjectGlobals: Warning: Failed to find object 'Object None.None'
[2019.10.26-17.55.07:487][390]LogSlate: FSceneViewport::OnFocusLost() reason 0
[2019.10.26-17.55.07:583][396]Closing by request
[2019.10.26-17.55.07:583][396]LogWindows: FPlatformMisc::RequestExit(0)
[2019.10.26-17.55.07:600][397]LogActorComponent: UnregisterComponent: (/Game/HorrorEngine/Maps/Demonstration.Demonstration:PersistentLevel.OldTv_1997.TvAudio.AudioComponent_0) Not registered. Aborting.
[2019.10.26-17.55.07:842][397]LogSlate: Window 'Labyrinth (64-bit Development PCD3D_SM5) ' being destroyed
[2019.10.26-17.55.07:860][397]LogExit: Preparing to exit.
[2019.10.26-17.55.07:860][397]LogMoviePlayer: Shutting down movie player
[2019.10.26-17.55.08:521][397]LogSlate: Updating window title bar state: overlay mode, drag disabled, window buttons hidden, title bar hidden
[2019.10.26-17.55.08:526][397]LogExit: Game engine shut down
[2019.10.26-17.55.08:621][397]LogExit: Object subsystem successfully closed.
[2019.10.26-17.55.08:635][397]LogShaderCompilers: Display: Shaders left to compile 0
[2019.10.26-17.55.08:639][397]LogD3D11RHI: Shutdown
[2019.10.26-17.55.08:639][397]LogD3D11RHI: CleanupD3DDevice
[2019.10.26-17.55.08:640][397]LogRendererCore: FGlobalReadBuffer::ReleaseRHI
[2019.10.26-17.55.08:640][397]LogRendererCore: FGlobalDynamicReadBuffer::Cleanup()
[2019.10.26-17.55.08:640][397]LogRendererCore: FGlobalReadBuffer::ReleaseRHI
[2019.10.26-17.55.08:640][397]LogRendererCore: FGlobalDynamicReadBuffer::Cleanup()
[2019.10.26-17.55.08:640][397]LogRendererCore: FGlobalReadBuffer::ReleaseRHI
[2019.10.26-17.55.08:640][397]LogRendererCore: FGlobalDynamicReadBuffer::Cleanup()
[2019.10.26-17.55.08:642][397]LogD3D11RHI: ~FD3D11DynamicRHI
[2019.10.26-17.55.08:659][397]LogModuleManager: Shutting down and abandoning module SequenceRecorderSections (398)
[2019.10.26-17.55.08:659][397]LogModuleManager: Shutting down and abandoning module SequenceRecorder (396)
[2019.10.26-17.55.08:659][397]LogModuleManager: Shutting down and abandoning module AutomationController (394)
[2019.10.26-17.55.08:659][397]LogModuleManager: Shutting down and abandoning module AutomationWorker (392)
[2019.10.26-17.55.08:659][397]LogModuleManager: Shutting down and abandoning module Voice (390)
[2019.10.26-17.55.08:659][397]LogModuleManager: Shutting down and abandoning module AIModule (388)
[2019.10.26-17.55.08:659][397]LogModuleManager: Shutting down and abandoning module GameplayDebugger (387)
[2019.10.26-17.55.08:659][397]LogModuleManager: Shutting down and abandoning module AITestSuite (385)
[2019.10.26-17.55.08:659][397]LogModuleManager: Shutting down and abandoning module NavigationSystem (383)
[2019.10.26-17.55.08:659][397]LogModuleManager: Shutting down and abandoning module OculusMR (380)
[2019.10.26-17.55.08:659][397]LogModuleManager: Shutting down and abandoning module WmfMediaFactory (378)
[2019.10.26-17.55.08:659][397]LogModuleManager: Shutting down and abandoning module WebMMediaFactory (376)
[2019.10.26-17.55.08:659][397]LogModuleManager: Shutting down and abandoning module WebMMedia (374)
[2019.10.26-17.55.08:659][397]LogModuleManager: Shutting down and abandoning module OpenExrWrapper (372)
[2019.10.26-17.55.08:659][397]LogModuleManager: Shutting down and abandoning module ImgMediaFactory (370)
[2019.10.26-17.55.08:659][397]LogModuleManager: Shutting down and abandoning module AvfMediaFactory (368)
[2019.10.26-17.55.08:659][397]LogModuleManager: Shutting down and abandoning module MagicLeapCameraPreviewFactory (366)
[2019.10.26-17.55.08:659][397]LogModuleManager: Shutting down and abandoning module MagicLeapMediaCodecFactory (364)
[2019.10.26-17.55.08:659][397]LogModuleManager: Shutting down and abandoning module MagicLeapMediaFactory (362)
[2019.10.26-17.55.08:659][397]LogModuleManager: Shutting down and abandoning module CharacterAI (360)
[2019.10.26-17.55.08:659][397]LogModuleManager: Shutting down and abandoning module SessionServices (358)
[2019.10.26-17.55.08:659][397]LogModuleManager: Shutting down and abandoning module MovieSceneCapture (356)
[2019.10.26-17.55.08:659][397]LogModuleManager: Shutting down and abandoning module LiveCoding (354)
[2019.10.26-17.55.08:659][397]LogModuleManager: Shutting down and abandoning module LevelSequence (352)
[2019.10.26-17.55.08:659][397]LogModuleManager: Shutting down and abandoning module MovieSceneTracks (350)
[2019.10.26-17.55.08:659][397]LogModuleManager: Shutting down and abandoning module MovieScene (348)
[2019.10.26-17.55.08:659][397]LogModuleManager: Shutting down and abandoning module StreamingPauseRendering (346)
[2019.10.26-17.55.08:659][397]LogModuleManager: Shutting down and abandoning module PortalServices (344)
[2019.10.26-17.55.08:659][397]LogModuleManager: Shutting down and abandoning module PortalRpc (342)
[2019.10.26-17.55.08:659][397]LogModuleManager: Shutting down and abandoning module MessagingRpc (340)
[2019.10.26-17.55.08:659][397]LogModuleManager: Shutting down and abandoning module ImageWriteQueue (338)
[2019.10.26-17.55.08:661][397]LogModuleManager: Shutting down and abandoning module ProfilerService (336)
[2019.10.26-17.55.08:815][397]LogModuleManager: Shutting down and abandoning module TaskGraph (334)
[2019.10.26-17.55.08:815][397]LogModuleManager: Shutting down and abandoning module SteamVRController (332)
[2019.10.26-17.55.08:815][397]LogModuleManager: Shutting down and abandoning module ProceduralMeshComponent (330)
[2019.10.26-17.55.08:815][397]LogModuleManager: Shutting down and abandoning module OculusInput (328)
[2019.10.26-17.55.08:815][397]LogModuleManager: Shutting down and abandoning module MobilePatchingUtils (326)
[2019.10.26-17.55.08:815][397]LogModuleManager: Shutting down and abandoning module EditableMesh (324)
[2019.10.26-17.55.08:815][397]LogModuleManager: Shutting down and abandoning module CustomMeshComponent (322)
[2019.10.26-17.55.08:815][397]LogModuleManager: Shutting down and abandoning module CableComponent (320)
[2019.10.26-17.55.08:815][397]LogModuleManager: Shutting down and abandoning module AudioCapture (318)
[2019.10.26-17.55.08:815][397]LogModuleManager: Shutting down and abandoning module ArchVisCharacter (316)
[2019.10.26-17.55.08:815][397]LogModuleManager: Shutting down and abandoning module AndroidPermission (314)
[2019.10.26-17.55.08:815][397]LogModuleManager: Shutting down and abandoning module NUTUnrealEngine4 (312)
[2019.10.26-17.55.08:815][397]LogModuleManager: Shutting down and abandoning module NetcodeUnitTest (310)
[2019.10.26-17.55.08:815][397]LogModuleManager: Shutting down and abandoning module MediaCompositing (308)
[2019.10.26-17.55.08:815][397]LogModuleManager: Shutting down and abandoning module LinearTimecode (306)
[2019.10.26-17.55.08:815][397]LogModuleManager: Shutting down and abandoning module ImgMedia (304)
[2019.10.26-17.55.08:815][397]LogModuleManager: Shutting down and abandoning module MagicLeapHelperVulkan (302)
[2019.10.26-17.55.08:815][397]LogModuleManager: Shutting down and abandoning module MagicLeapHelperOpenGL (300)
[2019.10.26-17.55.08:815][397]LogModuleManager: Shutting down and abandoning module MagicLeapAudio (298)
[2019.10.26-17.55.08:815][397]LogModuleManager: Shutting down and abandoning module HTML5Networking (296)
[2019.10.26-17.55.08:815][397]LogModuleManager: Shutting down and abandoning module GeometryCacheTracks (294)
[2019.10.26-17.55.08:815][397]LogModuleManager: Shutting down and abandoning module GeometryCacheSequencer (293)
[2019.10.26-17.55.08:815][397]LogModuleManager: Shutting down and abandoning module GeometryCache (290)
[2019.10.26-17.55.08:815][397]LogModuleManager: Shutting down and abandoning module GeometryCacheEd (289)
[2019.10.26-17.55.08:816][397]LogModuleManager: Shutting down and abandoning module BackChannel (286)
[2019.10.26-17.55.08:816][397]LogModuleManager: Shutting down and abandoning module AppleVision (284)
[2019.10.26-17.55.08:816][397]LogModuleManager: Shutting down and abandoning module AppleImageUtilsBlueprintSupport (282)
[2019.10.26-17.55.08:816][397]LogModuleManager: Shutting down and abandoning module AppleImageUtils (280)
[2019.10.26-17.55.08:816][397]LogModuleManager: Shutting down and abandoning module VariantManagerContent (278)
[2019.10.26-17.55.08:816][397]LogModuleManager: Shutting down and abandoning module CryptoKeysOpenSSL (276)
[2019.10.26-17.55.08:816][397]LogModuleManager: Shutting down and abandoning module CryptoKeys (274)
[2019.10.26-17.55.08:816][397]LogModuleManager: Shutting down and abandoning module VisualStudioSourceCodeAccess (272)
[2019.10.26-17.55.08:816][397]LogModuleManager: Shutting down and abandoning module HotReload (271)
[2019.10.26-17.55.08:816][397]LogModuleManager: Shutting down and abandoning module DirectoryWatcher (270)
[2019.10.26-17.55.08:816][397]LogModuleManager: Shutting down and abandoning module VisualStudioCodeSourceCodeAccess (266)
[2019.10.26-17.55.08:816][397]LogModuleManager: Shutting down and abandoning module UObjectPlugin (264)
[2019.10.26-17.55.08:816][397]LogModuleManager: Shutting down and abandoning module SubversionSourceControl (262)
[2019.10.26-17.55.08:816][397]LogModuleManager: Shutting down and abandoning module PerforceSourceControl (260)
[2019.10.26-17.55.08:816][397]LogModuleManager: Shutting down and abandoning module SourceControl (259)
[2019.10.26-17.55.08:816][397]LogModuleManager: Shutting down and abandoning module CLionSourceCodeAccess (256)
[2019.10.26-17.55.08:816][397]LogModuleManager: Shutting down and abandoning module ActorLayerUtilities (254)
[2019.10.26-17.55.08:816][397]LogModuleManager: Shutting down and abandoning module SignificanceManager (252)
[2019.10.26-17.55.08:816][397]LogModuleManager: Shutting down and abandoning module RuntimePhysXCooking (250)
[2019.10.26-17.55.08:816][397]LogModuleManager: Shutting down and abandoning module PhysXVehiclesEditor (248)
[2019.10.26-17.55.08:816][397]LogModuleManager: Shutting down and abandoning module PhysXVehicles (246)
[2019.10.26-17.55.08:816][397]LogModuleManager: Shutting down and abandoning module LocationServicesBPLibrary (244)
[2019.10.26-17.55.08:816][397]LogModuleManager: Shutting down and abandoning module ActorSequence (242)
[2019.10.26-17.55.08:816][397]LogModuleManager: Shutting down and abandoning module UdpMessaging (240)
[2019.10.26-17.55.08:917][397]LogModuleManager: Shutting down and abandoning module TcpMessaging (238)
[2019.10.26-17.55.09:017][397]LogModuleManager: Shutting down and abandoning module MagicLeapIdentity (236)
[2019.10.26-17.55.09:017][397]LogModuleManager: Shutting down and abandoning module MagicLeapSecureStorage (234)
[2019.10.26-17.55.09:017][397]LogModuleManager: Shutting down and abandoning module MagicLeapHandTracking (232)
[2019.10.26-17.55.09:017][397]LogModuleManager: Shutting down and abandoning module MagicLeapEyeTracker (230)
[2019.10.26-17.55.09:017][397]LogModuleManager: Shutting down and abandoning module MagicLeapController (228)
[2019.10.26-17.55.09:017][397]LogSlate: Slate User Destroyed.  User Index 0, Is Virtual User: 0
[2019.10.26-17.55.09:017][397]LogModuleManager: Shutting down and abandoning module MagicLeapAR (226)
[2019.10.26-17.55.09:017][397]LogModuleManager: Shutting down and abandoning module AugmentedReality (225)
[2019.10.26-17.55.09:017][397]LogModuleManager: Shutting down and abandoning module GameplayTagsEditor (222)
[2019.10.26-17.55.09:017][397]LogModuleManager: Shutting down and abandoning module FacialAnimation (220)
[2019.10.26-17.55.09:017][397]LogModuleManager: Shutting down and abandoning module DataValidation (218)
[2019.10.26-17.55.09:017][397]LogModuleManager: Shutting down and abandoning module AssetManagerEditor (216)
[2019.10.26-17.55.09:017][397]LogModuleManager: Shutting down and abandoning module TreeMap (215)
[2019.10.26-17.55.09:017][397]LogModuleManager: Shutting down and abandoning module AnimationSharing (212)
[2019.10.26-17.55.09:018][397]LogModuleManager: Shutting down and abandoning module LightPropagationVolumeRuntime (210)
[2019.10.26-17.55.09:018][397]LogModuleManager: Shutting down and abandoning module AISupportModule (208)
[2019.10.26-17.55.09:018][397]LogModuleManager: Shutting down and abandoning module Paper2D (206)
[2019.10.26-17.55.09:018][397]LogModuleManager: Shutting down and abandoning module WindowsMoviePlayer (204)
[2019.10.26-17.55.09:018][397]LogModuleManager: Shutting down and abandoning module WebMMoviePlayer (202)
[2019.10.26-17.55.09:018][397]LogModuleManager: Shutting down and abandoning module PacketHandler (200)
[2019.10.26-17.55.09:018][397]LogModuleManager: Shutting down and abandoning module ClothingSystemEditor (198)
[2019.10.26-17.55.09:018][397]LogModuleManager: Shutting down and abandoning module ClothingSystemRuntime (196)
[2019.10.26-17.55.09:018][397]LogModuleManager: Shutting down and abandoning module MediaAssets (194)
[2019.10.26-17.55.09:018][397]LogModuleManager: Shutting down and abandoning module Overlay (192)
[2019.10.26-17.55.09:018][397]LogModuleManager: Shutting down and abandoning module OverlayEditor (191)
[2019.10.26-17.55.09:018][397]LogModuleManager: Shutting down and abandoning module VREditor (188)
[2019.10.26-17.55.09:018][397]LogModuleManager: Shutting down and abandoning module StringTableEditor (186)
[2019.10.26-17.55.09:018][397]LogModuleManager: Shutting down and abandoning module GameplayTasksEditor (184)
[2019.10.26-17.55.09:018][397]LogModuleManager: Shutting down and abandoning module BehaviorTreeEditor (182)
[2019.10.26-17.55.09:018][397]LogModuleManager: Shutting down and abandoning module FunctionalTesting (180)
[2019.10.26-17.55.09:018][397]LogModuleManager: Shutting down and abandoning module CollisionAnalyzer (178)
[2019.10.26-17.55.09:018][397]LogModuleManager: Shutting down and abandoning module WorkspaceMenuStructure (177)
[2019.10.26-17.55.09:018][397]LogModuleManager: Shutting down and abandoning module UMG (174)
[2019.10.26-17.55.09:019][397]LogModuleManager: Shutting down and abandoning module UMGEditor (173)
[2019.10.26-17.55.09:019][397]LogModuleManager: Shutting down and abandoning module Sequencer (172)
[2019.10.26-17.55.09:019][397]LogModuleManager: Shutting down and abandoning module MessageLog (169)
[2019.10.26-17.55.09:020][397]LogModuleManager: Shutting down and abandoning module SlateReflector (164)
[2019.10.26-17.55.09:020][397]LogModuleManager: Shutting down and abandoning module Slate (162)
[2019.10.26-17.55.09:020][397]LogModuleManager: Shutting down and abandoning module EditorStyle (160)
[2019.10.26-17.55.09:023][397]LogModuleManager: Shutting down and abandoning module UnrealEd (158)
[2019.10.26-17.55.09:023][397]LogModuleManager: Shutting down and abandoning module MRMesh (156)
[2019.10.26-17.55.09:023][397]LogModuleManager: Shutting down and abandoning module Messaging (154)
[2019.10.26-17.55.09:023][397]LogModuleManager: Shutting down and abandoning module SourceCodeAccess (152)
[2019.10.26-17.55.09:023][397]LogModuleManager: Shutting down and abandoning module HeadMountedDisplay (150)
[2019.10.26-17.55.09:023][397]LogModuleManager: Shutting down and abandoning module XAudio2 (148)
[2019.10.26-17.55.09:023][397]LogModuleManager: Shutting down and abandoning module Networking (146)
[2019.10.26-17.55.09:023][397]LogModuleManager: Shutting down and abandoning module Core (144)
[2019.10.26-17.55.09:023][397]LogModuleManager: Shutting down and abandoning module KismetCompiler (142)
[2019.10.26-17.55.09:023][397]LogModuleManager: Shutting down and abandoning module MeshUtilities (140)
[2019.10.26-17.55.09:023][397]LogModuleManager: Shutting down and abandoning module MeshMergeUtilities (139)
[2019.10.26-17.55.09:024][397]LogModuleManager: Shutting down and abandoning module MeshReductionInterface (138)
[2019.10.26-17.55.09:024][397]LogModuleManager: Shutting down and abandoning module SkeletalMeshReduction (137)
[2019.10.26-17.55.09:024][397]LogModuleManager: Shutting down and abandoning module ProxyLODMeshReduction (135)
[2019.10.26-17.55.09:024][397]LogModuleManager: Shutting down and abandoning module QuadricMeshReduction (133)
[2019.10.26-17.55.09:024][397]LogModuleManager: Shutting down and abandoning module MaterialBaking (129)
[2019.10.26-17.55.09:024][397]LogModuleManager: Shutting down and abandoning module PIEPreviewDeviceProfileSelector (124)
[2019.10.26-17.55.09:024][397]LogModuleManager: Shutting down and abandoning module DerivedDataCache (122)
[2019.10.26-17.55.09:099][397]LogDerivedDataCache: Shutdown
[2019.10.26-17.55.09:099][397]LogModuleManager: Shutting down and abandoning module XGEController (120)
[2019.10.26-17.55.09:099][397]LogModuleManager: Shutting down and abandoning module TargetPlatform (118)
[2019.10.26-17.55.09:099][397]LogModuleManager: Shutting down and abandoning module VulkanShaderFormat (117)
[2019.10.26-17.55.09:099][397]LogModuleManager: Shutting down and abandoning module ShaderFormatVectorVM (115)
[2019.10.26-17.55.09:099][397]LogModuleManager: Shutting down and abandoning module ShaderFormatOpenGL (113)
[2019.10.26-17.55.09:099][397]LogModuleManager: Shutting down and abandoning module ShaderFormatD3D (111)
[2019.10.26-17.55.09:099][397]LogModuleManager: Shutting down and abandoning module MetalShaderFormat (109)
[2019.10.26-17.55.09:099][397]LogModuleManager: Shutting down and abandoning module TextureFormatUncompressed (107)
[2019.10.26-17.55.09:099][397]LogModuleManager: Shutting down and abandoning module TextureFormatPVR (105)
[2019.10.26-17.55.09:099][397]LogModuleManager: Shutting down and abandoning module TextureFormatDXT (103)
[2019.10.26-17.55.09:099][397]LogModuleManager: Shutting down and abandoning module TextureFormatIntelISPCTexComp (101)
[2019.10.26-17.55.09:099][397]LogModuleManager: Shutting down and abandoning module TextureFormatASTC (99)
[2019.10.26-17.55.09:099][397]LogModuleManager: Shutting down and abandoning module ImageWrapper (98)
[2019.10.26-17.55.09:099][397]LogModuleManager: Shutting down and abandoning module TextureFormatAndroid (95)
[2019.10.26-17.55.09:099][397]LogModuleManager: Shutting down and abandoning module AudioFormatOpus (93)
[2019.10.26-17.55.09:100][397]LogModuleManager: Shutting down and abandoning module AudioFormatOgg (91)
[2019.10.26-17.55.09:100][397]LogModuleManager: Shutting down and abandoning module AudioFormatADPCM (89)
[2019.10.26-17.55.09:100][397]LogModuleManager: Shutting down and abandoning module WindowsTargetPlatform (87)
[2019.10.26-17.55.09:100][397]LogModuleManager: Shutting down and abandoning module WindowsServerTargetPlatform (85)
[2019.10.26-17.55.09:100][397]LogModuleManager: Shutting down and abandoning module WindowsNoEditorTargetPlatform (83)
[2019.10.26-17.55.09:100][397]LogModuleManager: Shutting down and abandoning module WindowsClientTargetPlatform (81)
[2019.10.26-17.55.09:100][397]LogModuleManager: Shutting down and abandoning module InputCore (78)
[2019.10.26-17.55.09:100][397]LogModuleManager: Shutting down and abandoning module Settings (76)
[2019.10.26-17.55.09:100][397]LogModuleManager: Shutting down and abandoning module PhysXCooking (74)
[2019.10.26-17.55.09:100][397]LogModuleManager: Shutting down and abandoning module SteamVR (72)
[2019.10.26-17.55.09:100][397]LogHMD: Freeing OpenVRDLLHandle.
[2019.10.26-17.55.09:100][397]LogModuleManager: Shutting down and abandoning module OculusHMD (70)
[2019.10.26-17.55.09:100][397]LogModuleManager: Shutting down and abandoning module ExampleDeviceProfileSelector (68)
[2019.10.26-17.55.09:100][397]LogModuleManager: Shutting down and abandoning module LauncherChunkInstaller (66)
[2019.10.26-17.55.09:100][397]LogModuleManager: Shutting down and abandoning module OnlineBlueprintSupport (64)
[2019.10.26-17.55.09:100][397]LogModuleManager: Shutting down and abandoning module OnlineSubsystem (60)
[2019.10.26-17.55.09:101][397]LogModuleManager: Shutting down and abandoning module XMPP (55)
[2019.10.26-17.55.09:101][397]LogModuleManager: Shutting down and abandoning module WebSockets (54)
[2019.10.26-17.55.09:106][397]LogModuleManager: Shutting down and abandoning module HTTP (51)
[2019.10.26-17.55.09:132][397]LogModuleManager: Shutting down and abandoning module SSL (50)
[2019.10.26-17.55.09:136][397]LogModuleManager: Shutting down and abandoning module WmfMedia (46)
[2019.10.26-17.55.09:138][397]LogModuleManager: Shutting down and abandoning module Media (45)
[2019.10.26-17.55.09:144][397]LogModuleManager: Shutting down and abandoning module MagicLeap (42)
[2019.10.26-17.55.09:144][397]LogModuleManager: Shutting down and abandoning module DatasmithContent (40)
[2019.10.26-17.55.09:145][397]LogModuleManager: Shutting down and abandoning module AnimationModifiers (38)
[2019.10.26-17.55.09:145][397]LogModuleManager: Shutting down and abandoning module PropertyEditor (37)
[2019.10.26-17.55.09:145][397]LogModuleManager: Shutting down and abandoning module AudioEditor (34)
[2019.10.26-17.55.09:145][397]LogModuleManager: Shutting down and abandoning module TextureCompressor (32)
[2019.10.26-17.55.09:145][397]LogModuleManager: Shutting down and abandoning module RenderCore (30)
[2019.10.26-17.55.09:145][397]LogModuleManager: Shutting down and abandoning module Landscape (28)
[2019.10.26-17.55.09:146][397]LogModuleManager: Shutting down and abandoning module SlateRHIRenderer (26)
[2019.10.26-17.55.09:146][397]LogModuleManager: Shutting down and abandoning module OpenGLDrv (24)
[2019.10.26-17.55.09:146][397]LogModuleManager: Shutting down and abandoning module D3D11RHI (22)
[2019.10.26-17.55.09:146][397]LogModuleManager: Shutting down and abandoning module AnimGraphRuntime (20)
[2019.10.26-17.55.09:146][397]LogModuleManager: Shutting down and abandoning module Renderer (18)
[2019.10.26-17.55.09:146][397]LogModuleManager: Shutting down and abandoning module Engine (16)
[2019.10.26-17.55.09:146][397]LogModuleManager: Shutting down and abandoning module CoreUObject (14)
[2019.10.26-17.55.09:146][397]LogModuleManager: Shutting down and abandoning module NetworkFile (12)
[2019.10.26-17.55.09:146][397]LogModuleManager: Shutting down and abandoning module CookedIterativeFile (10)
[2019.10.26-17.55.09:146][397]LogModuleManager: Shutting down and abandoning module StreamingFile (8)
[2019.10.26-17.55.09:146][397]LogModuleManager: Shutting down and abandoning module SandboxFile (6)
[2019.10.26-17.55.09:147][397]LogModuleManager: Shutting down and abandoning module PakFile (4)
[2019.10.26-17.55.09:147][397]LogModuleManager: Shutting down and abandoning module RSA (3)
[2019.10.26-17.55.09:159][397]LogExit: Exiting.
[2019.10.26-17.55.09:172][397]Log file closed, 10/26/19 10:55:09
