Log file open, 10/26/19 13:12:10
LogWindows: Failed to load 'aqProf.dll' (GetLastError=126)
LogWindows: File 'aqProf.dll' does not exist
LogWindows: Failed to load 'VtuneApi.dll' (GetLastError=126)
LogWindows: File 'VtuneApi.dll' does not exist
LogWindows: Failed to load 'VtuneApi32e.dll' (GetLastError=126)
LogWindows: File 'VtuneApi32e.dll' does not exist
LogConsoleResponse: Display: Failed to find resolution value strings in scalability ini. Falling back to default.
LogInit: Display: Running engine for game: Labyrinth
LogPakFile: Registered encryption key '00000000000000000000000000000000': 0 pak files mounted, 0 remain pending
LogPlatformFile: Not using cached read wrapper
LogTaskGraph: Started task graph with 5 named threads and 23 total threads with 3 sets of task threads.
LogStats: Stats thread started at 0.268469
LogD3D11RHI: Loaded GFSDK_Aftermath_Lib.x64.dll
LogICUInternationalization: ICU TimeZone Detection - Raw Offset: -8:00, Platform Override: ''
LogPluginManager: Mounting plugin Paper2D
LogPluginManager: Mounting plugin AISupport
LogPluginManager: Mounting plugin LightPropagationVolume
LogPluginManager: Mounting plugin ActorLayerUtilities
LogPluginManager: Mounting plugin AnimationSharing
LogPluginManager: Mounting plugin CLionSourceCodeAccess
LogPluginManager: Mounting plugin CodeLiteSourceCodeAccess
LogPluginManager: Mounting plugin GitSourceControl
LogPluginManager: Mounting plugin KDevelopSourceCodeAccess
LogPluginManager: Mounting plugin NullSourceCodeAccess
LogPluginManager: Mounting plugin PerforceSourceControl
LogPluginManager: Mounting plugin SubversionSourceControl
LogPluginManager: Mounting plugin UObjectPlugin
LogPluginManager: Mounting plugin VisualStudioCodeSourceCodeAccess
LogPluginManager: Mounting plugin VisualStudioSourceCodeAccess
LogPluginManager: Mounting plugin XCodeSourceCodeAccess
LogPluginManager: Mounting plugin AssetManagerEditor
LogPluginManager: Mounting plugin CryptoKeys
LogPluginManager: Mounting plugin DataValidation
LogPluginManager: Mounting plugin FacialAnimation
LogPluginManager: Mounting plugin GameplayTagsEditor
LogPluginManager: Mounting plugin MacGraphicsSwitching
LogPluginManager: Mounting plugin MaterialAnalyzer
LogPluginManager: Mounting plugin MobileLauncherProfileWizard
LogPluginManager: Mounting plugin PluginBrowser
LogPluginManager: Mounting plugin SpeedTreeImporter
LogPluginManager: Mounting plugin DatasmithContent
LogPluginManager: Mounting plugin VariantManagerContent
LogPluginManager: Mounting plugin AlembicImporter
LogPluginManager: Mounting plugin AppleImageUtils
LogPluginManager: Mounting plugin AppleVision
LogPluginManager: Mounting plugin BackChannel
LogPluginManager: Mounting plugin CharacterAI
LogPluginManager: Mounting plugin GeometryCache
LogPluginManager: Mounting plugin HTML5Networking
LogPluginManager: Mounting plugin ProxyLODPlugin
LogPluginManager: Mounting plugin SkeletalReduction
LogPluginManager: Mounting plugin MagicLeap
LogPluginManager: Mounting plugin MagicLeapMedia
LogPluginManager: Mounting plugin AndroidMedia
LogPluginManager: Mounting plugin AvfMedia
LogPluginManager: Mounting plugin ImgMedia
LogPluginManager: Mounting plugin LinearTimecode
LogPluginManager: Mounting plugin MediaCompositing
LogPluginManager: Mounting plugin MediaPlayerEditor
LogPluginManager: Mounting plugin WebMMedia
LogPluginManager: Mounting plugin WmfMedia
LogPluginManager: Mounting plugin TcpMessaging
LogPluginManager: Mounting plugin UdpMessaging
LogPluginManager: Mounting plugin ActorSequence
LogPluginManager: Mounting plugin LevelSequenceEditor
LogPluginManager: Mounting plugin MatineeToLevelSequence
LogPluginManager: Mounting plugin NetcodeUnitTest
LogPluginManager: Mounting plugin NUTUnrealEngine4
LogPluginManager: Mounting plugin OnlineSubsystemGooglePlay
LogPluginManager: Mounting plugin OnlineSubsystemIOS
LogPluginManager: Mounting plugin OnlineSubsystem
LogPluginManager: Mounting plugin OnlineSubsystemNull
LogPluginManager: Mounting plugin OnlineSubsystemUtils
LogPluginManager: Mounting plugin LauncherChunkInstaller
LogPluginManager: Mounting plugin AndroidDeviceProfileSelector
LogPluginManager: Mounting plugin AndroidMoviePlayer
LogPluginManager: Mounting plugin AndroidPermission
LogPluginManager: Mounting plugin AppleMoviePlayer
LogPluginManager: Mounting plugin ArchVisCharacter
LogPluginManager: Mounting plugin AudioCapture
LogPluginManager: Mounting plugin CableComponent
LogPluginManager: Mounting plugin CustomMeshComponent
LogPluginManager: Mounting plugin EditableMesh
LogPluginManager: Mounting plugin ExampleDeviceProfileSelector
LogPluginManager: Mounting plugin Firebase
LogPluginManager: Mounting plugin GoogleCloudMessaging
LogPluginManager: Mounting plugin IOSDeviceProfileSelector
LogPluginManager: Mounting plugin LinuxDeviceProfileSelector
LogPluginManager: Mounting plugin LocationServicesBPLibrary
LogPluginManager: Mounting plugin MobilePatchingUtils
LogPluginManager: Mounting plugin OculusVR
LogPluginManager: Mounting plugin PhysXVehicles
LogPluginManager: Mounting plugin ProceduralMeshComponent
LogPluginManager: Mounting plugin RuntimePhysXCooking
LogPluginManager: Mounting plugin SignificanceManager
LogPluginManager: Mounting plugin SteamVR
LogPluginManager: Mounting plugin WebMMoviePlayer
LogPluginManager: Mounting plugin WindowsMoviePlayer
LogInit: Using libcurl 7.55.1-DEV
LogInit:  - built for x86_64-pc-win32
LogInit:  - supports SSL with OpenSSL/1.1.1
LogInit:  - supports HTTP deflate (compression) using libz 1.2.8
LogInit:  - other features:
LogInit:      CURL_VERSION_SSL
LogInit:      CURL_VERSION_LIBZ
LogInit:      CURL_VERSION_IPV6
LogInit:      CURL_VERSION_ASYNCHDNS
LogInit:      CURL_VERSION_LARGEFILE
LogInit:      CURL_VERSION_IDN
LogInit:  CurlRequestOptions (configurable via config and command line):
LogInit:  - bVerifyPeer = true  - Libcurl will verify peer certificate
LogInit:  - bUseHttpProxy = false  - Libcurl will NOT use HTTP proxy
LogInit:  - bDontReuseConnections = false  - Libcurl will reuse connections
LogInit:  - MaxHostConnections = 16  - Libcurl will limit the number of connections to a host
LogInit:  - LocalHostAddr = Default
LogInit:  - BufferSize = 65536
LogInit: WinSock: version 1.1 (2.2), MaxSocks=32767, MaxUdp=65467
LogInit: Build: ++UE4+Release-4.22-CL-7053642
LogInit: Engine Version: 4.22.3-7053642+++UE4+Release-4.22
LogInit: Compatible Engine Version: 4.22.0-5660361+++UE4+Release-4.22
LogInit: Net CL: 5660361
LogInit: OS: Windows 10 (Release 1903) (), CPU: Intel(R) Core(TM) i7-7820HQ CPU @ 2.90GHz, GPU: Radeon Pro 560
LogInit: Compiled (64-bit): Jun 18 2019 03:09:11
LogInit: Compiled with Visual C++: 19.16.27025.01
LogInit: Build Configuration: Development
LogInit: Branch Name: ++UE4+Release-4.22
LogInit: Command Line: 
LogInit: Base Directory: C:/Program Files/Epic Games/UE_4.22/Engine/Binaries/Win64/
LogInit: Installed Engine Build: 1
LogDevObjectVersion: Number of dev versions registered: 23
LogDevObjectVersion:   Dev-Blueprints (B0D832E4-1F89-4F0D-ACCF-7EB736FD4AA2): 10
LogDevObjectVersion:   Dev-Build (E1C64328-A22C-4D53-A36C-8E866417BD8C): 0
LogDevObjectVersion:   Dev-Core (375EC13C-06E4-48FB-B500-84F0262A717E): 3
LogDevObjectVersion:   Dev-Editor (E4B068ED-F494-42E9-A231-DA0B2E46BB41): 30
LogDevObjectVersion:   Dev-Framework (CFFC743F-43B0-4480-9391-14DF171D2073): 35
LogDevObjectVersion:   Dev-Mobile (B02B49B5-BB20-44E9-A304-32B752E40360): 2
LogDevObjectVersion:   Dev-Networking (A4E4105C-59A1-49B5-A7C5-40C4547EDFEE): 0
LogDevObjectVersion:   Dev-Online (39C831C9-5AE6-47DC-9A44-9C173E1C8E7C): 0
LogDevObjectVersion:   Dev-Physics (78F01B33-EBEA-4F98-B9B4-84EACCB95AA2): 0
LogDevObjectVersion:   Dev-Platform (6631380F-2D4D-43E0-8009-CF276956A95A): 0
LogDevObjectVersion:   Dev-Rendering (12F88B9F-8875-4AFC-A67C-D90C383ABD29): 28
LogDevObjectVersion:   Dev-Sequencer (7B5AE74C-D270-4C10-A958-57980B212A5A): 11
LogDevObjectVersion:   Dev-VR (D7296918-1DD6-4BDD-9DE2-64A83CC13884): 2
LogDevObjectVersion:   Dev-LoadTimes (C2A15278-BFE7-4AFE-6C17-90FF531DF755): 1
LogDevObjectVersion:   Private-Geometry (6EACA3D4-40EC-4CC1-B786-8BED09428FC5): 3
LogDevObjectVersion:   Dev-AnimPhys (29E575DD-E0A3-4627-9D10-D276232CDCEA): 17
LogDevObjectVersion:   Dev-Anim (AF43A65D-7FD3-4947-9873-3E8ED9C1BB05): 2
LogDevObjectVersion:   Dev-ReflectionCapture (6B266CEC-1EC7-4B8F-A30B-E4D90942FC07): 1
LogDevObjectVersion:   Dev-Automation (0DF73D61-A23F-47EA-B727-89E90C41499A): 1
LogDevObjectVersion:   FortniteMain (601D1886-AC64-4F84-AA16-D3DE0DEAC7D6): 25
LogDevObjectVersion:   Dev-Enterprise (9DFFBCD6-494F-0158-E221-12823C92A888): 6
LogDevObjectVersion:   Dev-Niagara (F2AED0AC-9AFE-416F-8664-AA7FFA26D6FC): 1
LogDevObjectVersion:   Dev-Destruction (174F1F0B-B4C6-45A5-B13F-2EE8D0FB917D): 2
LogInit: Presizing for max 16777216 objects, including 0 objects not considered by GC, pre-allocating 0 bytes for permanent pool.
LogInit: Object subsystem initialized
LogConfig: Setting CVar [[con.DebugEarlyDefault:1]]
LogConfig: Setting CVar [[r.setres:1280x720]]
[2019.10.26-20.12.11:015][  0]LogConfig: Setting CVar [[r.VSync:0]]
[2019.10.26-20.12.11:015][  0]LogConfig: Setting CVar [[r.RHICmdBypass:0]]
[2019.10.26-20.12.11:015][  0]LogConfig: Applying CVar settings from Section [/Script/Engine.RendererSettings] File [C:/Users/Eric/Documents/Unreal Projects/Labyrinth/Saved/Config/Windows/Engine.ini]
[2019.10.26-20.12.11:015][  0]LogConfig: Setting CVar [[r.GPUCrashDebugging:0]]
[2019.10.26-20.12.11:015][  0]LogConfig: Setting CVar [[r.ReflectionCaptureResolution:128]]
[2019.10.26-20.12.11:016][  0]LogConfig: Setting CVar [[r.ReflectionEnvironmentLightmapMixBasedOnRoughness:1]]
[2019.10.26-20.12.11:016][  0]LogConfig: Setting CVar [[r.AllowOcclusionQueries:1]]
[2019.10.26-20.12.11:016][  0]LogConfig: Setting CVar [[r.TextureStreaming:1]]
[2019.10.26-20.12.11:016][  0]LogConfig: Setting CVar [[r.NormalMapsForStaticLighting:1]]
[2019.10.26-20.12.11:016][  0]LogConfig: Applying CVar settings from Section [/Script/Engine.RendererOverrideSettings] File [C:/Users/Eric/Documents/Unreal Projects/Labyrinth/Saved/Config/Windows/Engine.ini]
[2019.10.26-20.12.11:016][  0]LogConfig: Applying CVar settings from Section [/Script/Engine.StreamingSettings] File [C:/Users/Eric/Documents/Unreal Projects/Labyrinth/Saved/Config/Windows/Engine.ini]
[2019.10.26-20.12.11:016][  0]LogConfig: Setting CVar [[s.MinBulkDataSizeForAsyncLoading:131072]]
[2019.10.26-20.12.11:016][  0]LogConfig: Setting CVar [[s.AsyncLoadingThreadEnabled:0]]
[2019.10.26-20.12.11:016][  0]LogConfig: Setting CVar [[s.EventDrivenLoaderEnabled:1]]
[2019.10.26-20.12.11:016][  0]LogConfig: Setting CVar [[s.WarnIfTimeLimitExceeded:0]]
[2019.10.26-20.12.11:016][  0]LogConfig: Setting CVar [[s.TimeLimitExceededMultiplier:1.5]]
[2019.10.26-20.12.11:016][  0]LogConfig: Setting CVar [[s.TimeLimitExceededMinTime:0.005]]
[2019.10.26-20.12.11:016][  0]LogConfig: Setting CVar [[s.UseBackgroundLevelStreaming:1]]
[2019.10.26-20.12.11:016][  0]LogConfig: Setting CVar [[s.PriorityAsyncLoadingExtraTime:15.0]]
[2019.10.26-20.12.11:016][  0]LogConfig: Setting CVar [[s.LevelStreamingActorsUpdateTimeLimit:5.0]]
[2019.10.26-20.12.11:016][  0]LogConfig: Setting CVar [[s.PriorityLevelStreamingActorsUpdateExtraTime:5.0]]
[2019.10.26-20.12.11:016][  0]LogConfig: Setting CVar [[s.LevelStreamingComponentsRegistrationGranularity:10]]
[2019.10.26-20.12.11:016][  0]LogConfig: Setting CVar [[s.UnregisterComponentsTimeLimit:1.0]]
[2019.10.26-20.12.11:016][  0]LogConfig: Setting CVar [[s.LevelStreamingComponentsUnregistrationGranularity:5]]
[2019.10.26-20.12.11:016][  0]LogConfig: Applying CVar settings from Section [/Script/Engine.GarbageCollectionSettings] File [C:/Users/Eric/Documents/Unreal Projects/Labyrinth/Saved/Config/Windows/Engine.ini]
[2019.10.26-20.12.11:016][  0]LogConfig: Setting CVar [[gc.MaxObjectsNotConsideredByGC:1]]
[2019.10.26-20.12.11:016][  0]LogConfig: Setting CVar [[gc.SizeOfPermanentObjectPool:0]]
[2019.10.26-20.12.11:016][  0]LogConfig: Setting CVar [[gc.FlushStreamingOnGC:0]]
[2019.10.26-20.12.11:016][  0]LogConfig: Setting CVar [[gc.NumRetriesBeforeForcingGC:10]]
[2019.10.26-20.12.11:016][  0]LogConfig: Setting CVar [[gc.AllowParallelGC:1]]
[2019.10.26-20.12.11:016][  0]LogConfig: Setting CVar [[gc.TimeBetweenPurgingPendingKillObjects:61.1]]
[2019.10.26-20.12.11:016][  0]LogConfig: Setting CVar [[gc.MaxObjectsInEditor:16777216]]
[2019.10.26-20.12.11:016][  0]LogConfig: Setting CVar [[gc.IncrementalBeginDestroyEnabled:1]]
[2019.10.26-20.12.11:016][  0]LogConfig: Setting CVar [[gc.CreateGCClusters:1]]
[2019.10.26-20.12.11:016][  0]LogConfig: Setting CVar [[gc.MinGCClusterSize:5]]
[2019.10.26-20.12.11:016][  0]LogConfig: Setting CVar [[gc.ActorClusteringEnabled:0]]
[2019.10.26-20.12.11:016][  0]LogConfig: Setting CVar [[gc.BlueprintClusteringEnabled:0]]
[2019.10.26-20.12.11:016][  0]LogConfig: Setting CVar [[gc.UseDisregardForGCOnDedicatedServers:0]]
[2019.10.26-20.12.11:016][  0]LogConfig: Applying CVar settings from Section [/Script/Engine.NetworkSettings] File [C:/Users/Eric/Documents/Unreal Projects/Labyrinth/Saved/Config/Windows/Engine.ini]
[2019.10.26-20.12.11:016][  0]LogConfig: Applying CVar settings from Section [/Script/UnrealEd.CookerSettings] File [C:/Users/Eric/Documents/Unreal Projects/Labyrinth/Saved/Config/Windows/Engine.ini]
[2019.10.26-20.12.11:033][  0]LogConfig: Applying CVar settings from Section [ViewDistanceQuality@3] File [C:/Users/Eric/Documents/Unreal Projects/Labyrinth/Saved/Config/Windows/Scalability.ini]
[2019.10.26-20.12.11:033][  0]LogConfig: Setting CVar [[r.SkeletalMeshLODBias:0]]
[2019.10.26-20.12.11:033][  0]LogConfig: Setting CVar [[r.ViewDistanceScale:1.0]]
[2019.10.26-20.12.11:033][  0]LogConfig: Applying CVar settings from Section [AntiAliasingQuality@3] File [C:/Users/Eric/Documents/Unreal Projects/Labyrinth/Saved/Config/Windows/Scalability.ini]
[2019.10.26-20.12.11:033][  0]LogConfig: Setting CVar [[r.PostProcessAAQuality:4]]
[2019.10.26-20.12.11:033][  0]LogConfig: Applying CVar settings from Section [ShadowQuality@3] File [C:/Users/Eric/Documents/Unreal Projects/Labyrinth/Saved/Config/Windows/Scalability.ini]
[2019.10.26-20.12.11:033][  0]LogConfig: Setting CVar [[r.LightFunctionQuality:1]]
[2019.10.26-20.12.11:033][  0]LogConfig: Setting CVar [[r.ShadowQuality:5]]
[2019.10.26-20.12.11:033][  0]LogConfig: Setting CVar [[r.Shadow.CSM.MaxCascades:10]]
[2019.10.26-20.12.11:033][  0]LogConfig: Setting CVar [[r.Shadow.MaxResolution:2048]]
[2019.10.26-20.12.11:033][  0]LogConfig: Setting CVar [[r.Shadow.MaxCSMResolution:2048]]
[2019.10.26-20.12.11:033][  0]LogConfig: Setting CVar [[r.Shadow.RadiusThreshold:0.01]]
[2019.10.26-20.12.11:033][  0]LogConfig: Setting CVar [[r.Shadow.DistanceScale:1.0]]
[2019.10.26-20.12.11:033][  0]LogConfig: Setting CVar [[r.Shadow.CSM.TransitionScale:1.0]]
[2019.10.26-20.12.11:033][  0]LogConfig: Setting CVar [[r.Shadow.PreShadowResolutionFactor:1.0]]
[2019.10.26-20.12.11:033][  0]LogConfig: Setting CVar [[r.DistanceFieldShadowing:1]]
[2019.10.26-20.12.11:033][  0]LogConfig: Setting CVar [[r.DistanceFieldAO:1]]
[2019.10.26-20.12.11:033][  0]LogConfig: Setting CVar [[r.AOQuality:2]]
[2019.10.26-20.12.11:033][  0]LogConfig: Setting CVar [[r.VolumetricFog:1]]
[2019.10.26-20.12.11:033][  0]LogConfig: Setting CVar [[r.VolumetricFog.GridPixelSize:8]]
[2019.10.26-20.12.11:033][  0]LogConfig: Setting CVar [[r.VolumetricFog.GridSizeZ:128]]
[2019.10.26-20.12.11:033][  0]LogConfig: Setting CVar [[r.VolumetricFog.HistoryMissSupersampleCount:4]]
[2019.10.26-20.12.11:033][  0]LogConfig: Setting CVar [[r.LightMaxDrawDistanceScale:1]]
[2019.10.26-20.12.11:033][  0]LogConfig: Setting CVar [[r.CapsuleShadows:1]]
[2019.10.26-20.12.11:033][  0]LogConfig: Applying CVar settings from Section [PostProcessQuality@3] File [C:/Users/Eric/Documents/Unreal Projects/Labyrinth/Saved/Config/Windows/Scalability.ini]
[2019.10.26-20.12.11:033][  0]LogConfig: Setting CVar [[r.MotionBlurQuality:4]]
[2019.10.26-20.12.11:033][  0]LogConfig: Setting CVar [[r.AmbientOcclusionMipLevelFactor:0.4]]
[2019.10.26-20.12.11:033][  0]LogConfig: Setting CVar [[r.AmbientOcclusionMaxQuality:100]]
[2019.10.26-20.12.11:033][  0]LogConfig: Setting CVar [[r.AmbientOcclusionLevels:-1]]
[2019.10.26-20.12.11:033][  0]LogConfig: Setting CVar [[r.AmbientOcclusionRadiusScale:1.0]]
[2019.10.26-20.12.11:033][  0]LogConfig: Setting CVar [[r.DepthOfFieldQuality:2]]
[2019.10.26-20.12.11:033][  0]LogConfig: Setting CVar [[r.RenderTargetPoolMin:400]]
[2019.10.26-20.12.11:033][  0]LogConfig: Setting CVar [[r.LensFlareQuality:2]]
[2019.10.26-20.12.11:033][  0]LogConfig: Setting CVar [[r.SceneColorFringeQuality:1]]
[2019.10.26-20.12.11:033][  0]LogConfig: Setting CVar [[r.EyeAdaptationQuality:2]]
[2019.10.26-20.12.11:033][  0]LogConfig: Setting CVar [[r.BloomQuality:5]]
[2019.10.26-20.12.11:033][  0]LogConfig: Setting CVar [[r.FastBlurThreshold:100]]
[2019.10.26-20.12.11:033][  0]LogConfig: Setting CVar [[r.Upscale.Quality:3]]
[2019.10.26-20.12.11:033][  0]LogConfig: Setting CVar [[r.Tonemapper.GrainQuantization:1]]
[2019.10.26-20.12.11:033][  0]LogConfig: Setting CVar [[r.LightShaftQuality:1]]
[2019.10.26-20.12.11:033][  0]LogConfig: Setting CVar [[r.Filter.SizeScale:1]]
[2019.10.26-20.12.11:033][  0]LogConfig: Setting CVar [[r.Tonemapper.Quality:5]]
[2019.10.26-20.12.11:033][  0]LogConfig: Setting CVar [[r.DOF.Gather.AccumulatorQuality:1        ; higher gathering accumulator quality]]
[2019.10.26-20.12.11:034][  0]LogConfig: Setting CVar [[r.DOF.Gather.PostfilterMethod:1          ; Median3x3 postfilering method]]
[2019.10.26-20.12.11:034][  0]LogConfig: Setting CVar [[r.DOF.Gather.EnableBokehSettings:0       ; no bokeh simulation when gathering]]
[2019.10.26-20.12.11:034][  0]LogConfig: Setting CVar [[r.DOF.Gather.RingCount:4                 ; medium number of samples when gathering]]
[2019.10.26-20.12.11:034][  0]LogConfig: Setting CVar [[r.DOF.Scatter.ForegroundCompositing:1    ; additive foreground scattering]]
[2019.10.26-20.12.11:034][  0]LogConfig: Setting CVar [[r.DOF.Scatter.BackgroundCompositing:2    ; additive background scattering]]
[2019.10.26-20.12.11:034][  0]LogConfig: Setting CVar [[r.DOF.Scatter.EnableBokehSettings:1      ; bokeh simulation when scattering]]
[2019.10.26-20.12.11:034][  0]LogConfig: Setting CVar [[r.DOF.Scatter.MaxSpriteRatio:0.1         ; only a maximum of 10% of scattered bokeh]]
[2019.10.26-20.12.11:034][  0]LogConfig: Setting CVar [[r.DOF.Recombine.Quality:1                ; cheap slight out of focus]]
[2019.10.26-20.12.11:034][  0]LogConfig: Setting CVar [[r.DOF.Recombine.EnableBokehSettings:0    ; no bokeh simulation on slight out of focus]]
[2019.10.26-20.12.11:034][  0]LogConfig: Setting CVar [[r.DOF.TemporalAAQuality:1                ; more stable temporal accumulation]]
[2019.10.26-20.12.11:034][  0]LogConfig: Setting CVar [[r.DOF.Kernel.MaxForegroundRadius:0.025]]
[2019.10.26-20.12.11:034][  0]LogConfig: Setting CVar [[r.DOF.Kernel.MaxBackgroundRadius:0.025]]
[2019.10.26-20.12.11:034][  0]LogConfig: Applying CVar settings from Section [TextureQuality@3] File [C:/Users/Eric/Documents/Unreal Projects/Labyrinth/Saved/Config/Windows/Scalability.ini]
[2019.10.26-20.12.11:034][  0]LogConfig: Setting CVar [[r.Streaming.MipBias:0]]
[2019.10.26-20.12.11:034][  0]LogConfig: Setting CVar [[r.Streaming.AmortizeCPUToGPUCopy:0]]
[2019.10.26-20.12.11:034][  0]LogConfig: Setting CVar [[r.Streaming.MaxNumTexturesToStreamPerFrame:0]]
[2019.10.26-20.12.11:034][  0]LogConfig: Setting CVar [[r.Streaming.Boost:1]]
[2019.10.26-20.12.11:034][  0]LogConfig: Setting CVar [[r.MaxAnisotropy:8]]
[2019.10.26-20.12.11:034][  0]LogConfig: Setting CVar [[r.Streaming.LimitPoolSizeToVRAM:0]]
[2019.10.26-20.12.11:034][  0]LogConfig: Setting CVar [[r.Streaming.PoolSize:1000]]
[2019.10.26-20.12.11:034][  0]LogConfig: Setting CVar [[r.Streaming.MaxEffectiveScreenSize:0]]
[2019.10.26-20.12.11:034][  0]LogConfig: Applying CVar settings from Section [EffectsQuality@3] File [C:/Users/Eric/Documents/Unreal Projects/Labyrinth/Saved/Config/Windows/Scalability.ini]
[2019.10.26-20.12.11:034][  0]LogConfig: Setting CVar [[r.TranslucencyLightingVolumeDim:64]]
[2019.10.26-20.12.11:034][  0]LogConfig: Setting CVar [[r.RefractionQuality:2]]
[2019.10.26-20.12.11:034][  0]LogConfig: Setting CVar [[r.SSR.Quality:3]]
[2019.10.26-20.12.11:034][  0]LogConfig: Setting CVar [[r.SceneColorFormat:4]]
[2019.10.26-20.12.11:034][  0]LogConfig: Setting CVar [[r.DetailMode:2]]
[2019.10.26-20.12.11:034][  0]LogConfig: Setting CVar [[r.TranslucencyVolumeBlur:1]]
[2019.10.26-20.12.11:034][  0]LogConfig: Setting CVar [[r.MaterialQualityLevel:1 ; High quality]]
[2019.10.26-20.12.11:034][  0]LogConfig: Setting CVar [[r.SSS.Scale:1]]
[2019.10.26-20.12.11:034][  0]LogConfig: Setting CVar [[r.SSS.SampleSet:2]]
[2019.10.26-20.12.11:034][  0]LogConfig: Setting CVar [[r.SSS.Quality:1]]
[2019.10.26-20.12.11:034][  0]LogConfig: Setting CVar [[r.SSS.HalfRes:1]]
[2019.10.26-20.12.11:034][  0]LogConfig: Setting CVar [[r.EmitterSpawnRateScale:1.0]]
[2019.10.26-20.12.11:034][  0]LogConfig: Setting CVar [[r.ParticleLightQuality:2]]
[2019.10.26-20.12.11:034][  0]LogConfig: Applying CVar settings from Section [FoliageQuality@3] File [C:/Users/Eric/Documents/Unreal Projects/Labyrinth/Saved/Config/Windows/Scalability.ini]
[2019.10.26-20.12.11:034][  0]LogConfig: Setting CVar [[foliage.DensityScale:1.0]]
[2019.10.26-20.12.11:035][  0]LogConfig: Setting CVar [[grass.DensityScale:1.0]]
[2019.10.26-20.12.11:035][  0]LogInit: Selected Device Profile: [Windows]
[2019.10.26-20.12.11:035][  0]LogInit: Applying CVar settings loaded from the selected device profile: [Windows]
[2019.10.26-20.12.11:048][  0]LogHAL: Display: Platform has ~ 16 GB [17072091136 / 17179869184 / 16], which maps to Larger [LargestMinGB=32, LargerMinGB=12, DefaultMinGB=8, SmallerMinGB=6, SmallestMinGB=0)
[2019.10.26-20.12.11:048][  0]LogConfig: Setting CVar [[r.Vulkan.UseRealUBs:0		; Required until we fix HLR fall-out]]
[2019.10.26-20.12.11:048][  0]LogInit: Going up to parent DeviceProfile []
[2019.10.26-20.12.11:048][  0]LogConfig: Applying CVar settings from Section [ViewDistanceQuality@3] File [C:/Users/Eric/Documents/Unreal Projects/Labyrinth/Saved/Config/Windows/Scalability.ini]
[2019.10.26-20.12.11:048][  0]LogConfig: Setting CVar [[r.SkeletalMeshLODBias:0]]
[2019.10.26-20.12.11:048][  0]LogConfig: Setting CVar [[r.ViewDistanceScale:1.0]]
[2019.10.26-20.12.11:048][  0]LogConfig: Applying CVar settings from Section [AntiAliasingQuality@3] File [C:/Users/Eric/Documents/Unreal Projects/Labyrinth/Saved/Config/Windows/Scalability.ini]
[2019.10.26-20.12.11:048][  0]LogConfig: Setting CVar [[r.PostProcessAAQuality:4]]
[2019.10.26-20.12.11:048][  0]LogConfig: Applying CVar settings from Section [ShadowQuality@3] File [C:/Users/Eric/Documents/Unreal Projects/Labyrinth/Saved/Config/Windows/Scalability.ini]
[2019.10.26-20.12.11:048][  0]LogConfig: Setting CVar [[r.LightFunctionQuality:1]]
[2019.10.26-20.12.11:048][  0]LogConfig: Setting CVar [[r.ShadowQuality:5]]
[2019.10.26-20.12.11:048][  0]LogConfig: Setting CVar [[r.Shadow.CSM.MaxCascades:10]]
[2019.10.26-20.12.11:048][  0]LogConfig: Setting CVar [[r.Shadow.MaxResolution:2048]]
[2019.10.26-20.12.11:049][  0]LogConfig: Setting CVar [[r.Shadow.MaxCSMResolution:2048]]
[2019.10.26-20.12.11:049][  0]LogConfig: Setting CVar [[r.Shadow.RadiusThreshold:0.01]]
[2019.10.26-20.12.11:049][  0]LogConfig: Setting CVar [[r.Shadow.DistanceScale:1.0]]
[2019.10.26-20.12.11:049][  0]LogConfig: Setting CVar [[r.Shadow.CSM.TransitionScale:1.0]]
[2019.10.26-20.12.11:049][  0]LogConfig: Setting CVar [[r.Shadow.PreShadowResolutionFactor:1.0]]
[2019.10.26-20.12.11:049][  0]LogConfig: Setting CVar [[r.DistanceFieldShadowing:1]]
[2019.10.26-20.12.11:049][  0]LogConfig: Setting CVar [[r.DistanceFieldAO:1]]
[2019.10.26-20.12.11:049][  0]LogConfig: Setting CVar [[r.AOQuality:2]]
[2019.10.26-20.12.11:049][  0]LogConfig: Setting CVar [[r.VolumetricFog:1]]
[2019.10.26-20.12.11:049][  0]LogConfig: Setting CVar [[r.VolumetricFog.GridPixelSize:8]]
[2019.10.26-20.12.11:049][  0]LogConfig: Setting CVar [[r.VolumetricFog.GridSizeZ:128]]
[2019.10.26-20.12.11:049][  0]LogConfig: Setting CVar [[r.VolumetricFog.HistoryMissSupersampleCount:4]]
[2019.10.26-20.12.11:049][  0]LogConfig: Setting CVar [[r.LightMaxDrawDistanceScale:1]]
[2019.10.26-20.12.11:049][  0]LogConfig: Setting CVar [[r.CapsuleShadows:1]]
[2019.10.26-20.12.11:049][  0]LogConfig: Applying CVar settings from Section [PostProcessQuality@3] File [C:/Users/Eric/Documents/Unreal Projects/Labyrinth/Saved/Config/Windows/Scalability.ini]
[2019.10.26-20.12.11:049][  0]LogConfig: Setting CVar [[r.MotionBlurQuality:4]]
[2019.10.26-20.12.11:049][  0]LogConfig: Setting CVar [[r.AmbientOcclusionMipLevelFactor:0.4]]
[2019.10.26-20.12.11:049][  0]LogConfig: Setting CVar [[r.AmbientOcclusionMaxQuality:100]]
[2019.10.26-20.12.11:049][  0]LogConfig: Setting CVar [[r.AmbientOcclusionLevels:-1]]
[2019.10.26-20.12.11:049][  0]LogConfig: Setting CVar [[r.AmbientOcclusionRadiusScale:1.0]]
[2019.10.26-20.12.11:049][  0]LogConfig: Setting CVar [[r.DepthOfFieldQuality:2]]
[2019.10.26-20.12.11:049][  0]LogConfig: Setting CVar [[r.RenderTargetPoolMin:400]]
[2019.10.26-20.12.11:049][  0]LogConfig: Setting CVar [[r.LensFlareQuality:2]]
[2019.10.26-20.12.11:049][  0]LogConfig: Setting CVar [[r.SceneColorFringeQuality:1]]
[2019.10.26-20.12.11:049][  0]LogConfig: Setting CVar [[r.EyeAdaptationQuality:2]]
[2019.10.26-20.12.11:049][  0]LogConfig: Setting CVar [[r.BloomQuality:5]]
[2019.10.26-20.12.11:049][  0]LogConfig: Setting CVar [[r.FastBlurThreshold:100]]
[2019.10.26-20.12.11:049][  0]LogConfig: Setting CVar [[r.Upscale.Quality:3]]
[2019.10.26-20.12.11:049][  0]LogConfig: Setting CVar [[r.Tonemapper.GrainQuantization:1]]
[2019.10.26-20.12.11:049][  0]LogConfig: Setting CVar [[r.LightShaftQuality:1]]
[2019.10.26-20.12.11:049][  0]LogConfig: Setting CVar [[r.Filter.SizeScale:1]]
[2019.10.26-20.12.11:049][  0]LogConfig: Setting CVar [[r.Tonemapper.Quality:5]]
[2019.10.26-20.12.11:049][  0]LogConfig: Setting CVar [[r.DOF.Gather.AccumulatorQuality:1        ; higher gathering accumulator quality]]
[2019.10.26-20.12.11:049][  0]LogConfig: Setting CVar [[r.DOF.Gather.PostfilterMethod:1          ; Median3x3 postfilering method]]
[2019.10.26-20.12.11:049][  0]LogConfig: Setting CVar [[r.DOF.Gather.EnableBokehSettings:0       ; no bokeh simulation when gathering]]
[2019.10.26-20.12.11:049][  0]LogConfig: Setting CVar [[r.DOF.Gather.RingCount:4                 ; medium number of samples when gathering]]
[2019.10.26-20.12.11:049][  0]LogConfig: Setting CVar [[r.DOF.Scatter.ForegroundCompositing:1    ; additive foreground scattering]]
[2019.10.26-20.12.11:049][  0]LogConfig: Setting CVar [[r.DOF.Scatter.BackgroundCompositing:2    ; additive background scattering]]
[2019.10.26-20.12.11:049][  0]LogConfig: Setting CVar [[r.DOF.Scatter.EnableBokehSettings:1      ; bokeh simulation when scattering]]
[2019.10.26-20.12.11:049][  0]LogConfig: Setting CVar [[r.DOF.Scatter.MaxSpriteRatio:0.1         ; only a maximum of 10% of scattered bokeh]]
[2019.10.26-20.12.11:049][  0]LogConfig: Setting CVar [[r.DOF.Recombine.Quality:1                ; cheap slight out of focus]]
[2019.10.26-20.12.11:049][  0]LogConfig: Setting CVar [[r.DOF.Recombine.EnableBokehSettings:0    ; no bokeh simulation on slight out of focus]]
[2019.10.26-20.12.11:049][  0]LogConfig: Setting CVar [[r.DOF.TemporalAAQuality:1                ; more stable temporal accumulation]]
[2019.10.26-20.12.11:049][  0]LogConfig: Setting CVar [[r.DOF.Kernel.MaxForegroundRadius:0.025]]
[2019.10.26-20.12.11:049][  0]LogConfig: Setting CVar [[r.DOF.Kernel.MaxBackgroundRadius:0.025]]
[2019.10.26-20.12.11:049][  0]LogConfig: Applying CVar settings from Section [TextureQuality@3] File [C:/Users/Eric/Documents/Unreal Projects/Labyrinth/Saved/Config/Windows/Scalability.ini]
[2019.10.26-20.12.11:049][  0]LogConfig: Setting CVar [[r.Streaming.MipBias:0]]
[2019.10.26-20.12.11:049][  0]LogConfig: Setting CVar [[r.Streaming.AmortizeCPUToGPUCopy:0]]
[2019.10.26-20.12.11:049][  0]LogConfig: Setting CVar [[r.Streaming.MaxNumTexturesToStreamPerFrame:0]]
[2019.10.26-20.12.11:049][  0]LogConfig: Setting CVar [[r.Streaming.Boost:1]]
[2019.10.26-20.12.11:049][  0]LogConfig: Setting CVar [[r.MaxAnisotropy:8]]
[2019.10.26-20.12.11:049][  0]LogConfig: Setting CVar [[r.Streaming.LimitPoolSizeToVRAM:0]]
[2019.10.26-20.12.11:049][  0]LogConfig: Setting CVar [[r.Streaming.PoolSize:1000]]
[2019.10.26-20.12.11:049][  0]LogConfig: Setting CVar [[r.Streaming.MaxEffectiveScreenSize:0]]
[2019.10.26-20.12.11:049][  0]LogConfig: Applying CVar settings from Section [EffectsQuality@3] File [C:/Users/Eric/Documents/Unreal Projects/Labyrinth/Saved/Config/Windows/Scalability.ini]
[2019.10.26-20.12.11:049][  0]LogConfig: Setting CVar [[r.TranslucencyLightingVolumeDim:64]]
[2019.10.26-20.12.11:049][  0]LogConfig: Setting CVar [[r.RefractionQuality:2]]
[2019.10.26-20.12.11:049][  0]LogConfig: Setting CVar [[r.SSR.Quality:3]]
[2019.10.26-20.12.11:049][  0]LogConfig: Setting CVar [[r.SceneColorFormat:4]]
[2019.10.26-20.12.11:049][  0]LogConfig: Setting CVar [[r.DetailMode:2]]
[2019.10.26-20.12.11:049][  0]LogConfig: Setting CVar [[r.TranslucencyVolumeBlur:1]]
[2019.10.26-20.12.11:049][  0]LogConfig: Setting CVar [[r.MaterialQualityLevel:1 ; High quality]]
[2019.10.26-20.12.11:049][  0]LogConfig: Setting CVar [[r.SSS.Scale:1]]
[2019.10.26-20.12.11:049][  0]LogConfig: Setting CVar [[r.SSS.SampleSet:2]]
[2019.10.26-20.12.11:049][  0]LogConfig: Setting CVar [[r.SSS.Quality:1]]
[2019.10.26-20.12.11:049][  0]LogConfig: Setting CVar [[r.SSS.HalfRes:1]]
[2019.10.26-20.12.11:049][  0]LogConfig: Setting CVar [[r.EmitterSpawnRateScale:1.0]]
[2019.10.26-20.12.11:049][  0]LogConfig: Setting CVar [[r.ParticleLightQuality:2]]
[2019.10.26-20.12.11:049][  0]LogConfig: Applying CVar settings from Section [FoliageQuality@3] File [C:/Users/Eric/Documents/Unreal Projects/Labyrinth/Saved/Config/Windows/Scalability.ini]
[2019.10.26-20.12.11:049][  0]LogConfig: Setting CVar [[foliage.DensityScale:1.0]]
[2019.10.26-20.12.11:049][  0]LogConfig: Setting CVar [[grass.DensityScale:1.0]]
[2019.10.26-20.12.11:049][  0]LogConfig: Applying CVar settings from Section [Startup] File [../../../Engine/Config/ConsoleVariables.ini]
[2019.10.26-20.12.11:050][  0]LogConfig: Setting CVar [[net.UseAdaptiveNetUpdateFrequency:0]]
[2019.10.26-20.12.11:050][  0]LogConfig: Setting CVar [[p.chaos.AllowCreatePhysxBodies:1]]
[2019.10.26-20.12.11:050][  0]LogConfig: Applying CVar settings from Section [ConsoleVariables] File [C:/Users/Eric/Documents/Unreal Projects/Labyrinth/Saved/Config/Windows/Engine.ini]
[2019.10.26-20.12.11:050][  0]LogInit: Computer: DESKTOP-ONIT7JI
[2019.10.26-20.12.11:050][  0]LogInit: User: Eric
[2019.10.26-20.12.11:050][  0]LogInit: CPU Page size=4096, Cores=4
[2019.10.26-20.12.11:050][  0]LogInit: High frequency timer resolution =10.000000 MHz
[2019.10.26-20.12.11:050][  0]LogMemory: Memory total: Physical=15.9GB (16GB approx)
[2019.10.26-20.12.11:050][  0]LogMemory: Platform Memory Stats for Windows
[2019.10.26-20.12.11:050][  0]LogMemory: Process Physical Memory: 97.59 MB used, 97.59 MB peak
[2019.10.26-20.12.11:050][  0]LogMemory: Process Virtual Memory: 92.80 MB used, 92.80 MB peak
[2019.10.26-20.12.11:050][  0]LogMemory: Physical Memory: 2807.95 MB used,  13473.27 MB free, 16281.21 MB total
[2019.10.26-20.12.11:050][  0]LogMemory: Virtual Memory: 4646.21 MB used,  134213080.00 MB free, 134217728.00 MB total
[2019.10.26-20.12.11:066][  0]LogInit: Using OS detected language (en-US).
[2019.10.26-20.12.11:066][  0]LogInit: Using OS detected locale (en-US).
[2019.10.26-20.12.11:066][  0]LogTextLocalizationManager: No specific localization for 'en-US' exists, so the 'en' localization will be used.
[2019.10.26-20.12.11:230][  0]LogInit: Setting process to per monitor DPI aware
[2019.10.26-20.12.11:282][  0]LogSlate: New Slate User Created.  User Index 0, Is Virtual User: 0
[2019.10.26-20.12.11:282][  0]LogSlate: Slate User Registered.  User Index 0, Is Virtual User: 0
[2019.10.26-20.12.11:473][  0]LogHMD: Failed to initialize OpenVR with code 110
[2019.10.26-20.12.11:473][  0]LogD3D11RHI: D3D11 adapters:
[2019.10.26-20.12.11:560][  0]LogD3D11RHI:    0. 'Radeon Pro 560' (Feature Level 11_0)
[2019.10.26-20.12.11:560][  0]LogD3D11RHI:       4076/0/8140 MB DedicatedVideo/DedicatedSystem/SharedSystem, Outputs:2, VendorId:0x1002
[2019.10.26-20.12.11:562][  0]LogD3D11RHI:    1. 'Microsoft Basic Render Driver' (Feature Level 11_0)
[2019.10.26-20.12.11:562][  0]LogD3D11RHI:       0/0/8140 MB DedicatedVideo/DedicatedSystem/SharedSystem, Outputs:0, VendorId:0x1414
[2019.10.26-20.12.11:562][  0]LogD3D11RHI: Chosen D3D11 Adapter: 0
[2019.10.26-20.12.11:567][  0]LogD3D11RHI: Creating new Direct3DDevice
[2019.10.26-20.12.11:567][  0]LogD3D11RHI:     GPU DeviceId: 0x67ef (for the marketing name, search the web for "GPU Device Id")
[2019.10.26-20.12.11:568][  0]LogWindows: EnumDisplayDevices:
[2019.10.26-20.12.11:568][  0]LogWindows:    0. 'Radeon Pro 560' (P:0 D:1)
[2019.10.26-20.12.11:568][  0]LogWindows:    1. 'Radeon Pro 560' (P:1 D:1)
[2019.10.26-20.12.11:568][  0]LogWindows:    2. 'Radeon Pro 560' (P:0 D:0)
[2019.10.26-20.12.11:569][  0]LogWindows:    3. 'Radeon Pro 560' (P:0 D:0)
[2019.10.26-20.12.11:569][  0]LogWindows:    4. 'Radeon Pro 560' (P:0 D:0)
[2019.10.26-20.12.11:570][  0]LogWindows:    5. 'Radeon Pro 560' (P:0 D:0)
[2019.10.26-20.12.11:570][  0]LogWindows:    6. 'Radeon Pro 560' (P:0 D:0)
[2019.10.26-20.12.11:570][  0]LogWindows:    7. 'Radeon Pro 560' (P:0 D:0)
[2019.10.26-20.12.11:571][  0]LogWindows:    8. 'Radeon Pro 560' (P:0 D:0)
[2019.10.26-20.12.11:571][  0]LogWindows:    9. 'Radeon Pro 560' (P:0 D:0)
[2019.10.26-20.12.11:571][  0]LogWindows:    10. 'Radeon Pro 560' (P:0 D:0)
[2019.10.26-20.12.11:572][  0]LogWindows:    11. 'Radeon Pro 560' (P:0 D:0)
[2019.10.26-20.12.11:572][  0]LogWindows:    12. 'Radeon Pro 560' (P:0 D:0)
[2019.10.26-20.12.11:572][  0]LogWindows:    13. 'Radeon Pro 560' (P:0 D:0)
[2019.10.26-20.12.11:573][  0]LogWindows:    14. 'Radeon Pro 560' (P:0 D:0)
[2019.10.26-20.12.11:573][  0]LogWindows:    15. 'Radeon Pro 560' (P:0 D:0)
[2019.10.26-20.12.11:573][  0]LogWindows: DebugString: FoundDriverCount:16 
[2019.10.26-20.12.11:573][  0]LogD3D11RHI:     Adapter Name: Radeon Pro 560
[2019.10.26-20.12.11:573][  0]LogD3D11RHI:   Driver Version: Adrenalin 18.40.20.10 (internal:25.20.14020.10001, unified:25.20.14020.10001)
[2019.10.26-20.12.11:573][  0]LogD3D11RHI:      Driver Date: 3-15-2019
[2019.10.26-20.12.11:573][  0]LogRHI: Texture pool is 2853 MB (70% of 4076 MB)
[2019.10.26-20.12.11:737][  0]LogD3D11RHI: Async texture creation enabled
[2019.10.26-20.12.11:744][  0]LogRendererCore: FGlobalReadBuffer::InitRHI
[2019.10.26-20.12.11:745][  0]LogRendererCore: FGlobalReadBuffer::InitRHI
[2019.10.26-20.12.11:745][  0]LogRendererCore: FGlobalReadBuffer::InitRHI
[2019.10.26-20.12.11:751][  0]LogD3D11RHI: GPU Timing Frequency: 25.000000 (Debug: 2 1)
[2019.10.26-20.12.12:010][  0]LogTemp: Display: Module 'AllDesktopTargetPlatform' loaded TargetPlatform 'AllDesktop'
[2019.10.26-20.12.12:023][  0]LogTemp: Display: Module 'MacClientTargetPlatform' loaded TargetPlatform 'MacClient'
[2019.10.26-20.12.12:036][  0]LogTemp: Display: Module 'MacNoEditorTargetPlatform' loaded TargetPlatform 'MacNoEditor'
[2019.10.26-20.12.12:051][  0]LogTemp: Display: Module 'MacServerTargetPlatform' loaded TargetPlatform 'MacServer'
[2019.10.26-20.12.12:065][  0]LogTemp: Display: Module 'MacTargetPlatform' loaded TargetPlatform 'Mac'
[2019.10.26-20.12.12:079][  0]LogTemp: Display: Module 'WindowsClientTargetPlatform' loaded TargetPlatform 'WindowsClient'
[2019.10.26-20.12.12:092][  0]LogTemp: Display: Module 'WindowsNoEditorTargetPlatform' loaded TargetPlatform 'WindowsNoEditor'
[2019.10.26-20.12.12:106][  0]LogTemp: Display: Module 'WindowsServerTargetPlatform' loaded TargetPlatform 'WindowsServer'
[2019.10.26-20.12.12:112][  0]LogTemp: Display: Module 'WindowsTargetPlatform' loaded TargetPlatform 'Windows'
[2019.10.26-20.12.12:191][  0]LogTemp: Display: Module 'AndroidTargetPlatform' loaded TargetPlatform 'Android'
[2019.10.26-20.12.12:191][  0]LogTemp: Display: Module 'AndroidTargetPlatform' loaded TargetPlatform 'Android_ASTC'
[2019.10.26-20.12.12:191][  0]LogTemp: Display: Module 'AndroidTargetPlatform' loaded TargetPlatform 'Android_ATC'
[2019.10.26-20.12.12:191][  0]LogTemp: Display: Module 'AndroidTargetPlatform' loaded TargetPlatform 'Android_DXT'
[2019.10.26-20.12.12:191][  0]LogTemp: Display: Module 'AndroidTargetPlatform' loaded TargetPlatform 'Android_ETC1'
[2019.10.26-20.12.12:191][  0]LogTemp: Display: Module 'AndroidTargetPlatform' loaded TargetPlatform 'Android_ETC1a'
[2019.10.26-20.12.12:191][  0]LogTemp: Display: Module 'AndroidTargetPlatform' loaded TargetPlatform 'Android_ETC2'
[2019.10.26-20.12.12:191][  0]LogTemp: Display: Module 'AndroidTargetPlatform' loaded TargetPlatform 'Android_PVRTC'
[2019.10.26-20.12.12:191][  0]LogTemp: Display: Module 'AndroidTargetPlatform' loaded TargetPlatform 'AndroidClient'
[2019.10.26-20.12.12:191][  0]LogTemp: Display: Module 'AndroidTargetPlatform' loaded TargetPlatform 'Android_ASTCClient'
[2019.10.26-20.12.12:191][  0]LogTemp: Display: Module 'AndroidTargetPlatform' loaded TargetPlatform 'Android_ATCClient'
[2019.10.26-20.12.12:191][  0]LogTemp: Display: Module 'AndroidTargetPlatform' loaded TargetPlatform 'Android_DXTClient'
[2019.10.26-20.12.12:191][  0]LogTemp: Display: Module 'AndroidTargetPlatform' loaded TargetPlatform 'Android_ETC1Client'
[2019.10.26-20.12.12:191][  0]LogTemp: Display: Module 'AndroidTargetPlatform' loaded TargetPlatform 'Android_ETC1aClient'
[2019.10.26-20.12.12:191][  0]LogTemp: Display: Module 'AndroidTargetPlatform' loaded TargetPlatform 'Android_ETC2Client'
[2019.10.26-20.12.12:191][  0]LogTemp: Display: Module 'AndroidTargetPlatform' loaded TargetPlatform 'Android_PVRTCClient'
[2019.10.26-20.12.12:191][  0]LogTemp: Display: Module 'AndroidTargetPlatform' loaded TargetPlatform 'Android_Multi'
[2019.10.26-20.12.12:191][  0]LogTemp: Display: Module 'AndroidTargetPlatform' loaded TargetPlatform 'Android_MultiClient'
[2019.10.26-20.12.12:193][  0]LogTemp: Display: Module 'HTML5TargetPlatform' loaded TargetPlatform 'HTML5'
[2019.10.26-20.12.12:242][  0]LogTemp: Display: Module 'IOSTargetPlatform' loaded TargetPlatform 'IOSClient'
[2019.10.26-20.12.12:242][  0]LogTemp: Display: Module 'IOSTargetPlatform' loaded TargetPlatform 'IOS'
[2019.10.26-20.12.12:266][  0]LogTemp: Display: Module 'TVOSTargetPlatform' loaded TargetPlatform 'TVOSClient'
[2019.10.26-20.12.12:266][  0]LogTemp: Display: Module 'TVOSTargetPlatform' loaded TargetPlatform 'TVOS'
[2019.10.26-20.12.12:278][  0]LogTemp: Display: Module 'LinuxClientTargetPlatform' loaded TargetPlatform 'LinuxClient'
[2019.10.26-20.12.12:290][  0]LogTemp: Display: Module 'LinuxNoEditorTargetPlatform' loaded TargetPlatform 'LinuxNoEditor'
[2019.10.26-20.12.12:302][  0]LogTemp: Display: Module 'LinuxServerTargetPlatform' loaded TargetPlatform 'LinuxServer'
[2019.10.26-20.12.12:314][  0]LogTemp: Display: Module 'LinuxTargetPlatform' loaded TargetPlatform 'Linux'
[2019.10.26-20.12.12:357][  0]LogTemp: Display: Module 'LuminTargetPlatform' loaded TargetPlatform 'Lumin'
[2019.10.26-20.12.12:357][  0]LogTemp: Display: Module 'LuminTargetPlatform' loaded TargetPlatform 'LuminClient'
[2019.10.26-20.12.12:357][  0]LogTargetPlatformManager: Display: Building Assets For Windows
[2019.10.26-20.12.12:366][  0]LogAudioDebug: Display: Lib vorbis DLL was dynamically loaded.
[2019.10.26-20.12.12:414][  0]LogShaderCompilers: Guid format shader working directory is -19 characters bigger than the processId version (../../../../../../Users/Eric/Documents/Unreal Projects/Labyrinth/Intermediate/Shaders/WorkingDirectory/5800/).
[2019.10.26-20.12.12:414][  0]LogShaderCompilers: Cleaned the shader compiler working directory 'C:/Users/Eric/AppData/Local/Temp/UnrealShaderWorkingDir/6061A3024D189D85BA73A7B894A722C9/'.
[2019.10.26-20.12.12:416][  0]LogXGEController: Cleaning working directory: C:/Users/Eric/AppData/Local/Temp/UnrealXGEWorkingDir/
[2019.10.26-20.12.12:416][  0]LogXGEController: Cannot use XGE Controller as Incredibuild is not installed on this machine.
[2019.10.26-20.12.12:416][  0]LogShaderCompilers: Cannot use XGE Shader Compiler as Incredibuild is not installed on this machine.
[2019.10.26-20.12.12:416][  0]LogShaderCompilers: Display: Using Local Shader Compiler.
[2019.10.26-20.12.12:929][  0]LogDerivedDataCache: Display: Max Cache Size: 512 MB
[2019.10.26-20.12.12:972][  0]LogDerivedDataCache: Loaded boot cache 0.04s 71MB C:/Users/Eric/AppData/Local/UnrealEngine/4.22/DerivedDataCache/Boot.ddc.
[2019.10.26-20.12.12:972][  0]LogDerivedDataCache: Display: Loaded Boot cache: C:/Users/Eric/AppData/Local/UnrealEngine/4.22/DerivedDataCache/Boot.ddc
[2019.10.26-20.12.12:972][  0]LogDerivedDataCache: FDerivedDataBackendGraph:  Pak pak cache file ../../../../../../Users/Eric/Documents/Unreal Projects/Labyrinth/DerivedDataCache/DDC.ddp not found, will not use a pak cache.
[2019.10.26-20.12.12:972][  0]LogDerivedDataCache: Unable to find inner node Pak for hierarchical cache Hierarchy.
[2019.10.26-20.12.12:972][  0]LogDerivedDataCache: FDerivedDataBackendGraph:  CompressedPak pak cache file ../../../../../../Users/Eric/Documents/Unreal Projects/Labyrinth/DerivedDataCache/Compressed.ddp not found, will not use a pak cache.
[2019.10.26-20.12.12:972][  0]LogDerivedDataCache: Unable to find inner node CompressedPak for hierarchical cache Hierarchy.
[2019.10.26-20.12.12:984][  0]LogDerivedDataCache: Display: Pak cache opened for reading ../../../Engine/DerivedDataCache/Compressed.ddp.
[2019.10.26-20.12.12:984][  0]LogDerivedDataCache: FDerivedDataBackendGraph:  EnterprisePak pak cache file ../../../Enterprise/DerivedDataCache/Compressed.ddp not found, will not use a pak cache.
[2019.10.26-20.12.12:984][  0]LogDerivedDataCache: Unable to find inner node EnterprisePak for hierarchical cache Hierarchy.
[2019.10.26-20.12.12:997][  0]LogDerivedDataCache: Using Local data cache path C:/Users/Eric/AppData/Local/UnrealEngine/Common/DerivedDataCache: Writable
[2019.10.26-20.12.12:997][  0]LogDerivedDataCache: Shared data cache path not found in *engine.ini, will not use an Shared cache.
[2019.10.26-20.12.12:997][  0]LogDerivedDataCache: Unable to find inner node Shared for hierarchical cache Hierarchy.
[2019.10.26-20.12.13:019][  0]LogMaterial: Verifying Global Shaders for PCD3D_SM5
[2019.10.26-20.12.13:020][  0]LogSlate: Using FreeType 2.6.0
[2019.10.26-20.12.13:020][  0]LogSlate: SlateFontServices - WITH_FREETYPE: 1, WITH_HARFBUZZ: 1
[2019.10.26-20.12.13:098][  0]LogAssetRegistry: FAssetRegistry took 0.0333 seconds to start up
[2019.10.26-20.12.13:420][  0]LogInit: Selected Device Profile: [Windows]
[2019.10.26-20.12.13:545][  0]LogMeshReduction: Using QuadricMeshReduction for automatic static mesh reduction
[2019.10.26-20.12.13:545][  0]LogMeshReduction: Using SimplygonMeshReduction for automatic skeletal mesh reduction
[2019.10.26-20.12.13:545][  0]LogMeshReduction: Using ProxyLODMeshReduction for automatic mesh merging
[2019.10.26-20.12.13:545][  0]LogMeshReduction: No distributed automatic mesh merging module available
[2019.10.26-20.12.13:545][  0]LogMeshMerging: No distributed automatic mesh merging module available
[2019.10.26-20.12.13:561][  0]LogNetVersion: Labyrinth 1.0.0, NetCL: 5660361, EngineNetVer: 10, GameNetVer: 0 (Checksum: 4267684810)
[2019.10.26-20.12.13:956][  0]LogPackageLocalizationCache: Processed 10 localized package path(s) for 1 prioritized culture(s) in 0.038233 seconds
[2019.10.26-20.12.13:962][  0]LogUObjectArray: 42205 objects as part of root set at end of initial load.
[2019.10.26-20.12.13:962][  0]LogUObjectAllocator: 7325032 out of 0 bytes used by permanent object pool.
[2019.10.26-20.12.13:962][  0]LogUObjectArray: CloseDisregardForGC: 0/0 objects in disregard for GC pool
[2019.10.26-20.12.14:719][  0]LogTcpMessaging: Initializing TcpMessaging bridge
[2019.10.26-20.12.14:732][  0]LogUdpMessaging: Initializing bridge on interface 0.0.0.0:0 to multicast group 230.0.0.1:6666.
[2019.10.26-20.12.14:861][  0]SourceControl: Source control is disabled
[2019.10.26-20.12.14:861][  0]SourceControl: Source control is disabled
[2019.10.26-20.12.14:862][  0]SourceControl: Source control is disabled
[2019.10.26-20.12.14:863][  0]SourceControl: Source control is disabled
[2019.10.26-20.12.14:931][  0]LogAndroidPermission: UAndroidPermissionCallbackProxy::GetInstance
[2019.10.26-20.12.15:002][  0]LogOcInput: OculusInput pre-init called
[2019.10.26-20.12.15:623][  0]LogEngine: Initializing Engine...
[2019.10.26-20.12.15:624][  0]LogHMD: Failed to initialize OpenVR with code 110
[2019.10.26-20.12.15:625][  0]LogStats: UGameplayTagsManager::InitializeManager -  0.000 s
[2019.10.26-20.12.15:822][  0]LogInit: Initializing FReadOnlyCVARCache
[2019.10.26-20.12.15:835][  0]LogAIModule: Creating AISystem for world Untitled
[2019.10.26-20.12.15:872][  0]LogInit: XAudio2 using '1 - E248W-1920 (2- AMD High Definition Audio Device)' : 2 channels at 48 kHz using 16 bits per sample (channel mask 0x3)
[2019.10.26-20.12.15:899][  0]LogInit: FAudioDevice initialized.
[2019.10.26-20.12.15:899][  0]LogNetVersion: Set ProjectVersion to 2. Version Checksum will be recalculated on next use.
[2019.10.26-20.12.15:953][  0]LogDerivedDataCache: Saved boot cache 0.05s 71MB C:/Users/Eric/AppData/Local/UnrealEngine/4.22/DerivedDataCache/Boot.ddc.
[2019.10.26-20.12.15:961][  0]LogInit: Texture streaming: Enabled
[2019.10.26-20.12.15:977][  0]LogEngineSessionManager: EngineSessionManager initialized
[2019.10.26-20.12.15:995][  0]LogInit: Transaction tracking system initialized
[2019.10.26-20.12.16:018][  0]BlueprintLog: New page: Editor Load
[2019.10.26-20.12.16:104][  0]LocalizationService: Localization service is disabled
[2019.10.26-20.12.16:384][  0]LogFileCache: Scanning file cache for directory 'C:/Users/Eric/Documents/Unreal Projects/Labyrinth/Content/' took 0.02s
[2019.10.26-20.12.16:384][  0]LogCook: Display: Max memory allowance for cook 16384mb min free memory 0mb
[2019.10.26-20.12.16:384][  0]LogCook: Display: Mobile HDR setting 1
[2019.10.26-20.12.16:543][  0]SourceControl: Source control is disabled
[2019.10.26-20.12.16:543][  0]Cmd: MAP LOAD FILE="../../../../../../Users/Eric/Documents/Unreal Projects/Labyrinth/Content/HorrorEngine/Maps/Overview.umap" TEMPLATE=0 SHOWPROGRESS=1 FEATURELEVEL=3
[2019.10.26-20.12.16:543][  0]LightingResults: New page: Lighting Build
[2019.10.26-20.12.16:546][  0]MapCheck: New page: Map Check
[2019.10.26-20.12.16:546][  0]LightingResults: New page: Lighting Build
[2019.10.26-20.12.16:570][  0]LogUObjectHash: Compacting FUObjectHashTables data took   1.53ms
[2019.10.26-20.12.16:733][  0]LogLinker: Warning: Unable to load PhysicsSerializer with outer InstancedStaticMeshComponent /Game/HorrorEngine/Blueprints/UsableAssets/Electronics/KeycardControl.KeycardControl_C:KeycardControl_GEN_VARIABLE because its class does not exist
[2019.10.26-20.12.16:782][  0]LogLinker: Can't find file '/Game/HorrorEngine/Textures/HUD/YouDied'
[2019.10.26-20.12.16:782][  0]LogLinker: Can't find file '/Game/HorrorEngine/Textures/HUD/YouDied'
[2019.10.26-20.12.17:311][  0]LogLinker: Warning: Unable to load PhysicsSerializer with outer InstancedStaticMeshComponent /Game/HorrorEngine/Blueprints/UsableAssets/DoorsAndFurnitures/LadderAdvanced.LadderAdvanced_C:LadderBottom_GEN_VARIABLE because its class does not exist
[2019.10.26-20.12.17:311][  0]LogLinker: Warning: Unable to load PhysicsSerializer with outer InstancedStaticMeshComponent /Game/HorrorEngine/Blueprints/UsableAssets/DoorsAndFurnitures/LadderAdvanced.LadderAdvanced_C:LadderConnect_GEN_VARIABLE because its class does not exist
[2019.10.26-20.12.17:311][  0]LogLinker: Warning: Unable to load PhysicsSerializer with outer InstancedStaticMeshComponent /Game/HorrorEngine/Blueprints/UsableAssets/DoorsAndFurnitures/LadderAdvanced.LadderAdvanced_C:LadderMiddle_GEN_VARIABLE because its class does not exist
[2019.10.26-20.12.17:312][  0]LogLinker: Warning: Unable to load PhysicsSerializer with outer InstancedStaticMeshComponent /Game/HorrorEngine/Blueprints/UsableAssets/DoorsAndFurnitures/LadderAdvanced.LadderAdvanced_C:LadderTop_GEN_VARIABLE because its class does not exist
[2019.10.26-20.12.24:312][  0]LogLinker: Warning: Can't find file '/Game/HorrorEngine/Blueprints/Structures/HorrorEvent/HorrorEventFix'
[2019.10.26-20.12.24:312][  0]LogLinker: Warning: Can't find file '/Game/HorrorEngine/Blueprints/Structures/HorrorEvent/HorrorEventFix'
[2019.10.26-20.12.24:312][  0]LogUObjectGlobals: Warning: Failed to find object 'Object /Game/HorrorEngine/Blueprints/Structures/HorrorEvent/HorrorEventFix.HorrorEventFix'
[2019.10.26-20.12.24:315][  0]LogLinker: Warning: Can't find file '/Game/HorrorEngine/Blueprints/Structures/HorrorEvent/HorrorEventsMasterFix'
[2019.10.26-20.12.24:316][  0]LogLinker: Warning: Can't find file '/Game/HorrorEngine/Blueprints/Structures/HorrorEvent/HorrorEventsMasterFix'
[2019.10.26-20.12.24:316][  0]LogUObjectGlobals: Warning: Failed to find object 'Object /Game/HorrorEngine/Blueprints/Structures/HorrorEvent/HorrorEventsMasterFix.HorrorEventsMasterFix'
[2019.10.26-20.12.24:768][  0]LogAIModule: Creating AISystem for world Overview
[2019.10.26-20.12.24:883][  0]Warning:  applied to a non-external Texture2D sampler. This may work by chance on some platforms but is not portable. Please change sampler type to 'External'. Parameter 'Texture' (slot 0) in material 'HE_VhsGlow'
[2019.10.26-20.12.24:883][  0]Warning:  applied to a non-external Texture2D sampler. This may work by chance on some platforms but is not portable. Please change sampler type to 'External'. Parameter 'Texture' (slot 0) in material 'HE_VhsGlow'
[2019.10.26-20.12.24:883][  0]Warning:  applied to a non-external Texture2D sampler. This may work by chance on some platforms but is not portable. Please change sampler type to 'External'. Parameter 'Texture' (slot 0) in material 'HE_VhsGlow'
[2019.10.26-20.12.24:883][  0]Warning:  applied to a non-external Texture2D sampler. This may work by chance on some platforms but is not portable. Please change sampler type to 'External'. Parameter 'Texture' (slot 0) in material 'HE_TvGlow'
[2019.10.26-20.12.24:883][  0]Warning:  applied to a non-external Texture2D sampler. This may work by chance on some platforms but is not portable. Please change sampler type to 'External'. Parameter 'Texture' (slot 0) in material 'HE_TvGlow'
[2019.10.26-20.12.24:883][  0]Warning:  applied to a non-external Texture2D sampler. This may work by chance on some platforms but is not portable. Please change sampler type to 'External'. Parameter 'Texture' (slot 0) in material 'HE_TvGlow'
[2019.10.26-20.12.24:883][  0]LogActorComponent: UnregisterComponent: (/Game/HorrorEngine/Maps/Overview.Overview:PersistentLevel.OldTv_938.TRASH_AudioComponent_4) Not registered. Aborting.
[2019.10.26-20.12.24:937][  0]LogActorComponent: UnregisterComponent: (/Game/HorrorEngine/Maps/Overview.Overview:PersistentLevel.Tv_602.TRASH_AudioComponent_5) Not registered. Aborting.
[2019.10.26-20.12.25:106][  0]LogEditorServer: Finished looking for orphan Actors (0.000 secs)
[2019.10.26-20.12.25:231][  0]LogUObjectHash: Compacting FUObjectHashTables data took   7.02ms
[2019.10.26-20.12.25:231][  0]Cmd: MAP CHECKDEP NOCLEARLOG
[2019.10.26-20.12.25:232][  0]MapCheck: Map check complete: 0 Error(s), 0 Warning(s), took 0.27ms to complete.
[2019.10.26-20.12.25:232][  0]LogFileHelpers: Loading map 'Overview' took 8.689
[2019.10.26-20.12.25:345][  0]LogSlate: Updating window title bar state: overlay mode, drag disabled, window buttons hidden, title bar hidden
[2019.10.26-20.12.25:351][  0]LogSlate: Updating window title bar state: overlay mode, drag disabled, window buttons hidden, title bar hidden
[2019.10.26-20.12.25:357][  0]LogSlate: Updating window title bar state: overlay mode, drag disabled, window buttons hidden, title bar hidden
[2019.10.26-20.12.25:364][  0]LogSlate: Updating window title bar state: overlay mode, drag disabled, window buttons hidden, title bar hidden
[2019.10.26-20.12.25:370][  0]LogCollectionManager: Loaded 0 collections in 0.001704 seconds
[2019.10.26-20.12.25:386][  0]LogFileCache: Scanning file cache for directory 'C:/Users/Eric/Documents/Unreal Projects/Labyrinth/Saved/Collections/' took 0.01s
[2019.10.26-20.12.25:386][  0]LogFileCache: Scanning file cache for directory 'C:/Users/Eric/Documents/Unreal Projects/Labyrinth/Content/Developers/Eric/Collections/' took 0.00s
[2019.10.26-20.12.25:386][  0]LogFileCache: Scanning file cache for directory 'C:/Users/Eric/Documents/Unreal Projects/Labyrinth/Content/Collections/' took 0.00s
[2019.10.26-20.12.25:386][  0]LogCollectionManager: Rebuilt the GUID cache for 0 collections in 0.000000 seconds
[2019.10.26-20.12.25:394][  0]LogContentBrowser: Native class hierarchy populated in 0.0080 seconds. Added 2732 classes and 659 folders.
[2019.10.26-20.12.25:400][  0]LogContentBrowser: Native class hierarchy updated for 'WidgetCarousel' in 0.0003 seconds. Added 0 classes and 0 folders.
[2019.10.26-20.12.25:401][  0]LogPakFile: Registered encryption key '00000000000000000000000000000000': 0 pak files mounted, 0 remain pending
[2019.10.26-20.12.25:402][  0]LogPakFile: Registered encryption key '00000000000000000000000000000000': 0 pak files mounted, 0 remain pending
[2019.10.26-20.12.25:402][  0]LogPakFile: Registered encryption key '00000000000000000000000000000000': 0 pak files mounted, 0 remain pending
[2019.10.26-20.12.25:403][  0]LogPakFile: Registered encryption key '00000000000000000000000000000000': 0 pak files mounted, 0 remain pending
[2019.10.26-20.12.25:403][  0]LogPakFile: Registered encryption key '00000000000000000000000000000000': 0 pak files mounted, 0 remain pending
[2019.10.26-20.12.25:403][  0]LogPakFile: Registered encryption key '00000000000000000000000000000000': 0 pak files mounted, 0 remain pending
[2019.10.26-20.12.25:404][  0]LogPakFile: Registered encryption key '00000000000000000000000000000000': 0 pak files mounted, 0 remain pending
[2019.10.26-20.12.25:404][  0]LogPakFile: Registered encryption key '00000000000000000000000000000000': 0 pak files mounted, 0 remain pending
[2019.10.26-20.12.25:404][  0]LogPakFile: Registered encryption key '00000000000000000000000000000000': 0 pak files mounted, 0 remain pending
[2019.10.26-20.12.25:405][  0]LogPakFile: Registered encryption key '00000000000000000000000000000000': 0 pak files mounted, 0 remain pending
[2019.10.26-20.12.25:405][  0]LogPakFile: Registered encryption key '00000000000000000000000000000000': 0 pak files mounted, 0 remain pending
[2019.10.26-20.12.25:406][  0]LogPakFile: Registered encryption key '00000000000000000000000000000000': 0 pak files mounted, 0 remain pending
[2019.10.26-20.12.25:406][  0]LogPakFile: Registered encryption key '00000000000000000000000000000000': 0 pak files mounted, 0 remain pending
[2019.10.26-20.12.25:406][  0]LogPakFile: Registered encryption key '00000000000000000000000000000000': 0 pak files mounted, 0 remain pending
[2019.10.26-20.12.25:407][  0]LogPakFile: Registered encryption key '00000000000000000000000000000000': 0 pak files mounted, 0 remain pending
[2019.10.26-20.12.25:407][  0]LogPakFile: Registered encryption key '00000000000000000000000000000000': 0 pak files mounted, 0 remain pending
[2019.10.26-20.12.25:408][  0]LogPakFile: Registered encryption key '00000000000000000000000000000000': 0 pak files mounted, 0 remain pending
[2019.10.26-20.12.25:408][  0]LogPakFile: Registered encryption key '00000000000000000000000000000000': 0 pak files mounted, 0 remain pending
[2019.10.26-20.12.25:408][  0]LogPakFile: Registered encryption key '00000000000000000000000000000000': 0 pak files mounted, 0 remain pending
[2019.10.26-20.12.25:409][  0]LogPakFile: Registered encryption key '00000000000000000000000000000000': 0 pak files mounted, 0 remain pending
[2019.10.26-20.12.25:409][  0]LogPakFile: Registered encryption key '00000000000000000000000000000000': 0 pak files mounted, 0 remain pending
[2019.10.26-20.12.25:410][  0]LogPakFile: Registered encryption key '00000000000000000000000000000000': 0 pak files mounted, 0 remain pending
[2019.10.26-20.12.25:410][  0]LogPakFile: Registered encryption key '00000000000000000000000000000000': 0 pak files mounted, 0 remain pending
[2019.10.26-20.12.25:410][  0]LogPakFile: Registered encryption key '00000000000000000000000000000000': 0 pak files mounted, 0 remain pending
[2019.10.26-20.12.25:411][  0]LogPakFile: Registered encryption key '00000000000000000000000000000000': 0 pak files mounted, 0 remain pending
[2019.10.26-20.12.25:411][  0]LogPakFile: Registered encryption key '00000000000000000000000000000000': 0 pak files mounted, 0 remain pending
[2019.10.26-20.12.25:437][  0]LogContentBrowser: Native class hierarchy updated for 'AddContentDialog' in 0.0003 seconds. Added 0 classes and 0 folders.
[2019.10.26-20.12.25:443][  0]LogContentBrowser: Native class hierarchy updated for 'SceneOutliner' in 0.0003 seconds. Added 1 classes and 2 folders.
[2019.10.26-20.12.25:459][  0]LogSlate: Took 0.000148 seconds to synchronously load lazily loaded font '../../../Engine/Content/Slate/Fonts/Roboto-Regular.ttf' (155K)
[2019.10.26-20.12.25:461][  0]LogSlate: Took 0.000175 seconds to synchronously load lazily loaded font '../../../Engine/Content/Slate/Fonts/Roboto-Bold.ttf' (160K)
[2019.10.26-20.12.25:465][  0]LogSlate: Took 0.000170 seconds to synchronously load lazily loaded font '../../../Engine/Content/Editor/Slate/Fonts/FontAwesome.ttf' (139K)
[2019.10.26-20.12.25:529][  0]LogRenderer: Reallocating scene render targets to support 2560x1440 Format 10 NumSamples 1 (Frame:1).
[2019.10.26-20.12.28:362][  0]LogContentBrowser: Native class hierarchy updated for 'HierarchicalLODOutliner' in 0.0003 seconds. Added 0 classes and 0 folders.
[2019.10.26-20.12.28:362][  0]LogLoad: (Engine Initialization) Total time: 18.96 seconds
[2019.10.26-20.12.28:362][  0]LogLoad: (Engine Initialization) Total Blueprint compile time: 0.00 seconds
[2019.10.26-20.12.28:428][  0]LogAssetRegistry: Asset discovery search completed in 15.3523 seconds
[2019.10.26-20.12.28:429][  0]LogCollectionManager: Rebuilt the object cache for 0 collections in 0.000000 seconds (found 0 objects)
[2019.10.26-20.12.28:429][  0]LogCollectionManager: Fixed up redirectors for 0 collections in 0.000035 seconds (updated 0 objects)
[2019.10.26-20.12.28:431][  0]LogContentStreaming: Texture pool size now 1000 MB
[2019.10.26-20.12.28:469][  0]LogSlate: Took 0.000134 seconds to synchronously load lazily loaded font '../../../Engine/Content/Slate/Fonts/Roboto-Light.ttf' (167K)
[2019.10.26-20.12.33:437][157]LogSlate: FSceneViewport::OnFocusLost() reason 0
[2019.10.26-20.28.22:241][ 62]LogSlate: Took 0.000157 seconds to synchronously load lazily loaded font '../../../Engine/Content/Slate/Fonts/Roboto-Light.ttf' (167K)
[2019.10.26-20.28.22:270][ 62]LogFactory: FactoryCreateFile: StaticMesh with FbxFactory (0 0 ../../../../../../Users/Eric/Downloads/brdqqsqwuk8w-Low-Poly-Spider/Low-Poly Spider/Spider_2.fbx)
[2019.10.26-20.28.23:547][ 62]LogFbx: Loading FBX Scene from ../../../../../../Users/Eric/Downloads/brdqqsqwuk8w-Low-Poly-Spider/Low-Poly Spider/Spider_2.fbx
[2019.10.26-20.28.25:837][ 62]LogFbx: FBX Scene Loaded Succesfully
[2019.10.26-20.28.29:709][ 62]LogSlate: Window 'FBX Import Options' being destroyed
[2019.10.26-20.28.29:923][ 62]LogFbx: =================================================
[2019.10.26-20.28.29:923][ 62]LogFbx: Dumping Node START [Spider_Eyes] 
[2019.10.26-20.28.29:923][ 62]LogFbx: 	Total Deformer Count 48282688.
[2019.10.26-20.28.29:923][ 62]LogFbx: 		[Node 1] Skin Spider_Eyes (Type Skin).
[2019.10.26-20.28.29:923][ 62]LogFbx: =================================================
[2019.10.26-20.28.29:923][ 62]LogFbx: 	Attribute () Type (4).
[2019.10.26-20.28.29:923][ 62]LogFbx: 		[Node Attribute Child 1] Spider_Eyes (Type Mesh).
[2019.10.26-20.28.29:923][ 62]LogFbx: Dumping Node END [Spider_Eyes]
[2019.10.26-20.28.29:923][ 62]LogFbx: =================================================
[2019.10.26-20.28.29:923][ 62]LogFbx: Dumping Node START [Spider] 
[2019.10.26-20.28.29:923][ 62]LogFbx: 	Total Deformer Count 34954664.
[2019.10.26-20.28.29:923][ 62]LogFbx: 		[Node 1] Skin Spider (Type Skin).
[2019.10.26-20.28.29:923][ 62]LogFbx: =================================================
[2019.10.26-20.28.29:923][ 62]LogFbx: 	Attribute () Type (4).
[2019.10.26-20.28.29:923][ 62]LogFbx: 		[Node Attribute Child 1] Spider (Type Mesh).
[2019.10.26-20.28.29:923][ 62]LogFbx: Dumping Node END [Spider]
[2019.10.26-20.28.29:923][ 62]LogFbx: =================================================
[2019.10.26-20.28.29:923][ 62]LogFbx: Dumping Node START [Spider_teeth] 
[2019.10.26-20.28.29:923][ 62]LogFbx: 	Total Deformer Count 93277776.
[2019.10.26-20.28.29:923][ 62]LogFbx: 		[Node 1] Skin Spider_teeth (Type Skin).
[2019.10.26-20.28.29:923][ 62]LogFbx: =================================================
[2019.10.26-20.28.29:923][ 62]LogFbx: 	Attribute () Type (4).
[2019.10.26-20.28.29:923][ 62]LogFbx: 		[Node Attribute Child 1] Spider_teeth (Type Mesh).
[2019.10.26-20.28.29:923][ 62]LogFbx: Dumping Node END [Spider_teeth]
[2019.10.26-20.28.29:923][ 62]LogFbx: =================================================
[2019.10.26-20.28.29:923][ 62]LogFbx: Dumping Node START [Spider_Fur] 
[2019.10.26-20.28.29:923][ 62]LogFbx: 	Total Deformer Count 48276800.
[2019.10.26-20.28.29:923][ 62]LogFbx: 		[Node 1] Skin Spider_Fur (Type Skin).
[2019.10.26-20.28.29:923][ 62]LogFbx: =================================================
[2019.10.26-20.28.29:923][ 62]LogFbx: 	Attribute () Type (4).
[2019.10.26-20.28.29:923][ 62]LogFbx: 		[Node Attribute Child 1] Spider_Fur (Type Mesh).
[2019.10.26-20.28.29:923][ 62]LogFbx: Dumping Node END [Spider_Fur]
[2019.10.26-20.28.29:923][ 62]LogFbx: =================================================
[2019.10.26-20.28.29:923][ 62]LogFbx: Dumping Node START [Spider_Eyes] 
[2019.10.26-20.28.29:923][ 62]LogFbx: 	Total Deformer Count 48276800.
[2019.10.26-20.28.29:923][ 62]LogFbx: 		[Node 1] Skin Spider_Eyes (Type Skin).
[2019.10.26-20.28.29:923][ 62]LogFbx: =================================================
[2019.10.26-20.28.29:923][ 62]LogFbx: 	Attribute () Type (4).
[2019.10.26-20.28.29:923][ 62]LogFbx: 		[Node Attribute Child 1] Spider_Eyes (Type Mesh).
[2019.10.26-20.28.29:923][ 62]LogFbx: Dumping Node END [Spider_Eyes]
[2019.10.26-20.28.29:923][ 62]LogFbx: =================================================
[2019.10.26-20.28.29:923][ 62]LogFbx: Dumping Node START [Spider] 
[2019.10.26-20.28.29:923][ 62]LogFbx: 	Total Deformer Count 34956512.
[2019.10.26-20.28.29:923][ 62]LogFbx: 		[Node 1] Skin Spider (Type Skin).
[2019.10.26-20.28.29:923][ 62]LogFbx: =================================================
[2019.10.26-20.28.29:923][ 62]LogFbx: 	Attribute () Type (4).
[2019.10.26-20.28.29:923][ 62]LogFbx: 		[Node Attribute Child 1] Spider (Type Mesh).
[2019.10.26-20.28.29:923][ 62]LogFbx: Dumping Node END [Spider]
[2019.10.26-20.28.29:923][ 62]LogFbx: =================================================
[2019.10.26-20.28.29:923][ 62]LogFbx: Dumping Node START [Spider_teeth] 
[2019.10.26-20.28.29:923][ 62]LogFbx: 	Total Deformer Count 93278816.
[2019.10.26-20.28.29:923][ 62]LogFbx: 		[Node 1] Skin Spider_teeth (Type Skin).
[2019.10.26-20.28.29:923][ 62]LogFbx: =================================================
[2019.10.26-20.28.29:923][ 62]LogFbx: 	Attribute () Type (4).
[2019.10.26-20.28.29:923][ 62]LogFbx: 		[Node Attribute Child 1] Spider_teeth (Type Mesh).
[2019.10.26-20.28.29:923][ 62]LogFbx: Dumping Node END [Spider_teeth]
[2019.10.26-20.28.29:923][ 62]LogFbx: =================================================
[2019.10.26-20.28.29:923][ 62]LogFbx: Dumping Node START [Spider_Fur] 
[2019.10.26-20.28.29:923][ 62]LogFbx: 	Total Deformer Count 48269248.
[2019.10.26-20.28.29:924][ 62]LogFbx: 		[Node 1] Skin Spider_Fur (Type Skin).
[2019.10.26-20.28.29:924][ 62]LogFbx: =================================================
[2019.10.26-20.28.29:924][ 62]LogFbx: 	Attribute () Type (4).
[2019.10.26-20.28.29:924][ 62]LogFbx: 		[Node Attribute Child 1] Spider_Fur (Type Mesh).
[2019.10.26-20.28.29:924][ 62]LogFbx: Dumping Node END [Spider_Fur]
[2019.10.26-20.28.29:926][ 62]LogFbx: Warning: Not valid bind pose for Pose (BIND_POSES) - Node Spider_Eyes : The relative matrices do not match
[2019.10.26-20.28.29:927][ 62]LogFbx: Warning: Not valid bind pose for Pose (BIND_POSES) - Node Spider : The relative matrices do not match
[2019.10.26-20.28.29:928][ 62]LogFbx: Warning: Not valid bind pose for Pose (BIND_POSES) - Node Spider_teeth : The relative matrices do not match
[2019.10.26-20.28.29:928][ 62]LogFbx: Warning: Not valid bind pose for Pose (BIND_POSES) - Node Spider_Fur : The relative matrices do not match
[2019.10.26-20.28.29:928][ 62]LogFbx: Warning: Getting valid bind pose failed. Try to recreate bind pose
[2019.10.26-20.28.29:930][ 62]LogFbx: Valid bind pose for Pose (FbxSDKBindPose) - Spider_Eyes
[2019.10.26-20.28.29:930][ 62]LogFbx: Warning: Recreating bind pose succeeded.
[2019.10.26-20.28.30:105][ 62]LogMaterial: Warning: Material /Game/Spider_Eye.Spider_Eye needed to have new flag set bUsedWithSkeletalMesh !
[2019.10.26-20.28.30:108][ 62]LogMaterial: Display: Missing cached shader map for material Spider_Eye, compiling. 
[2019.10.26-20.28.30:178][ 62]LogMaterial: Display: Missing cached shader map for material Spider_Eye, compiling. 
[2019.10.26-20.28.30:214][ 62]LogShaderCompilers: Display: Shaders left to compile 60
[2019.10.26-20.28.30:214][ 62]LogShaderCompilers: Display: Shaders left to compile 50
[2019.10.26-20.28.30:214][ 62]LogShaderCompilers: Display: Shaders left to compile 40
[2019.10.26-20.28.30:214][ 62]LogShaderCompilers: Display: Shaders left to compile 30
[2019.10.26-20.28.30:214][ 62]LogFbx: Triangulating skeletal mesh Spider_Eyes
[2019.10.26-20.28.30:241][ 62]LogMaterial: Warning: Material /Game/Spider.Spider needed to have new flag set bUsedWithSkeletalMesh !
[2019.10.26-20.28.30:284][ 62]LogMaterial: Display: Missing cached shader map for material Spider, compiling. 
[2019.10.26-20.28.30:342][ 62]LogLinker: Can't find file '/Game/Spinnen_Bein_tex'
[2019.10.26-20.28.30:342][ 62]LogLinker: Can't find file '/Game/Spinnen_Bein_tex'
[2019.10.26-20.28.30:374][ 62]LogTexture: Display: Building textures: Spinnen_Bein_tex (BGRA8, 74X202)
[2019.10.26-20.28.30:450][ 62]LogMaterial: Display: Missing cached shader map for material Spider, compiling. 
[2019.10.26-20.28.30:489][ 62]LogMaterial: Warning: Material /Game/Spider__Spinnen_Bein_tex_jpg.Spider__Spinnen_Bein_tex_jpg needed to have new flag set bUsedWithSkeletalMesh !
[2019.10.26-20.28.30:562][ 62]LogMaterial: Display: Missing cached shader map for material Spider__Spinnen_Bein_tex_jpg, compiling. 
[2019.10.26-20.28.30:606][ 62]LogMaterial: Display: Missing cached shader map for material Spider__Spinnen_Bein_tex_jpg, compiling. 
[2019.10.26-20.28.30:651][ 62]LogFbx: Triangulating skeletal mesh Spider
[2019.10.26-20.28.30:777][ 62]LogMaterial: Warning: Material /Game/Spider_teeth.Spider_teeth needed to have new flag set bUsedWithSkeletalMesh !
[2019.10.26-20.28.30:783][ 62]LogMaterial: Display: Missing cached shader map for material Spider_teeth, compiling. 
[2019.10.26-20.28.30:827][ 62]LogMaterial: Display: Missing cached shader map for material Spider_teeth, compiling. 
[2019.10.26-20.28.30:875][ 62]LogFbx: Triangulating skeletal mesh Spider_teeth
[2019.10.26-20.28.30:891][ 62]LogMaterial: Warning: Material /Game/Spider_Fur.Spider_Fur needed to have new flag set bUsedWithSkeletalMesh !
[2019.10.26-20.28.30:966][ 62]LogMaterial: Display: Missing cached shader map for material Spider_Fur, compiling. 
[2019.10.26-20.28.31:010][ 62]LogLinker: Can't find file '/Game/SH3'
[2019.10.26-20.28.31:010][ 62]LogLinker: Can't find file '/Game/SH3'
[2019.10.26-20.28.31:033][ 62]LogTexture: Display: Building textures: SH3 (AutoDXT, 100X100)
[2019.10.26-20.28.31:108][ 62]LogMaterial: Display: Missing cached shader map for material Spider_Fur, compiling. 
[2019.10.26-20.28.31:157][ 62]LogMaterial: Warning: Material /Game/Spider_Fur__SH3_png.Spider_Fur__SH3_png needed to have new flag set bUsedWithSkeletalMesh !
[2019.10.26-20.28.31:271][ 62]LogMaterial: Display: Missing cached shader map for material Spider_Fur__SH3_png, compiling. 
[2019.10.26-20.28.31:318][ 62]LogMaterial: Display: Missing cached shader map for material Spider_Fur__SH3_png, compiling. 
[2019.10.26-20.28.31:363][ 62]LogFbx: Triangulating skeletal mesh Spider_Fur
[2019.10.26-20.28.31:394][ 62]LogFbx: Warning: Bones digested - 45  Depth of hierarchy - 7
[2019.10.26-20.28.31:502][ 62]LogSkeletalMesh: Section 0: 336 vertices, 1 active bones
[2019.10.26-20.28.31:502][ 62]LogSkeletalMesh: Section 1: 1306 vertices, 30 active bones
[2019.10.26-20.28.31:502][ 62]LogSkeletalMesh: Section 2: 78 vertices, 9 active bones
[2019.10.26-20.28.31:502][ 62]LogSkeletalMesh: Section 3: 186 vertices, 3 active bones
[2019.10.26-20.28.31:502][ 62]LogSkeletalMesh: Section 4: 200 vertices, 12 active bones
[2019.10.26-20.28.31:502][ 62]LogSkeletalMesh: Section 5: 200 vertices, 12 active bones
[2019.10.26-20.28.31:502][ 62]LogSkeletalMesh: Section 0: Material=0, 256 triangles
[2019.10.26-20.28.31:502][ 62]LogSkeletalMesh: Section 1: Material=1, 2034 triangles
[2019.10.26-20.28.31:502][ 62]LogSkeletalMesh: Section 2: Material=2, 98 triangles
[2019.10.26-20.28.31:502][ 62]LogSkeletalMesh: Section 3: Material=3, 180 triangles
[2019.10.26-20.28.31:502][ 62]LogSkeletalMesh: Section 4: Material=4, 160 triangles
[2019.10.26-20.28.31:502][ 62]LogSkeletalMesh: Section 5: Material=5, 160 triangles
[2019.10.26-20.28.31:515][ 62]LogSkeletalMesh: Building Skeletal Mesh Spider_2...
[2019.10.26-20.28.31:520][ 62]LogSkeletalMesh: Built Skeletal Mesh [0.01s] /Game/Spider_2.Spider_2
[2019.10.26-20.28.31:523][ 62]LogLinker: Can't find file '/Game/Spider_2_Skeleton'
[2019.10.26-20.28.31:523][ 62]LogLinker: Can't find file '/Game/Spider_2_Skeleton'
[2019.10.26-20.28.31:526][ 62]LogLinker: Can't find file '/Game/Spider_2_PhysicsAsset'
[2019.10.26-20.28.31:526][ 62]LogLinker: Can't find file '/Game/Spider_2_PhysicsAsset'
[2019.10.26-20.28.31:539][ 62]LogSkeletalMesh: Building Skeletal Mesh Spider_2...
[2019.10.26-20.28.31:545][ 62]LogSkeletalMesh: Built Skeletal Mesh [0.01s] /Game/Spider_2.Spider_2
[2019.10.26-20.28.31:715][ 62]LogSkeletalMesh: Building Skeletal Mesh Spider_2...
[2019.10.26-20.28.31:718][ 62]LogSkeletalMesh: Built Skeletal Mesh [0.00s] /Game/Spider_2.Spider_2
[2019.10.26-20.28.31:873][ 63]LogUnrealEdMisc: Warning: Heartbeat event firing too frequently (23.951 sec). This should never happen. Something is wrong with the timer delegate!
[2019.10.26-20.28.32:616][ 75]LogShaderCompilers: Display: Shaders left to compile 320
[2019.10.26-20.28.32:829][ 79]LogShaderCompilers: Display: Shaders left to compile 310
[2019.10.26-20.28.33:568][124]LogShaderCompilers: Display: Shaders left to compile 300
[2019.10.26-20.28.34:020][141]LogShaderCompilers: Display: Shaders left to compile 290
[2019.10.26-20.28.34:844][157]LogShaderCompilers: Display: Shaders left to compile 280
[2019.10.26-20.28.35:825][176]LogShaderCompilers: Display: Shaders left to compile 270
[2019.10.26-20.28.35:836][176]LogShaderCompilers: Display: Shaders left to compile 260
[2019.10.26-20.28.37:384][206]LogShaderCompilers: Display: Shaders left to compile 250
[2019.10.26-20.28.37:930][215]LogShaderCompilers: Display: Shaders left to compile 240
[2019.10.26-20.28.38:293][224]LogShaderCompilers: Display: Shaders left to compile 230
[2019.10.26-20.28.39:297][247]LogShaderCompilers: Display: Shaders left to compile 220
[2019.10.26-20.28.39:728][254]LogSlate: FSceneViewport::OnFocusLost() reason 0
[2019.10.26-20.28.40:377][277]LogShaderCompilers: Display: Shaders left to compile 210
[2019.10.26-20.28.40:869][301]LogShaderCompilers: Display: Shaders left to compile 200
[2019.10.26-20.28.42:084][325]LogShaderCompilers: Display: Shaders left to compile 190
[2019.10.26-20.28.42:446][334]LogShaderCompilers: Display: Shaders left to compile 180
[2019.10.26-20.28.43:534][356]LogShaderCompilers: Display: Shaders left to compile 170
[2019.10.26-20.28.44:028][367]LogShaderCompilers: Display: Shaders left to compile 160
[2019.10.26-20.28.44:942][387]LogShaderCompilers: Display: Shaders left to compile 150
[2019.10.26-20.28.45:592][401]LogShaderCompilers: Display: Shaders left to compile 140
[2019.10.26-20.28.46:887][428]LogShaderCompilers: Display: Shaders left to compile 130
[2019.10.26-20.28.47:876][450]LogShaderCompilers: Display: Shaders left to compile 120
[2019.10.26-20.28.48:344][459]LogShaderCompilers: Display: Shaders left to compile 110
[2019.10.26-20.28.48:761][468]LogShaderCompilers: Display: Shaders left to compile 100
[2019.10.26-20.28.50:420][505]LogShaderCompilers: Display: Shaders left to compile 90
[2019.10.26-20.28.50:473][506]LogShaderCompilers: Display: Shaders left to compile 80
[2019.10.26-20.28.51:718][533]LogShaderCompilers: Display: Shaders left to compile 70
[2019.10.26-20.28.52:755][555]LogShaderCompilers: Display: Shaders left to compile 60
[2019.10.26-20.28.53:282][567]LogShaderCompilers: Display: Shaders left to compile 50
[2019.10.26-20.28.54:297][589]LogShaderCompilers: Display: Shaders left to compile 40
[2019.10.26-20.28.55:283][611]LogShaderCompilers: Display: Shaders left to compile 30
[2019.10.26-20.28.55:425][615]LogShaderCompilers: Display: Shaders left to compile 20
[2019.10.26-20.28.57:163][653]LogShaderCompilers: Display: Shaders left to compile 10
[2019.10.26-20.29.04:921][884]Cmd: CAMERA ALIGN ACTIVEVIEWPORTONLY
[2019.10.26-20.29.15:074][228]Cmd: DELETE
[2019.10.26-20.29.15:074][228]Cmd: ACTOR DELETE
[2019.10.26-20.29.15:108][228]LogEditorActor: Deleted Actor: SkeletalMeshActor
[2019.10.26-20.29.15:137][228]LogUObjectHash: Compacting FUObjectHashTables data took   2.59ms
[2019.10.26-20.29.15:137][228]LogEditorActor: Deleted 1 Actors (0.055 secs)
[2019.10.26-20.29.18:019][314]LogSlate: FSceneViewport::OnFocusLost() reason 0
[2019.10.26-20.29.32:915][863]Cmd: OBJ SAVEPACKAGE PACKAGE="/Game/EnemyModels/SH3" FILE="../../../../../../Users/Eric/Documents/Unreal Projects/Labyrinth/Content/EnemyModels/SH3.uasset" SILENT=true
[2019.10.26-20.29.32:934][863]LogSavePackage: Moving '../../../../../../Users/Eric/Documents/Unreal Projects/Labyrinth/Saved/SH38CBF92D94228C3F637BA3B9F96568AE3.tmp' to '../../../../../../Users/Eric/Documents/Unreal Projects/Labyrinth/Content/EnemyModels/SH3.uasset'
[2019.10.26-20.29.32:980][863]Cmd: OBJ SAVEPACKAGE PACKAGE="/Game/EnemyModels/Spider" FILE="../../../../../../Users/Eric/Documents/Unreal Projects/Labyrinth/Content/EnemyModels/Spider.uasset" SILENT=true
[2019.10.26-20.29.32:996][863]LogSavePackage: Moving '../../../../../../Users/Eric/Documents/Unreal Projects/Labyrinth/Saved/Spider2972CD2140FCD2F72081A29A645080D9.tmp' to '../../../../../../Users/Eric/Documents/Unreal Projects/Labyrinth/Content/EnemyModels/Spider.uasset'
[2019.10.26-20.29.33:016][863]Cmd: OBJ SAVEPACKAGE PACKAGE="/Game/EnemyModels/Spider_2" FILE="../../../../../../Users/Eric/Documents/Unreal Projects/Labyrinth/Content/EnemyModels/Spider_2.uasset" SILENT=true
[2019.10.26-20.29.33:035][863]LogSavePackage: Moving '../../../../../../Users/Eric/Documents/Unreal Projects/Labyrinth/Saved/Spider_29910BD234AB6B5AA3AA678BB1C6A14CF.tmp' to '../../../../../../Users/Eric/Documents/Unreal Projects/Labyrinth/Content/EnemyModels/Spider_2.uasset'
[2019.10.26-20.29.33:059][863]Cmd: OBJ SAVEPACKAGE PACKAGE="/Game/EnemyModels/Spider_2_PhysicsAsset" FILE="../../../../../../Users/Eric/Documents/Unreal Projects/Labyrinth/Content/EnemyModels/Spider_2_PhysicsAsset.uasset" SILENT=true
[2019.10.26-20.29.33:073][863]LogSavePackage: Moving '../../../../../../Users/Eric/Documents/Unreal Projects/Labyrinth/Saved/Spider_2_PhysicsAssetA7549FB7463D29C338C86BA7C713334A.tmp' to '../../../../../../Users/Eric/Documents/Unreal Projects/Labyrinth/Content/EnemyModels/Spider_2_PhysicsAsset.uasset'
[2019.10.26-20.29.33:079][863]Cmd: OBJ SAVEPACKAGE PACKAGE="/Game/EnemyModels/Spider_2_Skeleton" FILE="../../../../../../Users/Eric/Documents/Unreal Projects/Labyrinth/Content/EnemyModels/Spider_2_Skeleton.uasset" SILENT=true
[2019.10.26-20.29.33:085][863]LogSavePackage: Moving '../../../../../../Users/Eric/Documents/Unreal Projects/Labyrinth/Saved/Spider_2_Skeleton36D48141482FE6FF899955823284D5BA.tmp' to '../../../../../../Users/Eric/Documents/Unreal Projects/Labyrinth/Content/EnemyModels/Spider_2_Skeleton.uasset'
[2019.10.26-20.29.33:124][863]LogSavePackage: Moving '../../../../../../Users/Eric/Documents/Unreal Projects/Labyrinth/Saved/Spider__Spinnen_Bein_tex_jpgD68729C14EAFDC7CDEB8E086FA8EC41A.tmp' to '../../../../../../Users/Eric/Documents/Unreal Projects/Labyrinth/Content/EnemyModels/Spider__Spinnen_Bein_tex_jpg.uasset'
[2019.10.26-20.29.33:146][863]Cmd: OBJ SAVEPACKAGE PACKAGE="/Game/EnemyModels/Spider_Eye" FILE="../../../../../../Users/Eric/Documents/Unreal Projects/Labyrinth/Content/EnemyModels/Spider_Eye.uasset" SILENT=true
[2019.10.26-20.29.33:161][863]LogSavePackage: Moving '../../../../../../Users/Eric/Documents/Unreal Projects/Labyrinth/Saved/Spider_Eye29531E8448C023555D897EA446FB5B60.tmp' to '../../../../../../Users/Eric/Documents/Unreal Projects/Labyrinth/Content/EnemyModels/Spider_Eye.uasset'
[2019.10.26-20.29.33:186][863]Cmd: OBJ SAVEPACKAGE PACKAGE="/Game/EnemyModels/Spider_Fur" FILE="../../../../../../Users/Eric/Documents/Unreal Projects/Labyrinth/Content/EnemyModels/Spider_Fur.uasset" SILENT=true
[2019.10.26-20.29.33:201][863]LogSavePackage: Moving '../../../../../../Users/Eric/Documents/Unreal Projects/Labyrinth/Saved/Spider_Fur8CFD0BA444C6F00F14CDB3AC4816B93B.tmp' to '../../../../../../Users/Eric/Documents/Unreal Projects/Labyrinth/Content/EnemyModels/Spider_Fur.uasset'
[2019.10.26-20.29.33:224][863]Cmd: OBJ SAVEPACKAGE PACKAGE="/Game/EnemyModels/Spider_Fur__SH3_png" FILE="../../../../../../Users/Eric/Documents/Unreal Projects/Labyrinth/Content/EnemyModels/Spider_Fur__SH3_png.uasset" SILENT=true
[2019.10.26-20.29.33:240][863]LogSavePackage: Moving '../../../../../../Users/Eric/Documents/Unreal Projects/Labyrinth/Saved/Spider_Fur__SH3_pngB244CC37485C8DD01C1648BA25DDD141.tmp' to '../../../../../../Users/Eric/Documents/Unreal Projects/Labyrinth/Content/EnemyModels/Spider_Fur__SH3_png.uasset'
[2019.10.26-20.29.33:262][863]Cmd: OBJ SAVEPACKAGE PACKAGE="/Game/EnemyModels/Spider_teeth" FILE="../../../../../../Users/Eric/Documents/Unreal Projects/Labyrinth/Content/EnemyModels/Spider_teeth.uasset" SILENT=true
[2019.10.26-20.29.33:278][863]LogSavePackage: Moving '../../../../../../Users/Eric/Documents/Unreal Projects/Labyrinth/Saved/Spider_teeth3991604A4D97E731A3539A853B72453F.tmp' to '../../../../../../Users/Eric/Documents/Unreal Projects/Labyrinth/Content/EnemyModels/Spider_teeth.uasset'
[2019.10.26-20.29.33:286][863]Cmd: OBJ SAVEPACKAGE PACKAGE="/Game/EnemyModels/Spinnen_Bein_tex" FILE="../../../../../../Users/Eric/Documents/Unreal Projects/Labyrinth/Content/EnemyModels/Spinnen_Bein_tex.uasset" SILENT=true
[2019.10.26-20.29.33:296][863]LogSavePackage: Moving '../../../../../../Users/Eric/Documents/Unreal Projects/Labyrinth/Saved/Spinnen_Bein_tex5DB7323C4ABD3DDA7C7FBAB3027DA414.tmp' to '../../../../../../Users/Eric/Documents/Unreal Projects/Labyrinth/Content/EnemyModels/Spinnen_Bein_tex.uasset'
[2019.10.26-20.29.34:608][863]LogUObjectHash: Compacting FUObjectHashTables data took   1.94ms
[2019.10.26-20.29.34:634][863]LogUObjectHash: Compacting FUObjectHashTables data took   0.89ms
[2019.10.26-20.29.34:663][863]LogUObjectHash: Compacting FUObjectHashTables data took   0.91ms
[2019.10.26-20.29.34:694][863]LogUObjectHash: Compacting FUObjectHashTables data took   0.96ms
[2019.10.26-20.29.34:721][863]LogUObjectHash: Compacting FUObjectHashTables data took   0.91ms
[2019.10.26-20.29.34:750][863]LogUObjectHash: Compacting FUObjectHashTables data took   0.93ms
[2019.10.26-20.29.34:780][863]LogUObjectHash: Compacting FUObjectHashTables data took   0.92ms
[2019.10.26-20.29.34:807][863]LogUObjectHash: Compacting FUObjectHashTables data took   0.92ms
[2019.10.26-20.29.34:836][863]LogUObjectHash: Compacting FUObjectHashTables data took   0.96ms
[2019.10.26-20.29.34:865][863]LogUObjectHash: Compacting FUObjectHashTables data took   0.93ms
[2019.10.26-20.29.34:896][863]LogUObjectHash: Compacting FUObjectHashTables data took   0.96ms
[2019.10.26-20.29.34:927][863]LogUObjectHash: Compacting FUObjectHashTables data took   2.59ms
[2019.10.26-20.29.34:954][863]LogUObjectHash: Compacting FUObjectHashTables data took   0.91ms
